{"meta": {"format": 3, "version": "7.9.2", "timestamp": "2025-07-24T11:47:34.703959", "branch_coverage": true, "show_contexts": false}, "files": {"src/flext_meltano/__init__.py": {"executed_lines": [1, 14, 17, 20, 26, 29, 33, 34, 35, 38, 39, 42, 43, 44, 45, 46, 56, 57, 58, 59, 60, 61, 62, 65, 66, 69, 86, 87, 91, 95, 98, 104, 105, 108, 109, 112, 115, 116, 119, 124, 125, 126, 127, 130, 133, 134, 135, 136, 139, 140, 141, 142, 145, 149, 164], "summary": {"covered_lines": 54, "num_statements": 55, "percent_covered": 98.18181818181819, "percent_covered_display": "98", "missing_lines": 1, "excluded_lines": 0, "num_branches": 0, "num_partial_branches": 0, "covered_branches": 0, "missing_branches": 0}, "missing_lines": [161], "excluded_lines": [], "executed_branches": [], "missing_branches": [], "functions": {"create_flext_meltano_platform": {"executed_lines": [], "summary": {"covered_lines": 0, "num_statements": 1, "percent_covered": 0.0, "percent_covered_display": "0", "missing_lines": 1, "excluded_lines": 0, "num_branches": 0, "num_partial_branches": 0, "covered_branches": 0, "missing_branches": 0}, "missing_lines": [161], "excluded_lines": [], "executed_branches": [], "missing_branches": []}, "": {"executed_lines": [1, 14, 17, 20, 26, 29, 33, 34, 35, 38, 39, 42, 43, 44, 45, 46, 56, 57, 58, 59, 60, 61, 62, 65, 66, 69, 86, 87, 91, 95, 98, 104, 105, 108, 109, 112, 115, 116, 119, 124, 125, 126, 127, 130, 133, 134, 135, 136, 139, 140, 141, 142, 145, 149, 164], "summary": {"covered_lines": 54, "num_statements": 54, "percent_covered": 100.0, "percent_covered_display": "100", "missing_lines": 0, "excluded_lines": 0, "num_branches": 0, "num_partial_branches": 0, "covered_branches": 0, "missing_branches": 0}, "missing_lines": [], "excluded_lines": [], "executed_branches": [], "missing_branches": []}}, "classes": {"": {"executed_lines": [1, 14, 17, 20, 26, 29, 33, 34, 35, 38, 39, 42, 43, 44, 45, 46, 56, 57, 58, 59, 60, 61, 62, 65, 66, 69, 86, 87, 91, 95, 98, 104, 105, 108, 109, 112, 115, 116, 119, 124, 125, 126, 127, 130, 133, 134, 135, 136, 139, 140, 141, 142, 145, 149, 164], "summary": {"covered_lines": 54, "num_statements": 55, "percent_covered": 98.18181818181819, "percent_covered_display": "98", "missing_lines": 1, "excluded_lines": 0, "num_branches": 0, "num_partial_branches": 0, "covered_branches": 0, "missing_branches": 0}, "missing_lines": [161], "excluded_lines": [], "executed_branches": [], "missing_branches": []}}}, "src/flext_meltano/anti_corruption_layer.py": {"executed_lines": [], "summary": {"covered_lines": 0, "num_statements": 62, "percent_covered": 0.0, "percent_covered_display": "0", "missing_lines": 62, "excluded_lines": 28, "num_branches": 10, "num_partial_branches": 0, "covered_branches": 0, "missing_branches": 10}, "missing_lines": [15, 17, 18, 19, 21, 27, 63, 66, 68, 70, 77, 79, 82, 88, 90, 91, 93, 94, 96, 104, 105, 106, 113, 114, 115, 116, 117, 119, 120, 122, 125, 127, 130, 138, 141, 148, 150, 152, 162, 164, 165, 167, 174, 176, 178, 185, 187, 188, 190, 195, 197, 212, 213, 215, 217, 218, 220, 225, 227, 239, 241, 242], "excluded_lines": [30, 31, 32, 33, 34, 35, 36, 37, 39, 40, 41, 42, 43, 44, 45, 46, 48, 49, 50, 51, 52, 53, 55, 56, 57, 58, 59, 60], "executed_branches": [], "missing_branches": [[88, 90], [88, 91], [105, 106], [105, 113], [113, 114], [113, 115], [115, 116], [115, 117], [212, 213], [212, 215]], "functions": {"FlextMeltanoAdapter.run_pipeline": {"executed_lines": [], "summary": {"covered_lines": 0, "num_statements": 0, "percent_covered": 100.0, "percent_covered_display": "100", "missing_lines": 0, "excluded_lines": 1, "num_branches": 0, "num_partial_branches": 0, "covered_branches": 0, "missing_branches": 0}, "missing_lines": [], "excluded_lines": [37], "executed_branches": [], "missing_branches": []}, "FlextMeltanoAdapter.install_plugin": {"executed_lines": [], "summary": {"covered_lines": 0, "num_statements": 0, "percent_covered": 100.0, "percent_covered_display": "100", "missing_lines": 0, "excluded_lines": 1, "num_branches": 0, "num_partial_branches": 0, "covered_branches": 0, "missing_branches": 0}, "missing_lines": [], "excluded_lines": [46], "executed_branches": [], "missing_branches": []}, "FlextMeltanoAdapter.list_plugins": {"executed_lines": [], "summary": {"covered_lines": 0, "num_statements": 0, "percent_covered": 100.0, "percent_covered_display": "100", "missing_lines": 0, "excluded_lines": 1, "num_branches": 0, "num_partial_branches": 0, "covered_branches": 0, "missing_branches": 0}, "missing_lines": [], "excluded_lines": [53], "executed_branches": [], "missing_branches": []}, "FlextMeltanoAdapter.get_plugin_config": {"executed_lines": [], "summary": {"covered_lines": 0, "num_statements": 0, "percent_covered": 100.0, "percent_covered_display": "100", "missing_lines": 0, "excluded_lines": 1, "num_branches": 0, "num_partial_branches": 0, "covered_branches": 0, "missing_branches": 0}, "missing_lines": [], "excluded_lines": [60], "executed_branches": [], "missing_branches": []}, "FlextMeltanoAntiCorruptionLayer.__init__": {"executed_lines": [], "summary": {"covered_lines": 0, "num_statements": 1, "percent_covered": 0.0, "percent_covered_display": "0", "missing_lines": 1, "excluded_lines": 0, "num_branches": 0, "num_partial_branches": 0, "covered_branches": 0, "missing_branches": 0}, "missing_lines": [68], "excluded_lines": [], "executed_branches": [], "missing_branches": []}, "FlextMeltanoAntiCorruptionLayer.execute_pipeline": {"executed_lines": [], "summary": {"covered_lines": 0, "num_statements": 8, "percent_covered": 0.0, "percent_covered_display": "0", "missing_lines": 8, "excluded_lines": 0, "num_branches": 2, "num_partial_branches": 0, "covered_branches": 0, "missing_branches": 2}, "missing_lines": [77, 79, 82, 88, 90, 91, 93, 94], "excluded_lines": [], "executed_branches": [], "missing_branches": [[88, 90], [88, 91]]}, "FlextMeltanoAntiCorruptionLayer.manage_plugin": {"executed_lines": [], "summary": {"covered_lines": 0, "num_statements": 10, "percent_covered": 0.0, "percent_covered_display": "0", "missing_lines": 10, "excluded_lines": 0, "num_branches": 6, "num_partial_branches": 0, "covered_branches": 0, "missing_branches": 6}, "missing_lines": [104, 105, 106, 113, 114, 115, 116, 117, 119, 120], "excluded_lines": [], "executed_branches": [], "missing_branches": [[105, 106], [105, 113], [113, 114], [113, 115], [115, 116], [115, 117]]}, "FlextMeltanoAntiCorruptionLayer._translate_config": {"executed_lines": [], "summary": {"covered_lines": 0, "num_statements": 1, "percent_covered": 0.0, "percent_covered_display": "0", "missing_lines": 1, "excluded_lines": 0, "num_branches": 0, "num_partial_branches": 0, "covered_branches": 0, "missing_branches": 0}, "missing_lines": [125], "excluded_lines": [], "executed_branches": [], "missing_branches": []}, "FlextMeltanoAntiCorruptionLayer._translate_result": {"executed_lines": [], "summary": {"covered_lines": 0, "num_statements": 1, "percent_covered": 0.0, "percent_covered_display": "0", "missing_lines": 1, "excluded_lines": 0, "num_branches": 0, "num_partial_branches": 0, "covered_branches": 0, "missing_branches": 0}, "missing_lines": [130], "excluded_lines": [], "executed_branches": [], "missing_branches": []}, "FlextMeltanoSimpleMeltanoAdapter.run_pipeline": {"executed_lines": [], "summary": {"covered_lines": 0, "num_statements": 6, "percent_covered": 0.0, "percent_covered_display": "0", "missing_lines": 6, "excluded_lines": 0, "num_branches": 0, "num_partial_branches": 0, "covered_branches": 0, "missing_branches": 0}, "missing_lines": [148, 150, 152, 162, 164, 165], "excluded_lines": [], "executed_branches": [], "missing_branches": []}, "FlextMeltanoSimpleMeltanoAdapter.install_plugin": {"executed_lines": [], "summary": {"covered_lines": 0, "num_statements": 6, "percent_covered": 0.0, "percent_covered_display": "0", "missing_lines": 6, "excluded_lines": 0, "num_branches": 0, "num_partial_branches": 0, "covered_branches": 0, "missing_branches": 0}, "missing_lines": [174, 176, 178, 185, 187, 188], "excluded_lines": [], "executed_branches": [], "missing_branches": []}, "FlextMeltanoSimpleMeltanoAdapter.list_plugins": {"executed_lines": [], "summary": {"covered_lines": 0, "num_statements": 7, "percent_covered": 0.0, "percent_covered_display": "0", "missing_lines": 7, "excluded_lines": 0, "num_branches": 2, "num_partial_branches": 0, "covered_branches": 0, "missing_branches": 2}, "missing_lines": [195, 197, 212, 213, 215, 217, 218], "excluded_lines": [], "executed_branches": [], "missing_branches": [[212, 213], [212, 215]]}, "FlextMeltanoSimpleMeltanoAdapter.get_plugin_config": {"executed_lines": [], "summary": {"covered_lines": 0, "num_statements": 5, "percent_covered": 0.0, "percent_covered_display": "0", "missing_lines": 5, "excluded_lines": 0, "num_branches": 0, "num_partial_branches": 0, "covered_branches": 0, "missing_branches": 0}, "missing_lines": [225, 227, 239, 241, 242], "excluded_lines": [], "executed_branches": [], "missing_branches": []}, "": {"executed_lines": [], "summary": {"covered_lines": 0, "num_statements": 17, "percent_covered": 0.0, "percent_covered_display": "0", "missing_lines": 17, "excluded_lines": 24, "num_branches": 0, "num_partial_branches": 0, "covered_branches": 0, "missing_branches": 0}, "missing_lines": [15, 17, 18, 19, 21, 27, 63, 66, 70, 96, 122, 127, 138, 141, 167, 190, 220], "excluded_lines": [30, 31, 32, 33, 34, 35, 36, 39, 40, 41, 42, 43, 44, 45, 48, 49, 50, 51, 52, 55, 56, 57, 58, 59], "executed_branches": [], "missing_branches": []}}, "classes": {"FlextMeltanoAdapter": {"executed_lines": [], "summary": {"covered_lines": 0, "num_statements": 0, "percent_covered": 100.0, "percent_covered_display": "100", "missing_lines": 0, "excluded_lines": 4, "num_branches": 0, "num_partial_branches": 0, "covered_branches": 0, "missing_branches": 0}, "missing_lines": [], "excluded_lines": [37, 46, 53, 60], "executed_branches": [], "missing_branches": []}, "FlextMeltanoAntiCorruptionLayer": {"executed_lines": [], "summary": {"covered_lines": 0, "num_statements": 21, "percent_covered": 0.0, "percent_covered_display": "0", "missing_lines": 21, "excluded_lines": 0, "num_branches": 8, "num_partial_branches": 0, "covered_branches": 0, "missing_branches": 8}, "missing_lines": [68, 77, 79, 82, 88, 90, 91, 93, 94, 104, 105, 106, 113, 114, 115, 116, 117, 119, 120, 125, 130], "excluded_lines": [], "executed_branches": [], "missing_branches": [[88, 90], [88, 91], [105, 106], [105, 113], [113, 114], [113, 115], [115, 116], [115, 117]]}, "FlextMeltanoSimpleMeltanoAdapter": {"executed_lines": [], "summary": {"covered_lines": 0, "num_statements": 24, "percent_covered": 0.0, "percent_covered_display": "0", "missing_lines": 24, "excluded_lines": 0, "num_branches": 2, "num_partial_branches": 0, "covered_branches": 0, "missing_branches": 2}, "missing_lines": [148, 150, 152, 162, 164, 165, 174, 176, 178, 185, 187, 188, 195, 197, 212, 213, 215, 217, 218, 225, 227, 239, 241, 242], "excluded_lines": [], "executed_branches": [], "missing_branches": [[212, 213], [212, 215]]}, "": {"executed_lines": [], "summary": {"covered_lines": 0, "num_statements": 17, "percent_covered": 0.0, "percent_covered_display": "0", "missing_lines": 17, "excluded_lines": 24, "num_branches": 0, "num_partial_branches": 0, "covered_branches": 0, "missing_branches": 0}, "missing_lines": [15, 17, 18, 19, 21, 27, 63, 66, 70, 96, 122, 127, 138, 141, 167, 190, 220], "excluded_lines": [30, 31, 32, 33, 34, 35, 36, 39, 40, 41, 42, 43, 44, 45, 48, 49, 50, 51, 52, 55, 56, 57, 58, 59], "executed_branches": [], "missing_branches": []}}}, "src/flext_meltano/application/__init__.py": {"executed_lines": [1, 7, 9, 17, 18, 19, 20, 21, 22, 24], "summary": {"covered_lines": 9, "num_statements": 9, "percent_covered": 100.0, "percent_covered_display": "100", "missing_lines": 0, "excluded_lines": 0, "num_branches": 0, "num_partial_branches": 0, "covered_branches": 0, "missing_branches": 0}, "missing_lines": [], "excluded_lines": [], "executed_branches": [], "missing_branches": [], "functions": {"": {"executed_lines": [1, 7, 9, 17, 18, 19, 20, 21, 22, 24], "summary": {"covered_lines": 9, "num_statements": 9, "percent_covered": 100.0, "percent_covered_display": "100", "missing_lines": 0, "excluded_lines": 0, "num_branches": 0, "num_partial_branches": 0, "covered_branches": 0, "missing_branches": 0}, "missing_lines": [], "excluded_lines": [], "executed_branches": [], "missing_branches": []}}, "classes": {"": {"executed_lines": [1, 7, 9, 17, 18, 19, 20, 21, 22, 24], "summary": {"covered_lines": 9, "num_statements": 9, "percent_covered": 100.0, "percent_covered_display": "100", "missing_lines": 0, "excluded_lines": 0, "num_branches": 0, "num_partial_branches": 0, "covered_branches": 0, "missing_branches": 0}, "missing_lines": [], "excluded_lines": [], "executed_branches": [], "missing_branches": []}}}, "src/flext_meltano/application/interfaces/__init__.py": {"executed_lines": [], "summary": {"covered_lines": 0, "num_statements": 4, "percent_covered": 0.0, "percent_covered_display": "0", "missing_lines": 4, "excluded_lines": 0, "num_branches": 0, "num_partial_branches": 0, "covered_branches": 0, "missing_branches": 0}, "missing_lines": [7, 12, 19, 26], "excluded_lines": [], "executed_branches": [], "missing_branches": [], "functions": {"": {"executed_lines": [], "summary": {"covered_lines": 0, "num_statements": 4, "percent_covered": 0.0, "percent_covered_display": "0", "missing_lines": 4, "excluded_lines": 0, "num_branches": 0, "num_partial_branches": 0, "covered_branches": 0, "missing_branches": 0}, "missing_lines": [7, 12, 19, 26], "excluded_lines": [], "executed_branches": [], "missing_branches": []}}, "classes": {"": {"executed_lines": [], "summary": {"covered_lines": 0, "num_statements": 4, "percent_covered": 0.0, "percent_covered_display": "0", "missing_lines": 4, "excluded_lines": 0, "num_branches": 0, "num_partial_branches": 0, "covered_branches": 0, "missing_branches": 0}, "missing_lines": [7, 12, 19, 26], "excluded_lines": [], "executed_branches": [], "missing_branches": []}}}, "src/flext_meltano/application/interfaces/external_services.py": {"executed_lines": [], "summary": {"covered_lines": 0, "num_statements": 9, "percent_covered": 0.0, "percent_covered_display": "0", "missing_lines": 9, "excluded_lines": 122, "num_branches": 0, "num_partial_branches": 0, "covered_branches": 0, "missing_branches": 0}, "missing_lines": [6, 8, 9, 11, 12, 104, 157, 158, 159], "excluded_lines": [17, 18, 19, 20, 21, 22, 23, 24, 25, 26, 27, 28, 29, 30, 31, 32, 33, 34, 35, 36, 37, 38, 39, 40, 41, 42, 43, 44, 45, 46, 47, 48, 49, 50, 51, 52, 53, 54, 55, 56, 59, 60, 61, 62, 63, 64, 65, 66, 67, 68, 71, 72, 73, 74, 75, 76, 77, 78, 79, 80, 81, 82, 83, 84, 85, 86, 87, 88, 89, 90, 91, 92, 93, 94, 95, 96, 97, 98, 99, 100, 101, 107, 108, 109, 111, 112, 113, 115, 116, 117, 119, 120, 121, 123, 124, 125, 128, 129, 130, 131, 132, 133, 134, 135, 136, 137, 138, 139, 140, 141, 142, 143, 144, 145, 146, 147, 148, 149, 150, 151, 152, 153], "executed_branches": [], "missing_branches": [], "functions": {"FlextMeltanoMeltanoCLIService.init_project": {"executed_lines": [], "summary": {"covered_lines": 0, "num_statements": 0, "percent_covered": 100.0, "percent_covered_display": "100", "missing_lines": 0, "excluded_lines": 1, "num_branches": 0, "num_partial_branches": 0, "covered_branches": 0, "missing_branches": 0}, "missing_lines": [], "excluded_lines": [22], "executed_branches": [], "missing_branches": []}, "FlextMeltanoMeltanoCLIService.install_plugin": {"executed_lines": [], "summary": {"covered_lines": 0, "num_statements": 0, "percent_covered": 100.0, "percent_covered_display": "100", "missing_lines": 0, "excluded_lines": 1, "num_branches": 0, "num_partial_branches": 0, "covered_branches": 0, "missing_branches": 0}, "missing_lines": [], "excluded_lines": [32], "executed_branches": [], "missing_branches": []}, "FlextMeltanoMeltanoCLIService.run_job": {"executed_lines": [], "summary": {"covered_lines": 0, "num_statements": 0, "percent_covered": 100.0, "percent_covered_display": "100", "missing_lines": 0, "excluded_lines": 1, "num_branches": 0, "num_partial_branches": 0, "covered_branches": 0, "missing_branches": 0}, "missing_lines": [], "excluded_lines": [41], "executed_branches": [], "missing_branches": []}, "FlextMeltanoMeltanoCLIService.discover_plugins": {"executed_lines": [], "summary": {"covered_lines": 0, "num_statements": 0, "percent_covered": 100.0, "percent_covered_display": "100", "missing_lines": 0, "excluded_lines": 1, "num_branches": 0, "num_partial_branches": 0, "covered_branches": 0, "missing_branches": 0}, "missing_lines": [], "excluded_lines": [48], "executed_branches": [], "missing_branches": []}, "FlextMeltanoMeltanoCLIService.get_plugin_config": {"executed_lines": [], "summary": {"covered_lines": 0, "num_statements": 0, "percent_covered": 100.0, "percent_covered_display": "100", "missing_lines": 0, "excluded_lines": 1, "num_branches": 0, "num_partial_branches": 0, "covered_branches": 0, "missing_branches": 0}, "missing_lines": [], "excluded_lines": [56], "executed_branches": [], "missing_branches": []}, "FlextMeltanoEventPublisher.publish": {"executed_lines": [], "summary": {"covered_lines": 0, "num_statements": 0, "percent_covered": 100.0, "percent_covered_display": "100", "missing_lines": 0, "excluded_lines": 1, "num_branches": 0, "num_partial_branches": 0, "covered_branches": 0, "missing_branches": 0}, "missing_lines": [], "excluded_lines": [64], "executed_branches": [], "missing_branches": []}, "FlextMeltanoEventPublisher.publish_batch": {"executed_lines": [], "summary": {"covered_lines": 0, "num_statements": 0, "percent_covered": 100.0, "percent_covered_display": "100", "missing_lines": 0, "excluded_lines": 1, "num_branches": 0, "num_partial_branches": 0, "covered_branches": 0, "missing_branches": 0}, "missing_lines": [], "excluded_lines": [68], "executed_branches": [], "missing_branches": []}, "FlextMeltanoNotificationService.send_job_started": {"executed_lines": [], "summary": {"covered_lines": 0, "num_statements": 0, "percent_covered": 100.0, "percent_covered_display": "100", "missing_lines": 0, "excluded_lines": 1, "num_branches": 0, "num_partial_branches": 0, "covered_branches": 0, "missing_branches": 0}, "missing_lines": [], "excluded_lines": [81], "executed_branches": [], "missing_branches": []}, "FlextMeltanoNotificationService.send_job_completed": {"executed_lines": [], "summary": {"covered_lines": 0, "num_statements": 0, "percent_covered": 100.0, "percent_covered_display": "100", "missing_lines": 0, "excluded_lines": 1, "num_branches": 0, "num_partial_branches": 0, "covered_branches": 0, "missing_branches": 0}, "missing_lines": [], "excluded_lines": [92], "executed_branches": [], "missing_branches": []}, "FlextMeltanoNotificationService.send_plugin_installed": {"executed_lines": [], "summary": {"covered_lines": 0, "num_statements": 0, "percent_covered": 100.0, "percent_covered_display": "100", "missing_lines": 0, "excluded_lines": 1, "num_branches": 0, "num_partial_branches": 0, "covered_branches": 0, "missing_branches": 0}, "missing_lines": [], "excluded_lines": [101], "executed_branches": [], "missing_branches": []}, "FlextMeltanoFileSystemService.create_directory": {"executed_lines": [], "summary": {"covered_lines": 0, "num_statements": 0, "percent_covered": 100.0, "percent_covered_display": "100", "missing_lines": 0, "excluded_lines": 1, "num_branches": 0, "num_partial_branches": 0, "covered_branches": 0, "missing_branches": 0}, "missing_lines": [], "excluded_lines": [109], "executed_branches": [], "missing_branches": []}, "FlextMeltanoFileSystemService.write_file": {"executed_lines": [], "summary": {"covered_lines": 0, "num_statements": 0, "percent_covered": 100.0, "percent_covered_display": "100", "missing_lines": 0, "excluded_lines": 1, "num_branches": 0, "num_partial_branches": 0, "covered_branches": 0, "missing_branches": 0}, "missing_lines": [], "excluded_lines": [113], "executed_branches": [], "missing_branches": []}, "FlextMeltanoFileSystemService.read_file": {"executed_lines": [], "summary": {"covered_lines": 0, "num_statements": 0, "percent_covered": 100.0, "percent_covered_display": "100", "missing_lines": 0, "excluded_lines": 1, "num_branches": 0, "num_partial_branches": 0, "covered_branches": 0, "missing_branches": 0}, "missing_lines": [], "excluded_lines": [117], "executed_branches": [], "missing_branches": []}, "FlextMeltanoFileSystemService.file_exists": {"executed_lines": [], "summary": {"covered_lines": 0, "num_statements": 0, "percent_covered": 100.0, "percent_covered_display": "100", "missing_lines": 0, "excluded_lines": 1, "num_branches": 0, "num_partial_branches": 0, "covered_branches": 0, "missing_branches": 0}, "missing_lines": [], "excluded_lines": [121], "executed_branches": [], "missing_branches": []}, "FlextMeltanoFileSystemService.directory_exists": {"executed_lines": [], "summary": {"covered_lines": 0, "num_statements": 0, "percent_covered": 100.0, "percent_covered_display": "100", "missing_lines": 0, "excluded_lines": 1, "num_branches": 0, "num_partial_branches": 0, "covered_branches": 0, "missing_branches": 0}, "missing_lines": [], "excluded_lines": [125], "executed_branches": [], "missing_branches": []}, "FlextMeltanoConfigurationService.load_meltano_config": {"executed_lines": [], "summary": {"covered_lines": 0, "num_statements": 0, "percent_covered": 100.0, "percent_covered_display": "100", "missing_lines": 0, "excluded_lines": 1, "num_branches": 0, "num_partial_branches": 0, "covered_branches": 0, "missing_branches": 0}, "missing_lines": [], "excluded_lines": [133], "executed_branches": [], "missing_branches": []}, "FlextMeltanoConfigurationService.save_meltano_config": {"executed_lines": [], "summary": {"covered_lines": 0, "num_statements": 0, "percent_covered": 100.0, "percent_covered_display": "100", "missing_lines": 0, "excluded_lines": 1, "num_branches": 0, "num_partial_branches": 0, "covered_branches": 0, "missing_branches": 0}, "missing_lines": [], "excluded_lines": [141], "executed_branches": [], "missing_branches": []}, "FlextMeltanoConfigurationService.validate_config": {"executed_lines": [], "summary": {"covered_lines": 0, "num_statements": 0, "percent_covered": 100.0, "percent_covered_display": "100", "missing_lines": 0, "excluded_lines": 1, "num_branches": 0, "num_partial_branches": 0, "covered_branches": 0, "missing_branches": 0}, "missing_lines": [], "excluded_lines": [145], "executed_branches": [], "missing_branches": []}, "FlextMeltanoConfigurationService.merge_config": {"executed_lines": [], "summary": {"covered_lines": 0, "num_statements": 0, "percent_covered": 100.0, "percent_covered_display": "100", "missing_lines": 0, "excluded_lines": 1, "num_branches": 0, "num_partial_branches": 0, "covered_branches": 0, "missing_branches": 0}, "missing_lines": [], "excluded_lines": [153], "executed_branches": [], "missing_branches": []}, "": {"executed_lines": [], "summary": {"covered_lines": 0, "num_statements": 9, "percent_covered": 0.0, "percent_covered_display": "0", "missing_lines": 9, "excluded_lines": 103, "num_branches": 0, "num_partial_branches": 0, "covered_branches": 0, "missing_branches": 0}, "missing_lines": [6, 8, 9, 11, 12, 104, 157, 158, 159], "excluded_lines": [17, 18, 19, 20, 21, 23, 24, 25, 26, 27, 28, 29, 30, 31, 33, 34, 35, 36, 37, 38, 39, 40, 42, 43, 44, 45, 46, 47, 49, 50, 51, 52, 53, 54, 55, 59, 60, 61, 62, 63, 65, 66, 67, 71, 72, 73, 74, 75, 76, 77, 78, 79, 80, 82, 83, 84, 85, 86, 87, 88, 89, 90, 91, 93, 94, 95, 96, 97, 98, 99, 100, 107, 108, 111, 112, 115, 116, 119, 120, 123, 124, 128, 129, 130, 131, 132, 134, 135, 136, 137, 138, 139, 140, 142, 143, 144, 146, 147, 148, 149, 150, 151, 152], "executed_branches": [], "missing_branches": []}}, "classes": {"FlextMeltanoMeltanoCLIService": {"executed_lines": [], "summary": {"covered_lines": 0, "num_statements": 0, "percent_covered": 100.0, "percent_covered_display": "100", "missing_lines": 0, "excluded_lines": 5, "num_branches": 0, "num_partial_branches": 0, "covered_branches": 0, "missing_branches": 0}, "missing_lines": [], "excluded_lines": [22, 32, 41, 48, 56], "executed_branches": [], "missing_branches": []}, "FlextMeltanoEventPublisher": {"executed_lines": [], "summary": {"covered_lines": 0, "num_statements": 0, "percent_covered": 100.0, "percent_covered_display": "100", "missing_lines": 0, "excluded_lines": 2, "num_branches": 0, "num_partial_branches": 0, "covered_branches": 0, "missing_branches": 0}, "missing_lines": [], "excluded_lines": [64, 68], "executed_branches": [], "missing_branches": []}, "FlextMeltanoNotificationService": {"executed_lines": [], "summary": {"covered_lines": 0, "num_statements": 0, "percent_covered": 100.0, "percent_covered_display": "100", "missing_lines": 0, "excluded_lines": 3, "num_branches": 0, "num_partial_branches": 0, "covered_branches": 0, "missing_branches": 0}, "missing_lines": [], "excluded_lines": [81, 92, 101], "executed_branches": [], "missing_branches": []}, "FlextMeltanoFileSystemService": {"executed_lines": [], "summary": {"covered_lines": 0, "num_statements": 0, "percent_covered": 100.0, "percent_covered_display": "100", "missing_lines": 0, "excluded_lines": 5, "num_branches": 0, "num_partial_branches": 0, "covered_branches": 0, "missing_branches": 0}, "missing_lines": [], "excluded_lines": [109, 113, 117, 121, 125], "executed_branches": [], "missing_branches": []}, "FlextMeltanoConfigurationService": {"executed_lines": [], "summary": {"covered_lines": 0, "num_statements": 0, "percent_covered": 100.0, "percent_covered_display": "100", "missing_lines": 0, "excluded_lines": 4, "num_branches": 0, "num_partial_branches": 0, "covered_branches": 0, "missing_branches": 0}, "missing_lines": [], "excluded_lines": [133, 141, 145, 153], "executed_branches": [], "missing_branches": []}, "": {"executed_lines": [], "summary": {"covered_lines": 0, "num_statements": 9, "percent_covered": 0.0, "percent_covered_display": "0", "missing_lines": 9, "excluded_lines": 103, "num_branches": 0, "num_partial_branches": 0, "covered_branches": 0, "missing_branches": 0}, "missing_lines": [6, 8, 9, 11, 12, 104, 157, 158, 159], "excluded_lines": [17, 18, 19, 20, 21, 23, 24, 25, 26, 27, 28, 29, 30, 31, 33, 34, 35, 36, 37, 38, 39, 40, 42, 43, 44, 45, 46, 47, 49, 50, 51, 52, 53, 54, 55, 59, 60, 61, 62, 63, 65, 66, 67, 71, 72, 73, 74, 75, 76, 77, 78, 79, 80, 82, 83, 84, 85, 86, 87, 88, 89, 90, 91, 93, 94, 95, 96, 97, 98, 99, 100, 107, 108, 111, 112, 115, 116, 119, 120, 123, 124, 128, 129, 130, 131, 132, 134, 135, 136, 137, 138, 139, 140, 142, 143, 144, 146, 147, 148, 149, 150, 151, 152], "executed_branches": [], "missing_branches": []}}}, "src/flext_meltano/application/interfaces/repositories.py": {"executed_lines": [], "summary": {"covered_lines": 0, "num_statements": 11, "percent_covered": 0.0, "percent_covered_display": "0", "missing_lines": 11, "excluded_lines": 83, "num_branches": 0, "num_partial_branches": 0, "covered_branches": 0, "missing_branches": 0}, "missing_lines": [7, 9, 10, 14, 16, 18, 120, 121, 122, 123, 126], "excluded_lines": [28, 29, 30, 31, 32, 33, 34, 35, 36, 37, 38, 39, 40, 41, 42, 43, 44, 45, 46, 47, 48, 49, 52, 53, 54, 55, 56, 57, 58, 59, 60, 61, 62, 63, 64, 65, 66, 67, 68, 71, 72, 73, 74, 75, 76, 77, 78, 79, 80, 81, 82, 83, 84, 85, 86, 87, 88, 89, 90, 91, 92, 95, 96, 97, 98, 99, 100, 101, 102, 103, 104, 105, 106, 107, 108, 109, 110, 111, 112, 113, 114, 115, 116], "executed_branches": [], "missing_branches": [], "functions": {"FlextMeltanoProjectRepository.find_by_name": {"executed_lines": [], "summary": {"covered_lines": 0, "num_statements": 0, "percent_covered": 100.0, "percent_covered_display": "100", "missing_lines": 0, "excluded_lines": 2, "num_branches": 0, "num_partial_branches": 0, "covered_branches": 0, "missing_branches": 0}, "missing_lines": [], "excluded_lines": [33, 34], "executed_branches": [], "missing_branches": []}, "FlextMeltanoProjectRepository.save": {"executed_lines": [], "summary": {"covered_lines": 0, "num_statements": 0, "percent_covered": 100.0, "percent_covered_display": "100", "missing_lines": 0, "excluded_lines": 2, "num_branches": 0, "num_partial_branches": 0, "covered_branches": 0, "missing_branches": 0}, "missing_lines": [], "excluded_lines": [38, 39], "executed_branches": [], "missing_branches": []}, "FlextMeltanoProjectRepository.delete": {"executed_lines": [], "summary": {"covered_lines": 0, "num_statements": 0, "percent_covered": 100.0, "percent_covered_display": "100", "missing_lines": 0, "excluded_lines": 2, "num_branches": 0, "num_partial_branches": 0, "covered_branches": 0, "missing_branches": 0}, "missing_lines": [], "excluded_lines": [43, 44], "executed_branches": [], "missing_branches": []}, "FlextMeltanoProjectRepository.list_projects": {"executed_lines": [], "summary": {"covered_lines": 0, "num_statements": 0, "percent_covered": 100.0, "percent_covered_display": "100", "missing_lines": 0, "excluded_lines": 2, "num_branches": 0, "num_partial_branches": 0, "covered_branches": 0, "missing_branches": 0}, "missing_lines": [], "excluded_lines": [48, 49], "executed_branches": [], "missing_branches": []}, "FlextMeltanoStateRepository.find_by_job_id": {"executed_lines": [], "summary": {"covered_lines": 0, "num_statements": 0, "percent_covered": 100.0, "percent_covered_display": "100", "missing_lines": 0, "excluded_lines": 2, "num_branches": 0, "num_partial_branches": 0, "covered_branches": 0, "missing_branches": 0}, "missing_lines": [], "excluded_lines": [57, 58], "executed_branches": [], "missing_branches": []}, "FlextMeltanoStateRepository.save": {"executed_lines": [], "summary": {"covered_lines": 0, "num_statements": 0, "percent_covered": 100.0, "percent_covered_display": "100", "missing_lines": 0, "excluded_lines": 2, "num_branches": 0, "num_partial_branches": 0, "covered_branches": 0, "missing_branches": 0}, "missing_lines": [], "excluded_lines": [62, 63], "executed_branches": [], "missing_branches": []}, "FlextMeltanoStateRepository.delete": {"executed_lines": [], "summary": {"covered_lines": 0, "num_statements": 0, "percent_covered": 100.0, "percent_covered_display": "100", "missing_lines": 0, "excluded_lines": 2, "num_branches": 0, "num_partial_branches": 0, "covered_branches": 0, "missing_branches": 0}, "missing_lines": [], "excluded_lines": [67, 68], "executed_branches": [], "missing_branches": []}, "FlextMeltanoJobRepository.find_by_id": {"executed_lines": [], "summary": {"covered_lines": 0, "num_statements": 0, "percent_covered": 100.0, "percent_covered_display": "100", "missing_lines": 0, "excluded_lines": 2, "num_branches": 0, "num_partial_branches": 0, "covered_branches": 0, "missing_branches": 0}, "missing_lines": [], "excluded_lines": [76, 77], "executed_branches": [], "missing_branches": []}, "FlextMeltanoJobRepository.save": {"executed_lines": [], "summary": {"covered_lines": 0, "num_statements": 0, "percent_covered": 100.0, "percent_covered_display": "100", "missing_lines": 0, "excluded_lines": 2, "num_branches": 0, "num_partial_branches": 0, "covered_branches": 0, "missing_branches": 0}, "missing_lines": [], "excluded_lines": [81, 82], "executed_branches": [], "missing_branches": []}, "FlextMeltanoJobRepository.delete": {"executed_lines": [], "summary": {"covered_lines": 0, "num_statements": 0, "percent_covered": 100.0, "percent_covered_display": "100", "missing_lines": 0, "excluded_lines": 2, "num_branches": 0, "num_partial_branches": 0, "covered_branches": 0, "missing_branches": 0}, "missing_lines": [], "excluded_lines": [86, 87], "executed_branches": [], "missing_branches": []}, "FlextMeltanoJobRepository.list_jobs": {"executed_lines": [], "summary": {"covered_lines": 0, "num_statements": 0, "percent_covered": 100.0, "percent_covered_display": "100", "missing_lines": 0, "excluded_lines": 2, "num_branches": 0, "num_partial_branches": 0, "covered_branches": 0, "missing_branches": 0}, "missing_lines": [], "excluded_lines": [91, 92], "executed_branches": [], "missing_branches": []}, "FlextMeltanoPluginRepository.find_by_name": {"executed_lines": [], "summary": {"covered_lines": 0, "num_statements": 0, "percent_covered": 100.0, "percent_covered_display": "100", "missing_lines": 0, "excluded_lines": 2, "num_branches": 0, "num_partial_branches": 0, "covered_branches": 0, "missing_branches": 0}, "missing_lines": [], "excluded_lines": [100, 101], "executed_branches": [], "missing_branches": []}, "FlextMeltanoPluginRepository.save": {"executed_lines": [], "summary": {"covered_lines": 0, "num_statements": 0, "percent_covered": 100.0, "percent_covered_display": "100", "missing_lines": 0, "excluded_lines": 2, "num_branches": 0, "num_partial_branches": 0, "covered_branches": 0, "missing_branches": 0}, "missing_lines": [], "excluded_lines": [105, 106], "executed_branches": [], "missing_branches": []}, "FlextMeltanoPluginRepository.delete": {"executed_lines": [], "summary": {"covered_lines": 0, "num_statements": 0, "percent_covered": 100.0, "percent_covered_display": "100", "missing_lines": 0, "excluded_lines": 2, "num_branches": 0, "num_partial_branches": 0, "covered_branches": 0, "missing_branches": 0}, "missing_lines": [], "excluded_lines": [110, 111], "executed_branches": [], "missing_branches": []}, "FlextMeltanoPluginRepository.list_plugins": {"executed_lines": [], "summary": {"covered_lines": 0, "num_statements": 0, "percent_covered": 100.0, "percent_covered_display": "100", "missing_lines": 0, "excluded_lines": 2, "num_branches": 0, "num_partial_branches": 0, "covered_branches": 0, "missing_branches": 0}, "missing_lines": [], "excluded_lines": [115, 116], "executed_branches": [], "missing_branches": []}, "": {"executed_lines": [], "summary": {"covered_lines": 0, "num_statements": 11, "percent_covered": 0.0, "percent_covered_display": "0", "missing_lines": 11, "excluded_lines": 53, "num_branches": 0, "num_partial_branches": 0, "covered_branches": 0, "missing_branches": 0}, "missing_lines": [7, 9, 10, 14, 16, 18, 120, 121, 122, 123, 126], "excluded_lines": [28, 29, 30, 31, 32, 35, 36, 37, 40, 41, 42, 45, 46, 47, 52, 53, 54, 55, 56, 59, 60, 61, 64, 65, 66, 71, 72, 73, 74, 75, 78, 79, 80, 83, 84, 85, 88, 89, 90, 95, 96, 97, 98, 99, 102, 103, 104, 107, 108, 109, 112, 113, 114], "executed_branches": [], "missing_branches": []}}, "classes": {"FlextMeltanoProjectRepository": {"executed_lines": [], "summary": {"covered_lines": 0, "num_statements": 0, "percent_covered": 100.0, "percent_covered_display": "100", "missing_lines": 0, "excluded_lines": 8, "num_branches": 0, "num_partial_branches": 0, "covered_branches": 0, "missing_branches": 0}, "missing_lines": [], "excluded_lines": [33, 34, 38, 39, 43, 44, 48, 49], "executed_branches": [], "missing_branches": []}, "FlextMeltanoStateRepository": {"executed_lines": [], "summary": {"covered_lines": 0, "num_statements": 0, "percent_covered": 100.0, "percent_covered_display": "100", "missing_lines": 0, "excluded_lines": 6, "num_branches": 0, "num_partial_branches": 0, "covered_branches": 0, "missing_branches": 0}, "missing_lines": [], "excluded_lines": [57, 58, 62, 63, 67, 68], "executed_branches": [], "missing_branches": []}, "FlextMeltanoJobRepository": {"executed_lines": [], "summary": {"covered_lines": 0, "num_statements": 0, "percent_covered": 100.0, "percent_covered_display": "100", "missing_lines": 0, "excluded_lines": 8, "num_branches": 0, "num_partial_branches": 0, "covered_branches": 0, "missing_branches": 0}, "missing_lines": [], "excluded_lines": [76, 77, 81, 82, 86, 87, 91, 92], "executed_branches": [], "missing_branches": []}, "FlextMeltanoPluginRepository": {"executed_lines": [], "summary": {"covered_lines": 0, "num_statements": 0, "percent_covered": 100.0, "percent_covered_display": "100", "missing_lines": 0, "excluded_lines": 8, "num_branches": 0, "num_partial_branches": 0, "covered_branches": 0, "missing_branches": 0}, "missing_lines": [], "excluded_lines": [100, 101, 105, 106, 110, 111, 115, 116], "executed_branches": [], "missing_branches": []}, "": {"executed_lines": [], "summary": {"covered_lines": 0, "num_statements": 11, "percent_covered": 0.0, "percent_covered_display": "0", "missing_lines": 11, "excluded_lines": 53, "num_branches": 0, "num_partial_branches": 0, "covered_branches": 0, "missing_branches": 0}, "missing_lines": [7, 9, 10, 14, 16, 18, 120, 121, 122, 123, 126], "excluded_lines": [28, 29, 30, 31, 32, 35, 36, 37, 40, 41, 42, 45, 46, 47, 52, 53, 54, 55, 56, 59, 60, 61, 64, 65, 66, 71, 72, 73, 74, 75, 78, 79, 80, 83, 84, 85, 88, 89, 90, 95, 96, 97, 98, 99, 102, 103, 104, 107, 108, 109, 112, 113, 114], "executed_branches": [], "missing_branches": []}}}, "src/flext_meltano/application/services.py": {"executed_lines": [1, 8, 10, 12, 15, 18, 29, 30, 31, 33, 35, 37, 48, 50, 56, 59, 61, 74, 75, 77, 82, 83, 85, 86, 88, 90, 91, 93, 94, 96, 102, 103, 104, 107, 108, 109, 113, 114, 115, 117, 119, 120, 124, 125, 128, 129, 130, 132, 134, 136, 147, 149, 155, 156, 158, 160, 162, 164, 167, 180, 181, 183, 185, 186, 188, 189, 191, 196, 197, 203, 204, 206, 212, 213, 214, 217, 220, 221, 223, 225, 226, 227, 230, 231, 232, 233, 234, 237, 238, 239, 241, 243, 245, 256, 257, 263, 264, 266, 268, 271, 282, 285, 286, 287, 288, 290, 291, 292, 293, 295, 297, 298, 299, 302, 303, 304, 305, 307, 315, 316, 317, 320, 321, 322, 323, 325, 327, 328, 329, 332, 333, 334, 335, 337, 339, 340, 342, 343, 345, 347, 348, 350, 351, 354, 355, 356, 358, 360, 362, 372, 373, 379, 380, 382, 384, 387, 399, 400, 402, 408, 409, 410, 413, 414, 415, 416, 418, 424, 425, 426, 429, 430, 431, 432, 434, 436, 437, 439, 440, 442, 444, 445, 451, 452, 454, 456, 457, 461, 462, 466, 474, 477, 487, 489, 490, 493, 494, 496, 497, 500, 501, 502, 503, 507, 508, 510, 511, 514, 515, 517, 518, 519], "summary": {"covered_lines": 207, "num_statements": 256, "percent_covered": 75.61728395061728, "percent_covered_display": "76", "missing_lines": 49, "excluded_lines": 0, "num_branches": 68, "num_partial_branches": 30, "covered_branches": 38, "missing_branches": 30}, "missing_lines": [19, 21, 57, 72, 73, 84, 92, 105, 121, 122, 123, 157, 159, 161, 163, 165, 177, 178, 179, 187, 202, 215, 219, 228, 265, 267, 269, 300, 318, 330, 341, 349, 381, 383, 385, 397, 398, 411, 427, 438, 450, 458, 459, 460, 479, 495, 504, 509, 516], "excluded_lines": [], "executed_branches": [[18, 29], [56, 59], [104, 107], [107, 108], [107, 113], [108, 107], [108, 109], [156, 158], [158, 160], [160, 162], [162, 164], [164, 167], [214, 217], [227, 230], [264, 266], [266, 268], [268, 271], [285, 286], [285, 287], [287, 288], [299, 302], [317, 320], [329, 332], [380, 382], [382, 384], [384, 387], [410, 413], [426, 429], [494, 496], [496, 497], [496, 500], [501, 502], [501, 503], [503, 507], [508, 510], [510, 511], [510, 514], [515, 517]], "missing_branches": [[18, 19], [56, 57], [104, 105], [120, 121], [120, 123], [156, 157], [158, 159], [160, 161], [162, 163], [164, 165], [214, 215], [227, 228], [264, 265], [266, 267], [268, 269], [287, 290], [299, 300], [317, 318], [329, 330], [380, 381], [382, 383], [384, 385], [410, 411], [426, 427], [457, 458], [457, 460], [494, 495], [503, 504], [508, 509], [515, 516]], "functions": {"FlextMeltanoProjectService.__init__": {"executed_lines": [35], "summary": {"covered_lines": 1, "num_statements": 1, "percent_covered": 100.0, "percent_covered_display": "100", "missing_lines": 0, "excluded_lines": 0, "num_branches": 0, "num_partial_branches": 0, "covered_branches": 0, "missing_branches": 0}, "missing_lines": [], "excluded_lines": [], "executed_branches": [], "missing_branches": []}, "FlextMeltanoProjectService.create_project": {"executed_lines": [48, 50, 56, 59, 61, 74, 75], "summary": {"covered_lines": 7, "num_statements": 10, "percent_covered": 66.66666666666667, "percent_covered_display": "67", "missing_lines": 3, "excluded_lines": 0, "num_branches": 2, "num_partial_branches": 1, "covered_branches": 1, "missing_branches": 1}, "missing_lines": [57, 72, 73], "excluded_lines": [], "executed_branches": [[56, 59]], "missing_branches": [[56, 57]]}, "FlextMeltanoProjectService.get_project": {"executed_lines": [82, 83, 85, 86], "summary": {"covered_lines": 4, "num_statements": 5, "percent_covered": 80.0, "percent_covered_display": "80", "missing_lines": 1, "excluded_lines": 0, "num_branches": 0, "num_partial_branches": 0, "covered_branches": 0, "missing_branches": 0}, "missing_lines": [84], "excluded_lines": [], "executed_branches": [], "missing_branches": []}, "FlextMeltanoProjectService.list_projects": {"executed_lines": [90, 91, 93, 94], "summary": {"covered_lines": 4, "num_statements": 5, "percent_covered": 80.0, "percent_covered_display": "80", "missing_lines": 1, "excluded_lines": 0, "num_branches": 0, "num_partial_branches": 0, "covered_branches": 0, "missing_branches": 0}, "missing_lines": [92], "excluded_lines": [], "executed_branches": [], "missing_branches": []}, "FlextMeltanoProjectService.update_project": {"executed_lines": [102, 103, 104, 107, 108, 109, 113, 114, 115], "summary": {"covered_lines": 9, "num_statements": 10, "percent_covered": 87.5, "percent_covered_display": "88", "missing_lines": 1, "excluded_lines": 0, "num_branches": 6, "num_partial_branches": 1, "covered_branches": 5, "missing_branches": 1}, "missing_lines": [105], "excluded_lines": [], "executed_branches": [[104, 107], [107, 108], [107, 113], [108, 107], [108, 109]], "missing_branches": [[104, 105]]}, "FlextMeltanoProjectService.delete_project": {"executed_lines": [119, 120, 124, 125], "summary": {"covered_lines": 4, "num_statements": 7, "percent_covered": 44.44444444444444, "percent_covered_display": "44", "missing_lines": 3, "excluded_lines": 0, "num_branches": 2, "num_partial_branches": 2, "covered_branches": 0, "missing_branches": 2}, "missing_lines": [121, 122, 123], "excluded_lines": [], "executed_branches": [], "missing_branches": [[120, 121], [120, 123]]}, "FlextMeltanoPluginService.__init__": {"executed_lines": [134], "summary": {"covered_lines": 1, "num_statements": 1, "percent_covered": 100.0, "percent_covered_display": "100", "missing_lines": 0, "excluded_lines": 0, "num_branches": 0, "num_partial_branches": 0, "covered_branches": 0, "missing_branches": 0}, "missing_lines": [], "excluded_lines": [], "executed_branches": [], "missing_branches": []}, "FlextMeltanoPluginService.install_plugin": {"executed_lines": [147, 149, 155, 156, 158, 160, 162, 164, 167, 180, 181], "summary": {"covered_lines": 11, "num_statements": 19, "percent_covered": 55.172413793103445, "percent_covered_display": "55", "missing_lines": 8, "excluded_lines": 0, "num_branches": 10, "num_partial_branches": 5, "covered_branches": 5, "missing_branches": 5}, "missing_lines": [157, 159, 161, 163, 165, 177, 178, 179], "excluded_lines": [], "executed_branches": [[156, 158], [158, 160], [160, 162], [162, 164], [164, 167]], "missing_branches": [[156, 157], [158, 159], [160, 161], [162, 163], [164, 165]]}, "FlextMeltanoPluginService.get_plugin": {"executed_lines": [185, 186, 188, 189], "summary": {"covered_lines": 4, "num_statements": 5, "percent_covered": 80.0, "percent_covered_display": "80", "missing_lines": 1, "excluded_lines": 0, "num_branches": 0, "num_partial_branches": 0, "covered_branches": 0, "missing_branches": 0}, "missing_lines": [187], "excluded_lines": [], "executed_branches": [], "missing_branches": []}, "FlextMeltanoPluginService.list_plugins": {"executed_lines": [196, 197, 203, 204], "summary": {"covered_lines": 4, "num_statements": 5, "percent_covered": 80.0, "percent_covered_display": "80", "missing_lines": 1, "excluded_lines": 0, "num_branches": 0, "num_partial_branches": 0, "covered_branches": 0, "missing_branches": 0}, "missing_lines": [202], "excluded_lines": [], "executed_branches": [], "missing_branches": []}, "FlextMeltanoPluginService.configure_plugin": {"executed_lines": [212, 213, 214, 217, 220, 221], "summary": {"covered_lines": 6, "num_statements": 8, "percent_covered": 70.0, "percent_covered_display": "70", "missing_lines": 2, "excluded_lines": 0, "num_branches": 2, "num_partial_branches": 1, "covered_branches": 1, "missing_branches": 1}, "missing_lines": [215, 219], "excluded_lines": [], "executed_branches": [[214, 217]], "missing_branches": [[214, 215]]}, "FlextMeltanoPluginService.uninstall_plugin": {"executed_lines": [225, 226, 227, 230, 231, 232, 233, 234], "summary": {"covered_lines": 8, "num_statements": 9, "percent_covered": 81.81818181818181, "percent_covered_display": "82", "missing_lines": 1, "excluded_lines": 0, "num_branches": 2, "num_partial_branches": 1, "covered_branches": 1, "missing_branches": 1}, "missing_lines": [228], "excluded_lines": [], "executed_branches": [[227, 230]], "missing_branches": [[227, 228]]}, "FlextMeltanoJobService.__init__": {"executed_lines": [243], "summary": {"covered_lines": 1, "num_statements": 1, "percent_covered": 100.0, "percent_covered_display": "100", "missing_lines": 0, "excluded_lines": 0, "num_branches": 0, "num_partial_branches": 0, "covered_branches": 0, "missing_branches": 0}, "missing_lines": [], "excluded_lines": [], "executed_branches": [], "missing_branches": []}, "FlextMeltanoJobService.create_job": {"executed_lines": [256, 257, 263, 264, 266, 268, 271, 282, 285, 286, 287, 288, 290, 291, 292, 293], "summary": {"covered_lines": 16, "num_statements": 19, "percent_covered": 75.86206896551724, "percent_covered_display": "76", "missing_lines": 3, "excluded_lines": 0, "num_branches": 10, "num_partial_branches": 4, "covered_branches": 6, "missing_branches": 4}, "missing_lines": [265, 267, 269], "excluded_lines": [], "executed_branches": [[264, 266], [266, 268], [268, 271], [285, 286], [285, 287], [287, 288]], "missing_branches": [[264, 265], [266, 267], [268, 269], [287, 290]]}, "FlextMeltanoJobService.start_job": {"executed_lines": [297, 298, 299, 302, 303, 304, 305], "summary": {"covered_lines": 7, "num_statements": 8, "percent_covered": 80.0, "percent_covered_display": "80", "missing_lines": 1, "excluded_lines": 0, "num_branches": 2, "num_partial_branches": 1, "covered_branches": 1, "missing_branches": 1}, "missing_lines": [300], "excluded_lines": [], "executed_branches": [[299, 302]], "missing_branches": [[299, 300]]}, "FlextMeltanoJobService.complete_job": {"executed_lines": [315, 316, 317, 320, 321, 322, 323], "summary": {"covered_lines": 7, "num_statements": 8, "percent_covered": 80.0, "percent_covered_display": "80", "missing_lines": 1, "excluded_lines": 0, "num_branches": 2, "num_partial_branches": 1, "covered_branches": 1, "missing_branches": 1}, "missing_lines": [318], "excluded_lines": [], "executed_branches": [[317, 320]], "missing_branches": [[317, 318]]}, "FlextMeltanoJobService.cancel_job": {"executed_lines": [327, 328, 329, 332, 333, 334, 335], "summary": {"covered_lines": 7, "num_statements": 8, "percent_covered": 80.0, "percent_covered_display": "80", "missing_lines": 1, "excluded_lines": 0, "num_branches": 2, "num_partial_branches": 1, "covered_branches": 1, "missing_branches": 1}, "missing_lines": [330], "excluded_lines": [], "executed_branches": [[329, 332]], "missing_branches": [[329, 330]]}, "FlextMeltanoJobService.get_job": {"executed_lines": [339, 340, 342, 343], "summary": {"covered_lines": 4, "num_statements": 5, "percent_covered": 80.0, "percent_covered_display": "80", "missing_lines": 1, "excluded_lines": 0, "num_branches": 0, "num_partial_branches": 0, "covered_branches": 0, "missing_branches": 0}, "missing_lines": [341], "excluded_lines": [], "executed_branches": [], "missing_branches": []}, "FlextMeltanoJobService.list_jobs": {"executed_lines": [347, 348, 350, 351], "summary": {"covered_lines": 4, "num_statements": 5, "percent_covered": 80.0, "percent_covered_display": "80", "missing_lines": 1, "excluded_lines": 0, "num_branches": 0, "num_partial_branches": 0, "covered_branches": 0, "missing_branches": 0}, "missing_lines": [349], "excluded_lines": [], "executed_branches": [], "missing_branches": []}, "FlextMeltanoStateService.__init__": {"executed_lines": [360], "summary": {"covered_lines": 1, "num_statements": 1, "percent_covered": 100.0, "percent_covered_display": "100", "missing_lines": 0, "excluded_lines": 0, "num_branches": 0, "num_partial_branches": 0, "covered_branches": 0, "missing_branches": 0}, "missing_lines": [], "excluded_lines": [], "executed_branches": [], "missing_branches": []}, "FlextMeltanoStateService.create_state": {"executed_lines": [372, 373, 379, 380, 382, 384, 387, 399, 400], "summary": {"covered_lines": 9, "num_statements": 14, "percent_covered": 60.0, "percent_covered_display": "60", "missing_lines": 5, "excluded_lines": 0, "num_branches": 6, "num_partial_branches": 3, "covered_branches": 3, "missing_branches": 3}, "missing_lines": [381, 383, 385, 397, 398], "excluded_lines": [], "executed_branches": [[380, 382], [382, 384], [384, 387]], "missing_branches": [[380, 381], [382, 383], [384, 385]]}, "FlextMeltanoStateService.update_state": {"executed_lines": [408, 409, 410, 413, 414, 415, 416], "summary": {"covered_lines": 7, "num_statements": 8, "percent_covered": 80.0, "percent_covered_display": "80", "missing_lines": 1, "excluded_lines": 0, "num_branches": 2, "num_partial_branches": 1, "covered_branches": 1, "missing_branches": 1}, "missing_lines": [411], "excluded_lines": [], "executed_branches": [[410, 413]], "missing_branches": [[410, 411]]}, "FlextMeltanoStateService.merge_state": {"executed_lines": [424, 425, 426, 429, 430, 431, 432], "summary": {"covered_lines": 7, "num_statements": 8, "percent_covered": 80.0, "percent_covered_display": "80", "missing_lines": 1, "excluded_lines": 0, "num_branches": 2, "num_partial_branches": 1, "covered_branches": 1, "missing_branches": 1}, "missing_lines": [427], "excluded_lines": [], "executed_branches": [[426, 429]], "missing_branches": [[426, 427]]}, "FlextMeltanoStateService.get_state": {"executed_lines": [436, 437, 439, 440], "summary": {"covered_lines": 4, "num_statements": 5, "percent_covered": 80.0, "percent_covered_display": "80", "missing_lines": 1, "excluded_lines": 0, "num_branches": 0, "num_partial_branches": 0, "covered_branches": 0, "missing_branches": 0}, "missing_lines": [438], "excluded_lines": [], "executed_branches": [], "missing_branches": []}, "FlextMeltanoStateService.list_states": {"executed_lines": [444, 445, 451, 452], "summary": {"covered_lines": 4, "num_statements": 5, "percent_covered": 80.0, "percent_covered_display": "80", "missing_lines": 1, "excluded_lines": 0, "num_branches": 0, "num_partial_branches": 0, "covered_branches": 0, "missing_branches": 0}, "missing_lines": [450], "excluded_lines": [], "executed_branches": [], "missing_branches": []}, "FlextMeltanoStateService.delete_state": {"executed_lines": [456, 457, 461, 462], "summary": {"covered_lines": 4, "num_statements": 7, "percent_covered": 44.44444444444444, "percent_covered_display": "44", "missing_lines": 3, "excluded_lines": 0, "num_branches": 2, "num_partial_branches": 2, "covered_branches": 0, "missing_branches": 2}, "missing_lines": [458, 459, 460], "excluded_lines": [], "executed_branches": [], "missing_branches": [[457, 458], [457, 460]]}, "get_service_instances": {"executed_lines": [], "summary": {"covered_lines": 0, "num_statements": 1, "percent_covered": 0.0, "percent_covered_display": "0", "missing_lines": 1, "excluded_lines": 0, "num_branches": 0, "num_partial_branches": 0, "covered_branches": 0, "missing_branches": 0}, "missing_lines": [479], "excluded_lines": [], "executed_branches": [], "missing_branches": []}, "validate_services": {"executed_lines": [489, 490, 493, 494, 496, 497, 500, 501, 502, 503, 507, 508, 510, 511, 514, 515, 517, 518, 519], "summary": {"covered_lines": 19, "num_statements": 23, "percent_covered": 78.37837837837837, "percent_covered_display": "78", "missing_lines": 4, "excluded_lines": 0, "num_branches": 14, "num_partial_branches": 4, "covered_branches": 10, "missing_branches": 4}, "missing_lines": [495, 504, 509, 516], "excluded_lines": [], "executed_branches": [[494, 496], [496, 497], [496, 500], [501, 502], [501, 503], [503, 507], [508, 510], [510, 511], [510, 514], [515, 517]], "missing_branches": [[494, 495], [503, 504], [508, 509], [515, 516]]}, "": {"executed_lines": [1, 8, 10, 12, 15, 18, 29, 30, 31, 33, 37, 77, 88, 96, 117, 128, 129, 130, 132, 136, 183, 191, 206, 223, 237, 238, 239, 241, 245, 295, 307, 325, 337, 345, 354, 355, 356, 358, 362, 402, 418, 434, 442, 454, 466, 474, 477, 487], "summary": {"covered_lines": 43, "num_statements": 45, "percent_covered": 93.61702127659575, "percent_covered_display": "94", "missing_lines": 2, "excluded_lines": 0, "num_branches": 2, "num_partial_branches": 1, "covered_branches": 1, "missing_branches": 1}, "missing_lines": [19, 21], "excluded_lines": [], "executed_branches": [[18, 29]], "missing_branches": [[18, 19]]}}, "classes": {"FlextMeltanoProjectService": {"executed_lines": [35, 48, 50, 56, 59, 61, 74, 75, 82, 83, 85, 86, 90, 91, 93, 94, 102, 103, 104, 107, 108, 109, 113, 114, 115, 119, 120, 124, 125], "summary": {"covered_lines": 29, "num_statements": 38, "percent_covered": 72.91666666666667, "percent_covered_display": "73", "missing_lines": 9, "excluded_lines": 0, "num_branches": 10, "num_partial_branches": 4, "covered_branches": 6, "missing_branches": 4}, "missing_lines": [57, 72, 73, 84, 92, 105, 121, 122, 123], "excluded_lines": [], "executed_branches": [[56, 59], [104, 107], [107, 108], [107, 113], [108, 107], [108, 109]], "missing_branches": [[56, 57], [104, 105], [120, 121], [120, 123]]}, "FlextMeltanoPluginService": {"executed_lines": [134, 147, 149, 155, 156, 158, 160, 162, 164, 167, 180, 181, 185, 186, 188, 189, 196, 197, 203, 204, 212, 213, 214, 217, 220, 221, 225, 226, 227, 230, 231, 232, 233, 234], "summary": {"covered_lines": 34, "num_statements": 47, "percent_covered": 67.21311475409836, "percent_covered_display": "67", "missing_lines": 13, "excluded_lines": 0, "num_branches": 14, "num_partial_branches": 7, "covered_branches": 7, "missing_branches": 7}, "missing_lines": [157, 159, 161, 163, 165, 177, 178, 179, 187, 202, 215, 219, 228], "excluded_lines": [], "executed_branches": [[156, 158], [158, 160], [160, 162], [162, 164], [164, 167], [214, 217], [227, 230]], "missing_branches": [[156, 157], [158, 159], [160, 161], [162, 163], [164, 165], [214, 215], [227, 228]]}, "FlextMeltanoJobService": {"executed_lines": [243, 256, 257, 263, 264, 266, 268, 271, 282, 285, 286, 287, 288, 290, 291, 292, 293, 297, 298, 299, 302, 303, 304, 305, 315, 316, 317, 320, 321, 322, 323, 327, 328, 329, 332, 333, 334, 335, 339, 340, 342, 343, 347, 348, 350, 351], "summary": {"covered_lines": 46, "num_statements": 54, "percent_covered": 78.57142857142857, "percent_covered_display": "79", "missing_lines": 8, "excluded_lines": 0, "num_branches": 16, "num_partial_branches": 7, "covered_branches": 9, "missing_branches": 7}, "missing_lines": [265, 267, 269, 300, 318, 330, 341, 349], "excluded_lines": [], "executed_branches": [[264, 266], [266, 268], [268, 271], [285, 286], [285, 287], [287, 288], [299, 302], [317, 320], [329, 332]], "missing_branches": [[264, 265], [266, 267], [268, 269], [287, 290], [299, 300], [317, 318], [329, 330]]}, "FlextMeltanoStateService": {"executed_lines": [360, 372, 373, 379, 380, 382, 384, 387, 399, 400, 408, 409, 410, 413, 414, 415, 416, 424, 425, 426, 429, 430, 431, 432, 436, 437, 439, 440, 444, 445, 451, 452, 456, 457, 461, 462], "summary": {"covered_lines": 36, "num_statements": 48, "percent_covered": 68.33333333333333, "percent_covered_display": "68", "missing_lines": 12, "excluded_lines": 0, "num_branches": 12, "num_partial_branches": 7, "covered_branches": 5, "missing_branches": 7}, "missing_lines": [381, 383, 385, 397, 398, 411, 427, 438, 450, 458, 459, 460], "excluded_lines": [], "executed_branches": [[380, 382], [382, 384], [384, 387], [410, 413], [426, 429]], "missing_branches": [[380, 381], [382, 383], [384, 385], [410, 411], [426, 427], [457, 458], [457, 460]]}, "": {"executed_lines": [1, 8, 10, 12, 15, 18, 29, 30, 31, 33, 37, 77, 88, 96, 117, 128, 129, 130, 132, 136, 183, 191, 206, 223, 237, 238, 239, 241, 245, 295, 307, 325, 337, 345, 354, 355, 356, 358, 362, 402, 418, 434, 442, 454, 466, 474, 477, 487, 489, 490, 493, 494, 496, 497, 500, 501, 502, 503, 507, 508, 510, 511, 514, 515, 517, 518, 519], "summary": {"covered_lines": 62, "num_statements": 69, "percent_covered": 85.88235294117646, "percent_covered_display": "86", "missing_lines": 7, "excluded_lines": 0, "num_branches": 16, "num_partial_branches": 5, "covered_branches": 11, "missing_branches": 5}, "missing_lines": [19, 21, 479, 495, 504, 509, 516], "excluded_lines": [], "executed_branches": [[18, 29], [494, 496], [496, 497], [496, 500], [501, 502], [501, 503], [503, 507], [508, 510], [510, 511], [510, 514], [515, 517]], "missing_branches": [[18, 19], [494, 495], [503, 504], [508, 509], [515, 516]]}}}, "src/flext_meltano/config.py": {"executed_lines": [], "summary": {"covered_lines": 0, "num_statements": 91, "percent_covered": 0.0, "percent_covered_display": "0", "missing_lines": 91, "excluded_lines": 0, "num_branches": 2, "num_partial_branches": 0, "covered_branches": 0, "missing_branches": 2}, "missing_lines": [8, 10, 11, 13, 14, 17, 24, 25, 29, 33, 37, 41, 45, 49, 51, 54, 57, 61, 65, 69, 75, 78, 84, 90, 96, 104, 107, 111, 115, 121, 129, 132, 140, 143, 147, 153, 157, 163, 166, 170, 176, 180, 186, 202, 216, 221, 224, 228, 232, 236, 240, 246, 252, 256, 259, 260, 267, 269, 270, 277, 279, 280, 287, 289, 290, 297, 299, 300, 307, 309, 310, 317, 319, 320, 327, 329, 330, 337, 339, 346, 347, 349, 356, 357, 365, 366, 383, 384, 397, 409, 411], "excluded_lines": [], "executed_branches": [], "missing_branches": [[346, 347], [346, 349]], "functions": {"get_container": {"executed_lines": [], "summary": {"covered_lines": 0, "num_statements": 1, "percent_covered": 0.0, "percent_covered_display": "0", "missing_lines": 1, "excluded_lines": 0, "num_branches": 0, "num_partial_branches": 0, "covered_branches": 0, "missing_branches": 0}, "missing_lines": [51], "excluded_lines": [], "executed_branches": [], "missing_branches": []}, "FlextMeltanoSettings.project_root": {"executed_lines": [], "summary": {"covered_lines": 0, "num_statements": 1, "percent_covered": 0.0, "percent_covered_display": "0", "missing_lines": 1, "excluded_lines": 0, "num_branches": 0, "num_partial_branches": 0, "covered_branches": 0, "missing_branches": 0}, "missing_lines": [267], "excluded_lines": [], "executed_branches": [], "missing_branches": []}, "FlextMeltanoSettings.default_environment": {"executed_lines": [], "summary": {"covered_lines": 0, "num_statements": 1, "percent_covered": 0.0, "percent_covered_display": "0", "missing_lines": 1, "excluded_lines": 0, "num_branches": 0, "num_partial_branches": 0, "covered_branches": 0, "missing_branches": 0}, "missing_lines": [277], "excluded_lines": [], "executed_branches": [], "missing_branches": []}, "FlextMeltanoSettings.database_uri": {"executed_lines": [], "summary": {"covered_lines": 0, "num_statements": 1, "percent_covered": 0.0, "percent_covered_display": "0", "missing_lines": 1, "excluded_lines": 0, "num_branches": 0, "num_partial_branches": 0, "covered_branches": 0, "missing_branches": 0}, "missing_lines": [287], "excluded_lines": [], "executed_branches": [], "missing_branches": []}, "FlextMeltanoSettings.max_concurrent_jobs": {"executed_lines": [], "summary": {"covered_lines": 0, "num_statements": 1, "percent_covered": 0.0, "percent_covered_display": "0", "missing_lines": 1, "excluded_lines": 0, "num_branches": 0, "num_partial_branches": 0, "covered_branches": 0, "missing_branches": 0}, "missing_lines": [297], "excluded_lines": [], "executed_branches": [], "missing_branches": []}, "FlextMeltanoSettings.job_timeout": {"executed_lines": [], "summary": {"covered_lines": 0, "num_statements": 1, "percent_covered": 0.0, "percent_covered_display": "0", "missing_lines": 1, "excluded_lines": 0, "num_branches": 0, "num_partial_branches": 0, "covered_branches": 0, "missing_branches": 0}, "missing_lines": [307], "excluded_lines": [], "executed_branches": [], "missing_branches": []}, "FlextMeltanoSettings.state_backend": {"executed_lines": [], "summary": {"covered_lines": 0, "num_statements": 1, "percent_covered": 0.0, "percent_covered_display": "0", "missing_lines": 1, "excluded_lines": 0, "num_branches": 0, "num_partial_branches": 0, "covered_branches": 0, "missing_branches": 0}, "missing_lines": [317], "excluded_lines": [], "executed_branches": [], "missing_branches": []}, "FlextMeltanoSettings.backup_enabled": {"executed_lines": [], "summary": {"covered_lines": 0, "num_statements": 1, "percent_covered": 0.0, "percent_covered_display": "0", "missing_lines": 1, "excluded_lines": 0, "num_branches": 0, "num_partial_branches": 0, "covered_branches": 0, "missing_branches": 0}, "missing_lines": [327], "excluded_lines": [], "executed_branches": [], "missing_branches": []}, "FlextMeltanoSettings.auto_install": {"executed_lines": [], "summary": {"covered_lines": 0, "num_statements": 1, "percent_covered": 0.0, "percent_covered_display": "0", "missing_lines": 1, "excluded_lines": 0, "num_branches": 0, "num_partial_branches": 0, "covered_branches": 0, "missing_branches": 0}, "missing_lines": [337], "excluded_lines": [], "executed_branches": [], "missing_branches": []}, "FlextMeltanoSettings.configure_dependencies": {"executed_lines": [], "summary": {"covered_lines": 0, "num_statements": 3, "percent_covered": 0.0, "percent_covered_display": "0", "missing_lines": 3, "excluded_lines": 0, "num_branches": 2, "num_partial_branches": 0, "covered_branches": 0, "missing_branches": 2}, "missing_lines": [346, 347, 349], "excluded_lines": [], "executed_branches": [], "missing_branches": [[346, 347], [346, 349]]}, "flext_get_meltano_settings": {"executed_lines": [], "summary": {"covered_lines": 0, "num_statements": 1, "percent_covered": 0.0, "percent_covered_display": "0", "missing_lines": 1, "excluded_lines": 0, "num_branches": 0, "num_partial_branches": 0, "covered_branches": 0, "missing_branches": 0}, "missing_lines": [357], "excluded_lines": [], "executed_branches": [], "missing_branches": []}, "flext_create_development_meltano_config": {"executed_lines": [], "summary": {"covered_lines": 0, "num_statements": 1, "percent_covered": 0.0, "percent_covered_display": "0", "missing_lines": 1, "excluded_lines": 0, "num_branches": 0, "num_partial_branches": 0, "covered_branches": 0, "missing_branches": 0}, "missing_lines": [366], "excluded_lines": [], "executed_branches": [], "missing_branches": []}, "flext_create_production_meltano_config": {"executed_lines": [], "summary": {"covered_lines": 0, "num_statements": 1, "percent_covered": 0.0, "percent_covered_display": "0", "missing_lines": 1, "excluded_lines": 0, "num_branches": 0, "num_partial_branches": 0, "covered_branches": 0, "missing_branches": 0}, "missing_lines": [384], "excluded_lines": [], "executed_branches": [], "missing_branches": []}, "get_settings": {"executed_lines": [], "summary": {"covered_lines": 0, "num_statements": 1, "percent_covered": 0.0, "percent_covered_display": "0", "missing_lines": 1, "excluded_lines": 0, "num_branches": 0, "num_partial_branches": 0, "covered_branches": 0, "missing_branches": 0}, "missing_lines": [411], "excluded_lines": [], "executed_branches": [], "missing_branches": []}, "": {"executed_lines": [], "summary": {"covered_lines": 0, "num_statements": 75, "percent_covered": 0.0, "percent_covered_display": "0", "missing_lines": 75, "excluded_lines": 0, "num_branches": 0, "num_partial_branches": 0, "covered_branches": 0, "missing_branches": 0}, "missing_lines": [8, 10, 11, 13, 14, 17, 24, 25, 29, 33, 37, 41, 45, 49, 54, 57, 61, 65, 69, 75, 78, 84, 90, 96, 104, 107, 111, 115, 121, 129, 132, 140, 143, 147, 153, 157, 163, 166, 170, 176, 180, 186, 202, 216, 221, 224, 228, 232, 236, 240, 246, 252, 256, 259, 260, 269, 270, 279, 280, 289, 290, 299, 300, 309, 310, 319, 320, 329, 330, 339, 356, 365, 383, 397, 409], "excluded_lines": [], "executed_branches": [], "missing_branches": []}}, "classes": {"FlextMeltanoBaseConfigMixin": {"executed_lines": [], "summary": {"covered_lines": 0, "num_statements": 0, "percent_covered": 100.0, "percent_covered_display": "100", "missing_lines": 0, "excluded_lines": 0, "num_branches": 0, "num_partial_branches": 0, "covered_branches": 0, "missing_branches": 0}, "missing_lines": [], "excluded_lines": [], "executed_branches": [], "missing_branches": []}, "FlextMeltanoDatabaseConfigMixin": {"executed_lines": [], "summary": {"covered_lines": 0, "num_statements": 0, "percent_covered": 100.0, "percent_covered_display": "100", "missing_lines": 0, "excluded_lines": 0, "num_branches": 0, "num_partial_branches": 0, "covered_branches": 0, "missing_branches": 0}, "missing_lines": [], "excluded_lines": [], "executed_branches": [], "missing_branches": []}, "FlextMeltanoLoggingConfigMixin": {"executed_lines": [], "summary": {"covered_lines": 0, "num_statements": 0, "percent_covered": 100.0, "percent_covered_display": "100", "missing_lines": 0, "excluded_lines": 0, "num_branches": 0, "num_partial_branches": 0, "covered_branches": 0, "missing_branches": 0}, "missing_lines": [], "excluded_lines": [], "executed_branches": [], "missing_branches": []}, "FlextMeltanoMonitoringConfigMixin": {"executed_lines": [], "summary": {"covered_lines": 0, "num_statements": 0, "percent_covered": 100.0, "percent_covered_display": "100", "missing_lines": 0, "excluded_lines": 0, "num_branches": 0, "num_partial_branches": 0, "covered_branches": 0, "missing_branches": 0}, "missing_lines": [], "excluded_lines": [], "executed_branches": [], "missing_branches": []}, "FlextMeltanoPerformanceConfigMixin": {"executed_lines": [], "summary": {"covered_lines": 0, "num_statements": 0, "percent_covered": 100.0, "percent_covered_display": "100", "missing_lines": 0, "excluded_lines": 0, "num_branches": 0, "num_partial_branches": 0, "covered_branches": 0, "missing_branches": 0}, "missing_lines": [], "excluded_lines": [], "executed_branches": [], "missing_branches": []}, "FlextMeltanoProjectConfig": {"executed_lines": [], "summary": {"covered_lines": 0, "num_statements": 0, "percent_covered": 100.0, "percent_covered_display": "100", "missing_lines": 0, "excluded_lines": 0, "num_branches": 0, "num_partial_branches": 0, "covered_branches": 0, "missing_branches": 0}, "missing_lines": [], "excluded_lines": [], "executed_branches": [], "missing_branches": []}, "FlextMeltanoExecutionConfig": {"executed_lines": [], "summary": {"covered_lines": 0, "num_statements": 0, "percent_covered": 100.0, "percent_covered_display": "100", "missing_lines": 0, "excluded_lines": 0, "num_branches": 0, "num_partial_branches": 0, "covered_branches": 0, "missing_branches": 0}, "missing_lines": [], "excluded_lines": [], "executed_branches": [], "missing_branches": []}, "FlextMeltanoStateConfig": {"executed_lines": [], "summary": {"covered_lines": 0, "num_statements": 0, "percent_covered": 100.0, "percent_covered_display": "100", "missing_lines": 0, "excluded_lines": 0, "num_branches": 0, "num_partial_branches": 0, "covered_branches": 0, "missing_branches": 0}, "missing_lines": [], "excluded_lines": [], "executed_branches": [], "missing_branches": []}, "FlextMeltanoBusinessConfig": {"executed_lines": [], "summary": {"covered_lines": 0, "num_statements": 0, "percent_covered": 100.0, "percent_covered_display": "100", "missing_lines": 0, "excluded_lines": 0, "num_branches": 0, "num_partial_branches": 0, "covered_branches": 0, "missing_branches": 0}, "missing_lines": [], "excluded_lines": [], "executed_branches": [], "missing_branches": []}, "FlextMeltanoPluginConfig": {"executed_lines": [], "summary": {"covered_lines": 0, "num_statements": 0, "percent_covered": 100.0, "percent_covered_display": "100", "missing_lines": 0, "excluded_lines": 0, "num_branches": 0, "num_partial_branches": 0, "covered_branches": 0, "missing_branches": 0}, "missing_lines": [], "excluded_lines": [], "executed_branches": [], "missing_branches": []}, "FlextMeltanoMonitoringConfig": {"executed_lines": [], "summary": {"covered_lines": 0, "num_statements": 0, "percent_covered": 100.0, "percent_covered_display": "100", "missing_lines": 0, "excluded_lines": 0, "num_branches": 0, "num_partial_branches": 0, "covered_branches": 0, "missing_branches": 0}, "missing_lines": [], "excluded_lines": [], "executed_branches": [], "missing_branches": []}, "FlextMeltanoSettings": {"executed_lines": [], "summary": {"covered_lines": 0, "num_statements": 11, "percent_covered": 0.0, "percent_covered_display": "0", "missing_lines": 11, "excluded_lines": 0, "num_branches": 2, "num_partial_branches": 0, "covered_branches": 0, "missing_branches": 2}, "missing_lines": [267, 277, 287, 297, 307, 317, 327, 337, 346, 347, 349], "excluded_lines": [], "executed_branches": [], "missing_branches": [[346, 347], [346, 349]]}, "": {"executed_lines": [], "summary": {"covered_lines": 0, "num_statements": 80, "percent_covered": 0.0, "percent_covered_display": "0", "missing_lines": 80, "excluded_lines": 0, "num_branches": 0, "num_partial_branches": 0, "covered_branches": 0, "missing_branches": 0}, "missing_lines": [8, 10, 11, 13, 14, 17, 24, 25, 29, 33, 37, 41, 45, 49, 51, 54, 57, 61, 65, 69, 75, 78, 84, 90, 96, 104, 107, 111, 115, 121, 129, 132, 140, 143, 147, 153, 157, 163, 166, 170, 176, 180, 186, 202, 216, 221, 224, 228, 232, 236, 240, 246, 252, 256, 259, 260, 269, 270, 279, 280, 289, 290, 299, 300, 309, 310, 319, 320, 329, 330, 339, 356, 357, 365, 366, 383, 384, 397, 409, 411], "excluded_lines": [], "executed_branches": [], "missing_branches": []}}}, "src/flext_meltano/config/__init__.py": {"executed_lines": [1, 6, 16, 19, 21], "summary": {"covered_lines": 4, "num_statements": 4, "percent_covered": 100.0, "percent_covered_display": "100", "missing_lines": 0, "excluded_lines": 0, "num_branches": 0, "num_partial_branches": 0, "covered_branches": 0, "missing_branches": 0}, "missing_lines": [], "excluded_lines": [], "executed_branches": [], "missing_branches": [], "functions": {"": {"executed_lines": [1, 6, 16, 19, 21], "summary": {"covered_lines": 4, "num_statements": 4, "percent_covered": 100.0, "percent_covered_display": "100", "missing_lines": 0, "excluded_lines": 0, "num_branches": 0, "num_partial_branches": 0, "covered_branches": 0, "missing_branches": 0}, "missing_lines": [], "excluded_lines": [], "executed_branches": [], "missing_branches": []}}, "classes": {"": {"executed_lines": [1, 6, 16, 19, 21], "summary": {"covered_lines": 4, "num_statements": 4, "percent_covered": 100.0, "percent_covered_display": "100", "missing_lines": 0, "excluded_lines": 0, "num_branches": 0, "num_partial_branches": 0, "covered_branches": 0, "missing_branches": 0}, "missing_lines": [], "excluded_lines": [], "executed_branches": [], "missing_branches": []}}}, "src/flext_meltano/config/loader.py": {"executed_lines": [1, 3, 5, 7, 9, 12, 13, 19, 23, 53], "summary": {"covered_lines": 8, "num_statements": 21, "percent_covered": 29.62962962962963, "percent_covered_display": "30", "missing_lines": 13, "excluded_lines": 0, "num_branches": 6, "num_partial_branches": 0, "covered_branches": 0, "missing_branches": 6}, "missing_lines": [21, 36, 37, 44, 46, 48, 50, 51, 66, 68, 69, 70, 72], "excluded_lines": [], "executed_branches": [], "missing_branches": [[44, 46], [44, 48], [68, 69], [68, 72], [69, 68], [69, 70]], "functions": {"FlextMeltanoConfigLoader.__init__": {"executed_lines": [], "summary": {"covered_lines": 0, "num_statements": 1, "percent_covered": 0.0, "percent_covered_display": "0", "missing_lines": 1, "excluded_lines": 0, "num_branches": 0, "num_partial_branches": 0, "covered_branches": 0, "missing_branches": 0}, "missing_lines": [21], "excluded_lines": [], "executed_branches": [], "missing_branches": []}, "FlextMeltanoConfigLoader.load_config": {"executed_lines": [], "summary": {"covered_lines": 0, "num_statements": 7, "percent_covered": 0.0, "percent_covered_display": "0", "missing_lines": 7, "excluded_lines": 0, "num_branches": 2, "num_partial_branches": 0, "covered_branches": 0, "missing_branches": 2}, "missing_lines": [36, 37, 44, 46, 48, 50, 51], "excluded_lines": [], "executed_branches": [], "missing_branches": [[44, 46], [44, 48]]}, "FlextMeltanoConfigLoader.validate_config": {"executed_lines": [], "summary": {"covered_lines": 0, "num_statements": 5, "percent_covered": 0.0, "percent_covered_display": "0", "missing_lines": 5, "excluded_lines": 0, "num_branches": 4, "num_partial_branches": 0, "covered_branches": 0, "missing_branches": 4}, "missing_lines": [66, 68, 69, 70, 72], "excluded_lines": [], "executed_branches": [], "missing_branches": [[68, 69], [68, 72], [69, 68], [69, 70]]}, "": {"executed_lines": [1, 3, 5, 7, 9, 12, 13, 19, 23, 53], "summary": {"covered_lines": 8, "num_statements": 8, "percent_covered": 100.0, "percent_covered_display": "100", "missing_lines": 0, "excluded_lines": 0, "num_branches": 0, "num_partial_branches": 0, "covered_branches": 0, "missing_branches": 0}, "missing_lines": [], "excluded_lines": [], "executed_branches": [], "missing_branches": []}}, "classes": {"FlextMeltanoConfigLoader": {"executed_lines": [], "summary": {"covered_lines": 0, "num_statements": 13, "percent_covered": 0.0, "percent_covered_display": "0", "missing_lines": 13, "excluded_lines": 0, "num_branches": 6, "num_partial_branches": 0, "covered_branches": 0, "missing_branches": 6}, "missing_lines": [21, 36, 37, 44, 46, 48, 50, 51, 66, 68, 69, 70, 72], "excluded_lines": [], "executed_branches": [], "missing_branches": [[44, 46], [44, 48], [68, 69], [68, 72], [69, 68], [69, 70]]}, "": {"executed_lines": [1, 3, 5, 7, 9, 12, 13, 19, 23, 53], "summary": {"covered_lines": 8, "num_statements": 8, "percent_covered": 100.0, "percent_covered_display": "100", "missing_lines": 0, "excluded_lines": 0, "num_branches": 0, "num_partial_branches": 0, "covered_branches": 0, "missing_branches": 0}, "missing_lines": [], "excluded_lines": [], "executed_branches": [], "missing_branches": []}}}, "src/flext_meltano/config/settings.py": {"executed_lines": [1, 8, 10, 11, 13, 14, 17, 24, 25, 29, 30, 33, 34, 37, 38, 41, 42, 45, 46, 49, 54, 55, 57, 61, 65, 69, 75, 76, 78, 84, 90, 96, 104, 105, 107, 111, 115, 121, 129, 130, 132, 140, 141, 143, 147, 153, 157, 163, 164, 166, 170, 176, 180, 186, 194, 202, 216, 221, 224, 228, 232, 236, 240, 246, 252, 256, 259, 260, 269, 270, 279, 280, 289, 290, 299, 300, 309, 310, 319, 320, 329, 330, 339, 359, 368, 386, 400, 412], "summary": {"covered_lines": 75, "num_statements": 93, "percent_covered": 77.31958762886597, "percent_covered_display": "77", "missing_lines": 18, "excluded_lines": 0, "num_branches": 4, "num_partial_branches": 0, "covered_branches": 0, "missing_branches": 4}, "missing_lines": [51, 267, 277, 287, 297, 307, 317, 327, 337, 346, 347, 349, 350, 352, 360, 369, 387, 414], "excluded_lines": [], "executed_branches": [], "missing_branches": [[346, 347], [346, 349], [350, -339], [350, 352]], "functions": {"get_container": {"executed_lines": [], "summary": {"covered_lines": 0, "num_statements": 1, "percent_covered": 0.0, "percent_covered_display": "0", "missing_lines": 1, "excluded_lines": 0, "num_branches": 0, "num_partial_branches": 0, "covered_branches": 0, "missing_branches": 0}, "missing_lines": [51], "excluded_lines": [], "executed_branches": [], "missing_branches": []}, "FlextMeltanoSettings.project_root": {"executed_lines": [], "summary": {"covered_lines": 0, "num_statements": 1, "percent_covered": 0.0, "percent_covered_display": "0", "missing_lines": 1, "excluded_lines": 0, "num_branches": 0, "num_partial_branches": 0, "covered_branches": 0, "missing_branches": 0}, "missing_lines": [267], "excluded_lines": [], "executed_branches": [], "missing_branches": []}, "FlextMeltanoSettings.default_environment": {"executed_lines": [], "summary": {"covered_lines": 0, "num_statements": 1, "percent_covered": 0.0, "percent_covered_display": "0", "missing_lines": 1, "excluded_lines": 0, "num_branches": 0, "num_partial_branches": 0, "covered_branches": 0, "missing_branches": 0}, "missing_lines": [277], "excluded_lines": [], "executed_branches": [], "missing_branches": []}, "FlextMeltanoSettings.database_uri": {"executed_lines": [], "summary": {"covered_lines": 0, "num_statements": 1, "percent_covered": 0.0, "percent_covered_display": "0", "missing_lines": 1, "excluded_lines": 0, "num_branches": 0, "num_partial_branches": 0, "covered_branches": 0, "missing_branches": 0}, "missing_lines": [287], "excluded_lines": [], "executed_branches": [], "missing_branches": []}, "FlextMeltanoSettings.max_concurrent_jobs": {"executed_lines": [], "summary": {"covered_lines": 0, "num_statements": 1, "percent_covered": 0.0, "percent_covered_display": "0", "missing_lines": 1, "excluded_lines": 0, "num_branches": 0, "num_partial_branches": 0, "covered_branches": 0, "missing_branches": 0}, "missing_lines": [297], "excluded_lines": [], "executed_branches": [], "missing_branches": []}, "FlextMeltanoSettings.job_timeout": {"executed_lines": [], "summary": {"covered_lines": 0, "num_statements": 1, "percent_covered": 0.0, "percent_covered_display": "0", "missing_lines": 1, "excluded_lines": 0, "num_branches": 0, "num_partial_branches": 0, "covered_branches": 0, "missing_branches": 0}, "missing_lines": [307], "excluded_lines": [], "executed_branches": [], "missing_branches": []}, "FlextMeltanoSettings.state_backend": {"executed_lines": [], "summary": {"covered_lines": 0, "num_statements": 1, "percent_covered": 0.0, "percent_covered_display": "0", "missing_lines": 1, "excluded_lines": 0, "num_branches": 0, "num_partial_branches": 0, "covered_branches": 0, "missing_branches": 0}, "missing_lines": [317], "excluded_lines": [], "executed_branches": [], "missing_branches": []}, "FlextMeltanoSettings.backup_enabled": {"executed_lines": [], "summary": {"covered_lines": 0, "num_statements": 1, "percent_covered": 0.0, "percent_covered_display": "0", "missing_lines": 1, "excluded_lines": 0, "num_branches": 0, "num_partial_branches": 0, "covered_branches": 0, "missing_branches": 0}, "missing_lines": [327], "excluded_lines": [], "executed_branches": [], "missing_branches": []}, "FlextMeltanoSettings.auto_install": {"executed_lines": [], "summary": {"covered_lines": 0, "num_statements": 1, "percent_covered": 0.0, "percent_covered_display": "0", "missing_lines": 1, "excluded_lines": 0, "num_branches": 0, "num_partial_branches": 0, "covered_branches": 0, "missing_branches": 0}, "missing_lines": [337], "excluded_lines": [], "executed_branches": [], "missing_branches": []}, "FlextMeltanoSettings.configure_dependencies": {"executed_lines": [], "summary": {"covered_lines": 0, "num_statements": 5, "percent_covered": 0.0, "percent_covered_display": "0", "missing_lines": 5, "excluded_lines": 0, "num_branches": 4, "num_partial_branches": 0, "covered_branches": 0, "missing_branches": 4}, "missing_lines": [346, 347, 349, 350, 352], "excluded_lines": [], "executed_branches": [], "missing_branches": [[346, 347], [346, 349], [350, -339], [350, 352]]}, "flext_get_meltano_settings": {"executed_lines": [], "summary": {"covered_lines": 0, "num_statements": 1, "percent_covered": 0.0, "percent_covered_display": "0", "missing_lines": 1, "excluded_lines": 0, "num_branches": 0, "num_partial_branches": 0, "covered_branches": 0, "missing_branches": 0}, "missing_lines": [360], "excluded_lines": [], "executed_branches": [], "missing_branches": []}, "flext_create_development_meltano_config": {"executed_lines": [], "summary": {"covered_lines": 0, "num_statements": 1, "percent_covered": 0.0, "percent_covered_display": "0", "missing_lines": 1, "excluded_lines": 0, "num_branches": 0, "num_partial_branches": 0, "covered_branches": 0, "missing_branches": 0}, "missing_lines": [369], "excluded_lines": [], "executed_branches": [], "missing_branches": []}, "flext_create_production_meltano_config": {"executed_lines": [], "summary": {"covered_lines": 0, "num_statements": 1, "percent_covered": 0.0, "percent_covered_display": "0", "missing_lines": 1, "excluded_lines": 0, "num_branches
[...]
nes": 1, "excluded_lines": 0, "num_branches": 2, "num_partial_branches": 1, "covered_branches": 1, "missing_branches": 1}, "missing_lines": [16], "excluded_lines": [], "executed_branches": [[15, 19]], "missing_branches": [[15, 16]]}}, "classes": {"FlextMeltanoStateManager": {"executed_lines": [], "summary": {"covered_lines": 0, "num_statements": 108, "percent_covered": 0.0, "percent_covered_display": "0", "missing_lines": 108, "excluded_lines": 0, "num_branches": 36, "num_partial_branches": 0, "covered_branches": 0, "missing_branches": 36}, "missing_lines": [32, 33, 38, 50, 51, 52, 54, 55, 69, 70, 72, 74, 75, 76, 78, 80, 81, 82, 85, 87, 88, 90, 91, 93, 95, 96, 113, 114, 115, 117, 118, 120, 121, 124, 127, 129, 130, 138, 139, 141, 143, 144, 153, 154, 156, 157, 158, 160, 161, 162, 163, 165, 167, 168, 180, 181, 184, 185, 186, 187, 189, 191, 192, 201, 202, 203, 205, 206, 218, 219, 220, 221, 226, 228, 229, 241, 242, 243, 244, 248, 249, 250, 251, 253, 254, 266, 268, 269, 270, 275, 276, 277, 282, 283, 285, 286, 287, 288, 290, 291, 292, 295, 297, 298, 312, 313, 329, 330], "excluded_lines": [], "executed_branches": [], "missing_branches": [[72, 74], [72, 78], [78, 80], [78, 85], [117, 118], [117, 120], [120, 121], [120, 124], [138, 139], [138, 141], [154, 156], [154, 165], [157, 158], [157, 160], [161, 162], [161, 163], [184, 185], [184, 189], [186, 187], [186, 189], [220, 221], [220, 226], [243, 244], [243, 248], [249, 250], [249, 251], [269, 270], [269, 275], [276, 277], [276, 282], [285, 286], [285, 287], [287, 288], [287, 290], [291, 292], [291, 295]]}, "": {"executed_lines": [1, 6, 8, 9, 11, 13, 15, 19, 20, 25, 35, 36, 40, 57, 98, 146, 170, 194, 208, 231, 256, 301, 315], "summary": {"covered_lines": 21, "num_statements": 22, "percent_covered": 91.66666666666667, "percent_covered_display": "92", "missing_lines": 1, "excluded_lines": 0, "num_branches": 2, "num_partial_branches": 1, "covered_branches": 1, "missing_branches": 1}, "missing_lines": [16], "excluded_lines": [], "executed_branches": [[15, 19]], "missing_branches": [[15, 16]]}}}, "src/flext_meltano/state/models.py": {"executed_lines": [1, 6, 8, 9, 11, 12, 15, 16, 21, 26, 30, 34, 39, 45, 57, 78, 98, 115, 149, 165, 174, 191, 217], "summary": {"covered_lines": 21, "num_statements": 83, "percent_covered": 20.792079207920793, "percent_covered_display": "21", "missing_lines": 62, "excluded_lines": 0, "num_branches": 18, "num_partial_branches": 0, "covered_branches": 0, "missing_branches": 18}, "missing_lines": [55, 70, 71, 72, 73, 75, 76, 88, 89, 90, 91, 93, 95, 96, 109, 110, 111, 113, 132, 133, 134, 136, 143, 144, 146, 147, 156, 157, 158, 159, 160, 162, 163, 172, 184, 185, 186, 188, 189, 201, 202, 203, 205, 206, 209, 210, 212, 214, 215, 227, 229, 230, 231, 235, 240, 241, 243, 246, 249, 251, 253, 254], "excluded_lines": [], "executed_branches": [], "missing_branches": [[89, 90], [89, 93], [110, 111], [110, 113], [133, 134], [133, 136], [185, 186], [185, 188], [202, 203], [202, 205], [209, 210], [209, 212], [229, 230], [229, 249], [230, 231], [230, 235], [243, 229], [243, 246]], "functions": {"FlextMeltanoState.get_stream_bookmark": {"executed_lines": [], "summary": {"covered_lines": 0, "num_statements": 1, "percent_covered": 0.0, "percent_covered_display": "0", "missing_lines": 1, "excluded_lines": 0, "num_branches": 0, "num_partial_branches": 0, "covered_branches": 0, "missing_branches": 0}, "missing_lines": [55], "excluded_lines": [], "executed_branches": [], "missing_branches": []}, "FlextMeltanoState.set_stream_bookmark": {"executed_lines": [], "summary": {"covered_lines": 0, "num_statements": 6, "percent_covered": 0.0, "percent_covered_display": "0", "missing_lines": 6, "excluded_lines": 0, "num_branches": 0, "num_partial_branches": 0, "covered_branches": 0, "missing_branches": 0}, "missing_lines": [70, 71, 72, 73, 75, 76], "excluded_lines": [], "executed_branches": [], "missing_branches": []}, "FlextMeltanoState.remove_stream_bookmark": {"executed_lines": [], "summary": {"covered_lines": 0, "num_statements": 7, "percent_covered": 0.0, "percent_covered_display": "0", "missing_lines": 7, "excluded_lines": 0, "num_branches": 2, "num_partial_branches": 0, "covered_branches": 0, "missing_branches": 2}, "missing_lines": [88, 89, 90, 91, 93, 95, 96], "excluded_lines": [], "executed_branches": [], "missing_branches": [[89, 90], [89, 93]]}, "FlextMeltanoState.get_replication_key_value": {"executed_lines": [], "summary": {"covered_lines": 0, "num_statements": 4, "percent_covered": 0.0, "percent_covered_display": "0", "missing_lines": 4, "excluded_lines": 0, "num_branches": 2, "num_partial_branches": 0, "covered_branches": 0, "missing_branches": 2}, "missing_lines": [109, 110, 111, 113], "excluded_lines": [], "executed_branches": [], "missing_branches": [[110, 111], [110, 113]]}, "FlextMeltanoState.set_replication_key_value": {"executed_lines": [], "summary": {"covered_lines": 0, "num_statements": 8, "percent_covered": 0.0, "percent_covered_display": "0", "missing_lines": 8, "excluded_lines": 0, "num_branches": 2, "num_partial_branches": 0, "covered_branches": 0, "missing_branches": 2}, "missing_lines": [132, 133, 134, 136, 143, 144, 146, 147], "excluded_lines": [], "executed_branches": [], "missing_branches": [[133, 134], [133, 136]]}, "FlextMeltanoState.clear_bookmarks": {"executed_lines": [], "summary": {"covered_lines": 0, "num_statements": 7, "percent_covered": 0.0, "percent_covered_display": "0", "missing_lines": 7, "excluded_lines": 0, "num_branches": 0, "num_partial_branches": 0, "covered_branches": 0, "missing_branches": 0}, "missing_lines": [156, 157, 158, 159, 160, 162, 163], "excluded_lines": [], "executed_branches": [], "missing_branches": []}, "FlextMeltanoState.get_streams_with_bookmarks": {"executed_lines": [], "summary": {"covered_lines": 0, "num_statements": 1, "percent_covered": 0.0, "percent_covered_display": "0", "missing_lines": 1, "excluded_lines": 0, "num_branches": 0, "num_partial_branches": 0, "covered_branches": 0, "missing_branches": 0}, "missing_lines": [172], "excluded_lines": [], "executed_branches": [], "missing_branches": []}, "FlextMeltanoState.is_stream_complete": {"executed_lines": [], "summary": {"covered_lines": 0, "num_statements": 5, "percent_covered": 0.0, "percent_covered_display": "0", "missing_lines": 5, "excluded_lines": 0, "num_branches": 2, "num_partial_branches": 0, "covered_branches": 0, "missing_branches": 2}, "missing_lines": [184, 185, 186, 188, 189], "excluded_lines": [], "executed_branches": [], "missing_branches": [[185, 186], [185, 188]]}, "FlextMeltanoState.mark_stream_complete": {"executed_lines": [], "summary": {"covered_lines": 0, "num_statements": 10, "percent_covered": 0.0, "percent_covered_display": "0", "missing_lines": 10, "excluded_lines": 0, "num_branches": 4, "num_partial_branches": 0, "covered_branches": 0, "missing_branches": 4}, "missing_lines": [201, 202, 203, 205, 206, 209, 210, 212, 214, 215], "excluded_lines": [], "executed_branches": [], "missing_branches": [[202, 203], [202, 205], [209, 210], [209, 212]]}, "FlextMeltanoState.merge_state": {"executed_lines": [], "summary": {"covered_lines": 0, "num_statements": 13, "percent_covered": 0.0, "percent_covered_display": "0", "missing_lines": 13, "excluded_lines": 0, "num_branches": 6, "num_partial_branches": 0, "covered_branches": 0, "missing_branches": 6}, "missing_lines": [227, 229, 230, 231, 235, 240, 241, 243, 246, 249, 251, 253, 254], "excluded_lines": [], "executed_branches": [], "missing_branches": [[229, 230], [229, 249], [230, 231], [230, 235], [243, 229], [243, 246]]}, "": {"executed_lines": [1, 6, 8, 9, 11, 12, 15, 16, 21, 26, 30, 34, 39, 45, 57, 78, 98, 115, 149, 165, 174, 191, 217], "summary": {"covered_lines": 21, "num_statements": 21, "percent_covered": 100.0, "percent_covered_display": "100", "missing_lines": 0, "excluded_lines": 0, "num_branches": 0, "num_partial_branches": 0, "covered_branches": 0, "missing_branches": 0}, "missing_lines": [], "excluded_lines": [], "executed_branches": [], "missing_branches": []}}, "classes": {"FlextMeltanoState": {"executed_lines": [], "summary": {"covered_lines": 0, "num_statements": 62, "percent_covered": 0.0, "percent_covered_display": "0", "missing_lines": 62, "excluded_lines": 0, "num_branches": 18, "num_partial_branches": 0, "covered_branches": 0, "missing_branches": 18}, "missing_lines": [55, 70, 71, 72, 73, 75, 76, 88, 89, 90, 91, 93, 95, 96, 109, 110, 111, 113, 132, 133, 134, 136, 143, 144, 146, 147, 156, 157, 158, 159, 160, 162, 163, 172, 184, 185, 186, 188, 189, 201, 202, 203, 205, 206, 209, 210, 212, 214, 215, 227, 229, 230, 231, 235, 240, 241, 243, 246, 249, 251, 253, 254], "excluded_lines": [], "executed_branches": [], "missing_branches": [[89, 90], [89, 93], [110, 111], [110, 113], [133, 134], [133, 136], [185, 186], [185, 188], [202, 203], [202, 205], [209, 210], [209, 212], [229, 230], [229, 249], [230, 231], [230, 235], [243, 229], [243, 246]]}, "": {"executed_lines": [1, 6, 8, 9, 11, 12, 15, 16, 21, 26, 30, 34, 39, 45, 57, 78, 98, 115, 149, 165, 174, 191, 217], "summary": {"covered_lines": 21, "num_statements": 21, "percent_covered": 100.0, "percent_covered_display": "100", "missing_lines": 0, "excluded_lines": 0, "num_branches": 0, "num_partial_branches": 0, "covered_branches": 0, "missing_branches": 0}, "missing_lines": [], "excluded_lines": [], "executed_branches": [], "missing_branches": []}}}, "src/flext_meltano/state_manager.py": {"executed_lines": [], "summary": {"covered_lines": 0, "num_statements": 53, "percent_covered": 0.0, "percent_covered_display": "0", "missing_lines": 53, "excluded_lines": 0, "num_branches": 4, "num_partial_branches": 0, "covered_branches": 0, "missing_branches": 4}, "missing_lines": [18, 20, 21, 22, 23, 24, 25, 28, 30, 31, 33, 35, 38, 41, 42, 43, 46, 49, 51, 52, 53, 55, 57, 64, 65, 66, 68, 69, 74, 75, 76, 77, 79, 86, 87, 88, 90, 95, 97, 100, 101, 102, 103, 105, 106, 107, 108, 109, 111, 112, 113, 114, 115], "excluded_lines": [], "executed_branches": [], "missing_branches": [[30, 31], [30, 35], [68, 69], [68, 74]], "functions": {"FlextMeltanoStateManager.__init__": {"executed_lines": [], "summary": {"covered_lines": 0, "num_statements": 4, "percent_covered": 0.0, "percent_covered_display": "0", "missing_lines": 4, "excluded_lines": 0, "num_branches": 0, "num_partial_branches": 0, "covered_branches": 0, "missing_branches": 0}, "missing_lines": [51, 52, 53, 55], "excluded_lines": [], "executed_branches": [], "missing_branches": []}, "FlextMeltanoStateManager.get_state": {"executed_lines": [], "summary": {"covered_lines": 0, "num_statements": 9, "percent_covered": 0.0, "percent_covered_display": "0", "missing_lines": 9, "excluded_lines": 0, "num_branches": 2, "num_partial_branches": 0, "covered_branches": 0, "missing_branches": 2}, "missing_lines": [64, 65, 66, 68, 69, 74, 75, 76, 77], "excluded_lines": [], "executed_branches": [], "missing_branches": [[68, 69], [68, 74]]}, "FlextMeltanoStateManager.set_state": {"executed_lines": [], "summary": {"covered_lines": 0, "num_statements": 10, "percent_covered": 0.0, "percent_covered_display": "0", "missing_lines": 10, "excluded_lines": 0, "num_branches": 0, "num_partial_branches": 0, "covered_branches": 0, "missing_branches": 0}, "missing_lines": [86, 87, 88, 90, 95, 97, 100, 101, 102, 103], "excluded_lines": [], "executed_branches": [], "missing_branches": []}, "FlextMeltanoStateManager.clear_state": {"executed_lines": [], "summary": {"covered_lines": 0, "num_statements": 9, "percent_covered": 0.0, "percent_covered_display": "0", "missing_lines": 9, "excluded_lines": 0, "num_branches": 0, "num_partial_branches": 0, "covered_branches": 0, "missing_branches": 0}, "missing_lines": [106, 107, 108, 109, 111, 112, 113, 114, 115], "excluded_lines": [], "executed_branches": [], "missing_branches": []}, "": {"executed_lines": [], "summary": {"covered_lines": 0, "num_statements": 21, "percent_covered": 0.0, "percent_covered_display": "0", "missing_lines": 21, "excluded_lines": 0, "num_branches": 2, "num_partial_branches": 0, "covered_branches": 0, "missing_branches": 2}, "missing_lines": [18, 20, 21, 22, 23, 24, 25, 28, 30, 31, 33, 35, 38, 41, 42, 43, 46, 49, 57, 79, 105], "excluded_lines": [], "executed_branches": [], "missing_branches": [[30, 31], [30, 35]]}}, "classes": {"FlextMeltanoCachePolicy": {"executed_lines": [], "summary": {"covered_lines": 0, "num_statements": 0, "percent_covered": 100.0, "percent_covered_display": "100", "missing_lines": 0, "excluded_lines": 0, "num_branches": 0, "num_partial_branches": 0, "covered_branches": 0, "missing_branches": 0}, "missing_lines": [], "excluded_lines": [], "executed_branches": [], "missing_branches": []}, "FlextMeltanoStateManager": {"executed_lines": [], "summary": {"covered_lines": 0, "num_statements": 32, "percent_covered": 0.0, "percent_covered_display": "0", "missing_lines": 32, "excluded_lines": 0, "num_branches": 2, "num_partial_branches": 0, "covered_branches": 0, "missing_branches": 2}, "missing_lines": [51, 52, 53, 55, 64, 65, 66, 68, 69, 74, 75, 76, 77, 86, 87, 88, 90, 95, 97, 100, 101, 102, 103, 106, 107, 108, 109, 111, 112, 113, 114, 115], "excluded_lines": [], "executed_branches": [], "missing_branches": [[68, 69], [68, 74]]}, "": {"executed_lines": [], "summary": {"covered_lines": 0, "num_statements": 21, "percent_covered": 0.0, "percent_covered_display": "0", "missing_lines": 21, "excluded_lines": 0, "num_branches": 2, "num_partial_branches": 0, "covered_branches": 0, "missing_branches": 2}, "missing_lines": [18, 20, 21, 22, 23, 24, 25, 28, 30, 31, 33, 35, 38, 41, 42, 43, 46, 49, 57, 79, 105], "excluded_lines": [], "executed_branches": [], "missing_branches": [[30, 31], [30, 35]]}}}, "src/flext_meltano/unified_anti_corruption_layer.py": {"executed_lines": [1, 6, 8, 9, 10, 12, 13, 19, 21, 24, 25, 27, 28, 29, 33, 37, 38, 39, 43, 45, 46, 62, 63, 65, 66, 67, 68, 69, 70, 74, 78, 79, 84, 85, 94, 95, 104, 105, 126, 127, 129, 135, 171], "summary": {"covered_lines": 39, "num_statements": 55, "percent_covered": 68.42105263157895, "percent_covered_display": "68", "missing_lines": 16, "excluded_lines": 0, "num_branches": 2, "num_partial_branches": 0, "covered_branches": 0, "missing_branches": 2}, "missing_lines": [56, 57, 58, 59, 92, 102, 115, 131, 132, 133, 156, 157, 167, 168, 169, 186], "excluded_lines": [], "executed_branches": [], "missing_branches": [[56, 57], [56, 59]], "functions": {"FlextMeltanoPluginDescriptor.validate_required_fields": {"executed_lines": [], "summary": {"covered_lines": 0, "num_statements": 4, "percent_covered": 0.0, "percent_covered_display": "0", "missing_lines": 4, "excluded_lines": 0, "num_branches": 2, "num_partial_branches": 0, "covered_branches": 0, "missing_branches": 2}, "missing_lines": [56, 57, 58, 59], "excluded_lines": [], "executed_branches": [], "missing_branches": [[56, 57], [56, 59]]}, "FlextMeltanoRunResult.has_output": {"executed_lines": [], "summary": {"covered_lines": 0, "num_statements": 1, "percent_covered": 0.0, "percent_covered_display": "0", "missing_lines": 1, "excluded_lines": 0, "num_branches": 0, "num_partial_branches": 0, "covered_branches": 0, "missing_branches": 0}, "missing_lines": [92], "excluded_lines": [], "executed_branches": [], "missing_branches": []}, "FlextMeltanoRunResult.has_errors": {"executed_lines": [], "summary": {"covered_lines": 0, "num_statements": 1, "percent_covered": 0.0, "percent_covered_display": "0", "missing_lines": 1, "excluded_lines": 0, "num_branches": 0, "num_partial_branches": 0, "covered_branches": 0, "missing_branches": 0}, "missing_lines": [102], "excluded_lines": [], "executed_branches": [], "missing_branches": []}, "FlextMeltanoRunResult.from_meltano_execution_result": {"executed_lines": [], "summary": {"covered_lines": 0, "num_statements": 1, "percent_covered": 0.0, "percent_covered_display": "0", "missing_lines": 1, "excluded_lines": 0, "num_branches": 0, "num_partial_branches": 0, "covered_branches": 0, "missing_branches": 0}, "missing_lines": [115], "excluded_lines": [], "executed_branches": [], "missing_branches": []}, "FlextMeltanoUnifiedAntiCorruptionLayer.__init__": {"executed_lines": [], "summary": {"covered_lines": 0, "num_statements": 3, "percent_covered": 0.0, "percent_covered_display": "0", "missing_lines": 3, "excluded_lines": 0, "num_branches": 0, "num_partial_branches": 0, "covered_branches": 0, "missing_branches": 0}, "missing_lines": [131, 132, 133], "excluded_lines": [], "executed_branches": [], "missing_branches": []}, "FlextMeltanoUnifiedAntiCorruptionLayer.run_pipeline": {"executed_lines": [], "summary": {"covered_lines": 0, "num_statements": 5, "percent_covered": 0.0, "percent_covered_display": "0", "missing_lines": 5, "excluded_lines": 0, "num_branches": 0, "num_partial_branches": 0, "covered_branches": 0, "missing_branches": 0}, "missing_lines": [156, 157, 167, 168, 169], "excluded_lines": [], "executed_branches": [], "missing_branches": []}, "FlextMeltanoUnifiedAntiCorruptionLayer.get_plugin_descriptor": {"executed_lines": [], "summary": {"covered_lines": 0, "num_statements": 1, "percent_covered": 0.0, "percent_covered_display": "0", "missing_lines": 1, "excluded_lines": 0, "num_branches": 0, "num_partial_branches": 0, "covered_branches": 0, "missing_branches": 0}, "missing_lines": [186], "excluded_lines": [], "executed_branches": [], "missing_branches": []}, "": {"executed_lines": [1, 6, 8, 9, 10, 12, 13, 19, 21, 24, 25, 27, 28, 29, 33, 37, 38, 39, 43, 45, 46, 62, 63, 65, 66, 67, 68, 69, 70, 74, 78, 79, 84, 85, 94, 95, 104, 105, 126, 127, 129, 135, 171], "summary": {"covered_lines": 39, "num_statements": 39, "percent_covered": 100.0, "percent_covered_display": "100", "missing_lines": 0, "excluded_lines": 0, "num_branches": 0, "num_partial_branches": 0, "covered_branches": 0, "missing_branches": 0}, "missing_lines": [], "excluded_lines": [], "executed_branches": [], "missing_branches": []}}, "classes": {"FlextMeltanoPluginDescriptor": {"executed_lines": [], "summary": {"covered_lines": 0, "num_statements": 4, "percent_covered": 0.0, "percent_covered_display": "0", "missing_lines": 4, "excluded_lines": 0, "num_branches": 2, "num_partial_branches": 0, "covered_branches": 0, "missing_branches": 2}, "missing_lines": [56, 57, 58, 59], "excluded_lines": [], "executed_branches": [], "missing_branches": [[56, 57], [56, 59]]}, "FlextMeltanoRunResult": {"executed_lines": [], "summary": {"covered_lines": 0, "num_statements": 3, "percent_covered": 0.0, "percent_covered_display": "0", "missing_lines": 3, "excluded_lines": 0, "num_branches": 0, "num_partial_branches": 0, "covered_branches": 0, "missing_branches": 0}, "missing_lines": [92, 102, 115], "excluded_lines": [], "executed_branches": [], "missing_branches": []}, "FlextMeltanoUnifiedAntiCorruptionLayer": {"executed_lines": [], "summary": {"covered_lines": 0, "num_statements": 9, "percent_covered": 0.0, "percent_covered_display": "0", "missing_lines": 9, "excluded_lines": 0, "num_branches": 0, "num_partial_branches": 0, "covered_branches": 0, "missing_branches": 0}, "missing_lines": [131, 132, 133, 156, 157, 167, 168, 169, 186], "excluded_lines": [], "executed_branches": [], "missing_branches": []}, "": {"executed_lines": [1, 6, 8, 9, 10, 12, 13, 19, 21, 24, 25, 27, 28, 29, 33, 37, 38, 39, 43, 45, 46, 62, 63, 65, 66, 67, 68, 69, 70, 74, 78, 79, 84, 85, 94, 95, 104, 105, 126, 127, 129, 135, 171], "summary": {"covered_lines": 39, "num_statements": 39, "percent_covered": 100.0, "percent_covered_display": "100", "missing_lines": 0, "excluded_lines": 0, "num_branches": 0, "num_partial_branches": 0, "covered_branches": 0, "missing_branches": 0}, "missing_lines": [], "excluded_lines": [], "executed_branches": [], "missing_branches": []}}}}, "totals": {"covered_lines": 1266, "num_statements": 5168, "percent_covered": 21.336553945249598, "percent_covered_display": "21", "missing_lines": 3902, "excluded_lines": 318, "num_branches": 1042, "num_partial_branches": 51, "covered_branches": 59, "missing_branches": 983}}