{
  "meta": {
    "format": 3,
    "version": "7.10.1",
    "timestamp": "2025-08-03T22:38:52.127535",
    "branch_coverage": true,
    "show_contexts": false
  },
  "files": {
    "src/flext_meltano/__init__.py": {
      "executed_lines": [
        1, 192, 194, 195, 197, 199, 206, 228, 229, 230, 231, 232, 234, 249, 255,
        262, 269, 278, 289, 298, 304, 317, 327, 337, 340, 344, 354, 355, 356,
        357, 358, 359, 362, 363, 364, 365, 366, 367, 371, 380, 390, 393
      ],
      "summary": {
        "covered_lines": 41,
        "num_statements": 58,
        "percent_covered": 68.75,
        "percent_covered_display": "69",
        "missing_lines": 17,
        "excluded_lines": 0,
        "num_branches": 6,
        "num_partial_branches": 3,
        "covered_branches": 3,
        "missing_branches": 3
      },
      "missing_lines": [
        200, 202, 207, 208, 209, 213, 219, 220, 224, 338, 346, 375, 376, 377,
        384, 385, 386
      ],
      "excluded_lines": [],
      "executed_branches": [
        [199, 206],
        [206, 228],
        [337, 340]
      ],
      "missing_branches": [
        [199, 200],
        [206, 207],
        [337, 338]
      ],
      "functions": {
        "_deprecated_api_warning": {
          "executed_lines": [],
          "summary": {
            "covered_lines": 0,
            "num_statements": 1,
            "percent_covered": 0.0,
            "percent_covered_display": "0",
            "missing_lines": 1,
            "excluded_lines": 0,
            "num_branches": 0,
            "num_partial_branches": 0,
            "covered_branches": 0,
            "missing_branches": 0
          },
          "missing_lines": [346],
          "excluded_lines": [],
          "executed_branches": [],
          "missing_branches": []
        },
        "flext_meltano_create_dbt_project": {
          "executed_lines": [],
          "summary": {
            "covered_lines": 0,
            "num_statements": 3,
            "percent_covered": 0.0,
            "percent_covered_display": "0",
            "missing_lines": 3,
            "excluded_lines": 0,
            "num_branches": 0,
            "num_partial_branches": 0,
            "covered_branches": 0,
            "missing_branches": 0
          },
          "missing_lines": [375, 376, 377],
          "excluded_lines": [],
          "executed_branches": [],
          "missing_branches": []
        },
        "flext_meltano_create_dbt_runner": {
          "executed_lines": [],
          "summary": {
            "covered_lines": 0,
            "num_statements": 3,
            "percent_covered": 0.0,
            "percent_covered_display": "0",
            "missing_lines": 3,
            "excluded_lines": 0,
            "num_branches": 0,
            "num_partial_branches": 0,
            "covered_branches": 0,
            "missing_branches": 0
          },
          "missing_lines": [384, 385, 386],
          "excluded_lines": [],
          "executed_branches": [],
          "missing_branches": []
        },
        "": {
          "executed_lines": [
            1, 192, 194, 195, 197, 199, 206, 228, 229, 230, 231, 232, 234, 249,
            255, 262, 269, 278, 289, 298, 304, 317, 327, 337, 340, 344, 354,
            355, 356, 357, 358, 359, 362, 363, 364, 365, 366, 367, 371, 380,
            390, 393
          ],
          "summary": {
            "covered_lines": 41,
            "num_statements": 51,
            "percent_covered": 77.19298245614036,
            "percent_covered_display": "77",
            "missing_lines": 10,
            "excluded_lines": 0,
            "num_branches": 6,
            "num_partial_branches": 3,
            "covered_branches": 3,
            "missing_branches": 3
          },
          "missing_lines": [200, 202, 207, 208, 209, 213, 219, 220, 224, 338],
          "excluded_lines": [],
          "executed_branches": [
            [199, 206],
            [206, 228],
            [337, 340]
          ],
          "missing_branches": [
            [199, 200],
            [206, 207],
            [337, 338]
          ]
        }
      },
      "classes": {
        "": {
          "executed_lines": [
            1, 192, 194, 195, 197, 199, 206, 228, 229, 230, 231, 232, 234, 249,
            255, 262, 269, 278, 289, 298, 304, 317, 327, 337, 340, 344, 354,
            355, 356, 357, 358, 359, 362, 363, 364, 365, 366, 367, 371, 380,
            390, 393
          ],
          "summary": {
            "covered_lines": 41,
            "num_statements": 58,
            "percent_covered": 68.75,
            "percent_covered_display": "69",
            "missing_lines": 17,
            "excluded_lines": 0,
            "num_branches": 6,
            "num_partial_branches": 3,
            "covered_branches": 3,
            "missing_branches": 3
          },
          "missing_lines": [
            200, 202, 207, 208, 209, 213, 219, 220, 224, 338, 346, 375, 376,
            377, 384, 385, 386
          ],
          "excluded_lines": [],
          "executed_branches": [
            [199, 206],
            [206, 228],
            [337, 340]
          ],
          "missing_branches": [
            [199, 200],
            [206, 207],
            [337, 338]
          ]
        }
      }
    },
    "src/flext_meltano/base.py": {
      "executed_lines": [
        1, 114, 116, 117, 118, 119, 120, 122, 123, 131, 132, 140, 142, 149, 150,
        152, 153, 156, 160, 163, 169, 173, 178, 179, 180, 182, 185, 186, 187,
        188, 190, 191, 193, 194, 197, 198, 200, 204, 205, 209, 210, 212, 213,
        215, 217, 219, 220, 221, 222, 223, 229, 230, 231, 233, 235, 236, 237,
        242, 244, 246, 247, 248, 250, 251, 255, 256, 259, 260, 267, 268, 269,
        271, 273, 274, 275, 277, 279, 280, 283, 285, 293, 295, 296, 298, 300,
        301, 302, 304, 306, 307, 308, 310, 311, 312, 313, 315, 316, 317, 318,
        319, 322, 323, 324, 326, 328, 329, 330, 332, 334, 335, 338, 340, 348,
        350, 351, 353, 355, 356, 357, 363, 364, 365, 367, 369, 370, 372, 374,
        376, 378, 386, 391, 393, 394, 400, 401, 402, 404, 406, 407, 410, 412,
        414, 415, 417, 419, 421, 429, 435, 436, 437, 439, 440, 443, 444, 445,
        446, 447, 450, 453, 456, 460, 466, 467, 470, 471, 474, 475, 476, 477,
        478, 481, 484, 487, 491, 493, 494, 495, 498, 499, 503, 505, 507, 519,
        523, 524, 525, 526, 527, 536, 540, 541, 542, 543, 544, 553, 557, 558,
        559, 560, 565, 570, 574, 575, 576, 577, 582, 591, 592, 593, 597, 598,
        599
      ],
      "summary": {
        "covered_lines": 198,
        "num_statements": 229,
        "percent_covered": 85.15901060070671,
        "percent_covered_display": "85",
        "missing_lines": 31,
        "excluded_lines": 6,
        "num_branches": 54,
        "num_partial_branches": 11,
        "covered_branches": 43,
        "missing_branches": 11
      },
      "missing_lines": [
        133, 135, 137, 143, 145, 146, 252, 253, 281, 336, 392, 457, 458, 468,
        488, 489, 500, 501, 502, 531, 532, 533, 548, 549, 550, 561, 566, 567,
        578, 583, 584
      ],
      "excluded_lines": [255, 256, 257, 259, 260, 261],
      "executed_branches": [
        [142, 149],
        [185, 186],
        [185, 188],
        [219, 220],
        [219, 221],
        [221, 222],
        [221, 223],
        [247, 248],
        [247, 250],
        [279, 280],
        [300, 301],
        [300, 302],
        [306, 307],
        [306, 315],
        [307, 308],
        [307, 310],
        [334, 335],
        [355, 356],
        [355, 357],
        [391, 393],
        [414, 415],
        [414, 417],
        [436, 437],
        [436, 439],
        [439, 440],
        [439, 443],
        [444, 445],
        [444, 446],
        [446, 447],
        [446, 450],
        [467, 470],
        [470, 471],
        [470, 474],
        [475, 476],
        [475, 477],
        [477, 478],
        [477, 481],
        [494, 495],
        [499, 503],
        [526, 527],
        [543, 544],
        [560, 565],
        [577, 582]
      ],
      "missing_branches": [
        [142, 143],
        [279, 281],
        [334, 336],
        [391, 392],
        [467, 468],
        [494, 498],
        [499, 500],
        [526, 531],
        [543, 548],
        [560, 561],
        [577, 578]
      ],
      "functions": {
        "FlextMeltanoConfig.validate_project_root": {
          "executed_lines": [182, 185, 186, 187, 188],
          "summary": {
            "covered_lines": 5,
            "num_statements": 5,
            "percent_covered": 100.0,
            "percent_covered_display": "100",
            "missing_lines": 0,
            "excluded_lines": 0,
            "num_branches": 2,
            "num_partial_branches": 0,
            "covered_branches": 2,
            "missing_branches": 0
          },
          "missing_lines": [],
          "excluded_lines": [],
          "executed_branches": [
            [185, 186],
            [185, 188]
          ],
          "missing_branches": []
        },
        "FlextMeltanoEvent.validate_domain_rules": {
          "executed_lines": [219, 220, 221, 222, 223],
          "summary": {
            "covered_lines": 5,
            "num_statements": 5,
            "percent_covered": 100.0,
            "percent_covered_display": "100",
            "missing_lines": 0,
            "excluded_lines": 0,
            "num_branches": 4,
            "num_partial_branches": 0,
            "covered_branches": 4,
            "missing_branches": 0
          },
          "missing_lines": [],
          "excluded_lines": [],
          "executed_branches": [
            [219, 220],
            [219, 221],
            [221, 222],
            [221, 223]
          ],
          "missing_branches": []
        },
        "FlextMeltanoBaseService.__init__": {
          "executed_lines": [235, 236, 237],
          "summary": {
            "covered_lines": 3,
            "num_statements": 3,
            "percent_covered": 100.0,
            "percent_covered_display": "100",
            "missing_lines": 0,
            "excluded_lines": 0,
            "num_branches": 0,
            "num_partial_branches": 0,
            "covered_branches": 0,
            "missing_branches": 0
          },
          "missing_lines": [],
          "excluded_lines": [],
          "executed_branches": [],
          "missing_branches": []
        },
        "FlextMeltanoBaseService.initialize": {
          "executed_lines": [244, 246, 247, 248, 250, 251],
          "summary": {
            "covered_lines": 6,
            "num_statements": 8,
            "percent_covered": 80.0,
            "percent_covered_display": "80",
            "missing_lines": 2,
            "excluded_lines": 0,
            "num_branches": 2,
            "num_partial_branches": 0,
            "covered_branches": 2,
            "missing_branches": 0
          },
          "missing_lines": [252, 253],
          "excluded_lines": [],
          "executed_branches": [
            [247, 248],
            [247, 250]
          ],
          "missing_branches": []
        },
        "FlextMeltanoBaseService.validate_service": {
          "executed_lines": [],
          "summary": {
            "covered_lines": 0,
            "num_statements": 0,
            "percent_covered": 100.0,
            "percent_covered_display": "100",
            "missing_lines": 0,
            "excluded_lines": 1,
            "num_branches": 0,
            "num_partial_branches": 0,
            "covered_branches": 0,
            "missing_branches": 0
          },
          "missing_lines": [],
          "excluded_lines": [257],
          "executed_branches": [],
          "missing_branches": []
        },
        "FlextMeltanoBaseService.get_health_status": {
          "executed_lines": [],
          "summary": {
            "covered_lines": 0,
            "num_statements": 0,
            "percent_covered": 100.0,
            "percent_covered_display": "100",
            "missing_lines": 0,
            "excluded_lines": 1,
            "num_branches": 0,
            "num_partial_branches": 0,
            "covered_branches": 0,
            "missing_branches": 0
          },
          "missing_lines": [],
          "excluded_lines": [261],
          "executed_branches": [],
          "missing_branches": []
        },
        "FlextMeltanoTapService.__init__": {
          "executed_lines": [273, 274, 275],
          "summary": {
            "covered_lines": 3,
            "num_statements": 3,
            "percent_covered": 100.0,
            "percent_covered_display": "100",
            "missing_lines": 0,
            "excluded_lines": 0,
            "num_branches": 0,
            "num_partial_branches": 0,
            "covered_branches": 0,
            "missing_branches": 0
          },
          "missing_lines": [],
          "excluded_lines": [],
          "executed_branches": [],
          "missing_branches": []
        },
        "FlextMeltanoTapService.validate_service": {
          "executed_lines": [279, 280],
          "summary": {
            "covered_lines": 2,
            "num_statements": 3,
            "percent_covered": 60.0,
            "percent_covered_display": "60",
            "missing_lines": 1,
            "excluded_lines": 0,
            "num_branches": 2,
            "num_partial_branches": 1,
            "covered_branches": 1,
            "missing_branches": 1
          },
          "missing_lines": [281],
          "excluded_lines": [],
          "executed_branches": [[279, 280]],
          "missing_branches": [[279, 281]]
        },
        "FlextMeltanoTapService.get_health_status": {
          "executed_lines": [285],
          "summary": {
            "covered_lines": 1,
            "num_statements": 1,
            "percent_covered": 100.0,
            "percent_covered_display": "100",
            "missing_lines": 0,
            "excluded_lines": 0,
            "num_branches": 0,
            "num_partial_branches": 0,
            "covered_branches": 0,
            "missing_branches": 0
          },
          "missing_lines": [],
          "excluded_lines": [],
          "executed_branches": [],
          "missing_branches": []
        },
        "FlextMeltanoTapService.set_tap_class": {
          "executed_lines": [295, 296],
          "summary": {
            "covered_lines": 2,
            "num_statements": 2,
            "percent_covered": 100.0,
            "percent_covered_display": "100",
            "missing_lines": 0,
            "excluded_lines": 0,
            "num_branches": 0,
            "num_partial_branches": 0,
            "covered_branches": 0,
            "missing_branches": 0
          },
          "missing_lines": [],
          "excluded_lines": [],
          "executed_branches": [],
          "missing_branches": []
        },
        "FlextMeltanoTapService.validate_ready_for_use": {
          "executed_lines": [300, 301, 302],
          "summary": {
            "covered_lines": 3,
            "num_statements": 3,
            "percent_covered": 100.0,
            "percent_covered_display": "100",
            "missing_lines": 0,
            "excluded_lines": 0,
            "num_branches": 2,
            "num_partial_branches": 0,
            "covered_branches": 2,
            "missing_branches": 0
          },
          "missing_lines": [],
          "excluded_lines": [],
          "executed_branches": [
            [300, 301],
            [300, 302]
          ],
          "missing_branches": []
        },
        "FlextMeltanoTapService.discover_catalog": {
          "executed_lines": [
            306, 307, 308, 310, 311, 312, 313, 315, 316, 317, 318, 319
          ],
          "summary": {
            "covered_lines": 12,
            "num_statements": 12,
            "percent_covered": 100.0,
            "percent_covered_display": "100",
            "missing_lines": 0,
            "excluded_lines": 0,
            "num_branches": 4,
            "num_partial_branches": 0,
            "covered_branches": 4,
            "missing_branches": 0
          },
          "missing_lines": [],
          "excluded_lines": [],
          "executed_branches": [
            [306, 307],
            [306, 315],
            [307, 308],
            [307, 310]
          ],
          "missing_branches": []
        },
        "FlextMeltanoTargetService.__init__": {
          "executed_lines": [328, 329, 330],
          "summary": {
            "covered_lines": 3,
            "num_statements": 3,
            "percent_covered": 100.0,
            "percent_covered_display": "100",
            "missing_lines": 0,
            "excluded_lines": 0,
            "num_branches": 0,
            "num_partial_branches": 0,
            "covered_branches": 0,
            "missing_branches": 0
          },
          "missing_lines": [],
          "excluded_lines": [],
          "executed_branches": [],
          "missing_branches": []
        },
        "FlextMeltanoTargetService.validate_service": {
          "executed_lines": [334, 335],
          "summary": {
            "covered_lines": 2,
            "num_statements": 3,
            "percent_covered": 60.0,
            "percent_covered_display": "60",
            "missing_lines": 1,
            "excluded_lines": 0,
            "num_branches": 2,
            "num_partial_branches": 1,
            "covered_branches": 1,
            "missing_branches": 1
          },
          "missing_lines": [336],
          "excluded_lines": [],
          "executed_branches": [[334, 335]],
          "missing_branches": [[334, 336]]
        },
        "FlextMeltanoTargetService.get_health_status": {
          "executed_lines": [340],
          "summary": {
            "covered_lines": 1,
            "num_statements": 1,
            "percent_covered": 100.0,
            "percent_covered_display": "100",
            "missing_lines": 0,
            "excluded_lines": 0,
            "num_branches": 0,
            "num_partial_branches": 0,
            "covered_branches": 0,
            "missing_branches": 0
          },
          "missing_lines": [],
          "excluded_lines": [],
          "executed_branches": [],
          "missing_branches": []
        },
        "FlextMeltanoTargetService.set_target_class": {
          "executed_lines": [350, 351],
          "summary": {
            "covered_lines": 2,
            "num_statements": 2,
            "percent_covered": 100.0,
            "percent_covered_display": "100",
            "missing_lines": 0,
            "excluded_lines": 0,
            "num_branches": 0,
            "num_partial_branches": 0,
            "covered_branches": 0,
            "missing_branches": 0
          },
          "missing_lines": [],
          "excluded_lines": [],
          "executed_branches": [],
          "missing_branches": []
        },
        "FlextMeltanoTargetService.validate_ready_for_use": {
          "executed_lines": [355, 356, 357],
          "summary": {
            "covered_lines": 3,
            "num_statements": 3,
            "percent_covered": 100.0,
            "percent_covered_display": "100",
            "missing_lines": 0,
            "excluded_lines": 0,
            "num_branches": 2,
            "num_partial_branches": 0,
            "covered_branches": 2,
            "missing_branches": 0
          },
          "missing_lines": [],
          "excluded_lines": [],
          "executed_branches": [
            [355, 356],
            [355, 357]
          ],
          "missing_branches": []
        },
        "FlextMeltanoExtensionService.__init__": {
          "executed_lines": [369, 370],
          "summary": {
            "covered_lines": 2,
            "num_statements": 2,
            "percent_covered": 100.0,
            "percent_covered_display": "100",
            "missing_lines": 0,
            "excluded_lines": 0,
            "num_branches": 0,
            "num_partial_branches": 0,
            "covered_branches": 0,
            "missing_branches": 0
          },
          "missing_lines": [],
          "excluded_lines": [],
          "executed_branches": [],
          "missing_branches": []
        },
        "FlextMeltanoExtensionService.validate_service": {
          "executed_lines": [374],
          "summary": {
            "covered_lines": 1,
            "num_statements": 1,
            "percent_covered": 100.0,
            "percent_covered_display": "100",
            "missing_lines": 0,
            "excluded_lines": 0,
            "num_branches": 0,
            "num_partial_branches": 0,
            "covered_branches": 0,
            "missing_branches": 0
          },
          "missing_lines": [],
          "excluded_lines": [],
          "executed_branches": [],
          "missing_branches": []
        },
        "FlextMeltanoExtensionService.get_health_status": {
          "executed_lines": [378],
          "summary": {
            "covered_lines": 1,
            "num_statements": 1,
            "percent_covered": 100.0,
            "percent_covered_display": "100",
            "missing_lines": 0,
            "excluded_lines": 0,
            "num_branches": 0,
            "num_partial_branches": 0,
            "covered_branches": 0,
            "missing_branches": 0
          },
          "missing_lines": [],
          "excluded_lines": [],
          "executed_branches": [],
          "missing_branches": []
        },
        "FlextMeltanoExtensionService.set_extension_class": {
          "executed_lines": [391, 393, 394],
          "summary": {
            "covered_lines": 3,
            "num_statements": 4,
            "percent_covered": 66.66666666666667,
            "percent_covered_display": "67",
            "missing_lines": 1,
            "excluded_lines": 0,
            "num_branches": 2,
            "num_partial_branches": 1,
            "covered_branches": 1,
            "missing_branches": 1
          },
          "missing_lines": [392],
          "excluded_lines": [],
          "executed_branches": [[391, 393]],
          "missing_branches": [[391, 392]]
        },
        "FlextMeltanoDbtService.__init__": {
          "executed_lines": [406, 407, 410],
          "summary": {
            "covered_lines": 3,
            "num_statements": 3,
            "percent_covered": 100.0,
            "percent_covered_display": "100",
            "missing_lines": 0,
            "excluded_lines": 0,
            "num_branches": 0,
            "num_partial_branches": 0,
            "covered_branches": 0,
            "missing_branches": 0
          },
          "missing_lines": [],
          "excluded_lines": [],
          "executed_branches": [],
          "missing_branches": []
        },
        "FlextMeltanoDbtService.validate_service": {
          "executed_lines": [414, 415, 417],
          "summary": {
            "covered_lines": 3,
            "num_statements": 3,
            "percent_covered": 100.0,
            "percent_covered_display": "100",
            "missing_lines": 0,
            "excluded_lines": 0,
            "num_branches": 2,
            "num_partial_branches": 0,
            "covered_branches": 2,
            "missing_branches": 0
          },
          "missing_lines": [],
          "excluded_lines": [],
          "executed_branches": [
            [414, 415],
            [414, 417]
          ],
          "missing_branches": []
        },
        "FlextMeltanoDbtService.get_health_status": {
          "executed_lines": [421],
          "summary": {
            "covered_lines": 1,
            "num_statements": 1,
            "percent_covered": 100.0,
            "percent_covered_display": "100",
            "missing_lines": 0,
            "excluded_lines": 0,
            "num_branches": 0,
            "num_partial_branches": 0,
            "covered_branches": 0,
            "missing_branches": 0
          },
          "missing_lines": [],
          "excluded_lines": [],
          "executed_branches": [],
          "missing_branches": []
        },
        "FlextMeltanoDbtService.run_models": {
          "executed_lines": [
            435, 436, 437, 439, 440, 443, 444, 445, 446, 447, 450, 453, 456
          ],
          "summary": {
            "covered_lines": 13,
            "num_statements": 15,
            "percent_covered": 91.30434782608695,
            "percent_covered_display": "91",
            "missing_lines": 2,
            "excluded_lines": 0,
            "num_branches": 8,
            "num_partial_branches": 0,
            "covered_branches": 8,
            "missing_branches": 0
          },
          "missing_lines": [457, 458],
          "excluded_lines": [],
          "executed_branches": [
            [436, 437],
            [436, 439],
            [439, 440],
            [439, 443],
            [444, 445],
            [444, 446],
            [446, 447],
            [446, 450]
          ],
          "missing_branches": []
        },
        "FlextMeltanoDbtService.test_models": {
          "executed_lines": [
            466, 467, 470, 471, 474, 475, 476, 477, 478, 481, 484, 487
          ],
          "summary": {
            "covered_lines": 12,
            "num_statements": 15,
            "percent_covered": 82.6086956521739,
            "percent_covered_display": "83",
            "missing_lines": 3,
            "excluded_lines": 0,
            "num_branches": 8,
            "num_partial_branches": 1,
            "covered_branches": 7,
            "missing_branches": 1
          },
          "missing_lines": [468, 488, 489],
          "excluded_lines": [],
          "executed_branches": [
            [467, 470],
            [470, 471],
            [470, 474],
            [475, 476],
            [475, 477],
            [477, 478],
            [477, 481]
          ],
          "missing_branches": [[467, 468]]
        },
        "FlextMeltanoDbtService.get_dbt_version": {
          "executed_lines": [493, 494, 495, 498, 499, 503],
          "summary": {
            "covered_lines": 6,
            "num_statements": 9,
            "percent_covered": 61.53846153846154,
            "percent_covered_display": "62",
            "missing_lines": 3,
            "excluded_lines": 0,
            "num_branches": 4,
            "num_partial_branches": 2,
            "covered_branches": 2,
            "missing_branches": 2
          },
          "missing_lines": [500, 501, 502],
          "excluded_lines": [],
          "executed_branches": [
            [494, 495],
            [499, 503]
          ],
          "missing_branches": [
            [494, 498],
            [499, 500]
          ]
        },
        "FlextMeltanoDbtService.execute": {
          "executed_lines": [507],
          "summary": {
            "covered_lines": 1,
            "num_statements": 1,
            "percent_covered": 100.0,
            "percent_covered_display": "100",
            "missing_lines": 0,
            "excluded_lines": 0,
            "num_branches": 0,
            "num_partial_branches": 0,
            "covered_branches": 0,
            "missing_branches": 0
          },
          "missing_lines": [],
          "excluded_lines": [],
          "executed_branches": [],
          "missing_branches": []
        },
        "create_meltano_tap_service": {
          "executed_lines": [523, 524, 525, 526, 527],
          "summary": {
            "covered_lines": 5,
            "num_statements": 8,
            "percent_covered": 60.0,
            "percent_covered_display": "60",
            "missing_lines": 3,
            "excluded_lines": 0,
            "num_branches": 2,
            "num_partial_branches": 1,
            "covered_branches": 1,
            "missing_branches": 1
          },
          "missing_lines": [531, 532, 533],
          "excluded_lines": [],
          "executed_branches": [[526, 527]],
          "missing_branches": [[526, 531]]
        },
        "create_meltano_target_service": {
          "executed_lines": [540, 541, 542, 543, 544],
          "summary": {
            "covered_lines": 5,
            "num_statements": 8,
            "percent_covered": 60.0,
            "percent_covered_display": "60",
            "missing_lines": 3,
            "excluded_lines": 0,
            "num_branches": 2,
            "num_partial_branches": 1,
            "covered_branches": 1,
            "missing_branches": 1
          },
          "missing_lines": [548, 549, 550],
          "excluded_lines": [],
          "executed_branches": [[543, 544]],
          "missing_branches": [[543, 548]]
        },
        "create_meltano_dbt_service": {
          "executed_lines": [557, 558, 559, 560, 565],
          "summary": {
            "covered_lines": 5,
            "num_statements": 8,
            "percent_covered": 60.0,
            "percent_covered_display": "60",
            "missing_lines": 3,
            "excluded_lines": 0,
            "num_branches": 2,
            "num_partial_branches": 1,
            "covered_branches": 1,
            "missing_branches": 1
          },
          "missing_lines": [561, 566, 567],
          "excluded_lines": [],
          "executed_branches": [[560, 565]],
          "missing_branches": [[560, 561]]
        },
        "create_meltano_extension_service": {
          "executed_lines": [574, 575, 576, 577, 582],
          "summary": {
            "covered_lines": 5,
            "num_statements": 8,
            "percent_covered": 60.0,
            "percent_covered_display": "60",
            "missing_lines": 3,
            "excluded_lines": 0,
            "num_branches": 2,
            "num_partial_branches": 1,
            "covered_branches": 1,
            "missing_branches": 1
          },
          "missing_lines": [578, 583, 584],
          "excluded_lines": [],
          "executed_branches": [[577, 582]],
          "missing_branches": [[577, 578]]
        },
        "": {
          "executed_lines": [
            1, 114, 116, 117, 118, 119, 120, 122, 123, 131, 132, 140, 142, 149,
            150, 152, 153, 156, 160, 163, 169, 173, 178, 179, 180, 190, 191,
            193, 194, 197, 198, 200, 204, 205, 209, 210, 212, 213, 215, 217,
            229, 230, 231, 233, 242, 255, 256, 259, 260, 267, 268, 269, 271,
            277, 283, 293, 298, 304, 322, 323, 324, 326, 332, 338, 348, 353,
            363, 364, 365, 367, 372, 376, 386, 400, 401, 402, 404, 412, 419,
            429, 460, 491, 505, 519, 536, 553, 570, 591, 592, 593, 597, 598, 599
          ],
          "summary": {
            "covered_lines": 79,
            "num_statements": 85,
            "percent_covered": 91.95402298850574,
            "percent_covered_display": "92",
            "missing_lines": 6,
            "excluded_lines": 4,
            "num_branches": 2,
            "num_partial_branches": 1,
            "covered_branches": 1,
            "missing_branches": 1
          },
          "missing_lines": [133, 135, 137, 143, 145, 146],
          "excluded_lines": [255, 256, 259, 260],
          "executed_branches": [[142, 149]],
          "missing_branches": [[142, 143]]
        }
      },
      "classes": {
        "FlextMeltanoConfig": {
          "executed_lines": [182, 185, 186, 187, 188],
          "summary": {
            "covered_lines": 5,
            "num_statements": 5,
            "percent_covered": 100.0,
            "percent_covered_display": "100",
            "missing_lines": 0,
            "excluded_lines": 0,
            "num_branches": 2,
            "num_partial_branches": 0,
            "covered_branches": 2,
            "missing_branches": 0
          },
          "missing_lines": [],
          "excluded_lines": [],
          "executed_branches": [
            [185, 186],
            [185, 188]
          ],
          "missing_branches": []
        },
        "FlextMeltanoConfig.Config": {
          "executed_lines": [],
          "summary": {
            "covered_lines": 0,
            "num_statements": 0,
            "percent_covered": 100.0,
            "percent_covered_display": "100",
            "missing_lines": 0,
            "excluded_lines": 0,
            "num_branches": 0,
            "num_partial_branches": 0,
            "covered_branches": 0,
            "missing_branches": 0
          },
          "missing_lines": [],
          "excluded_lines": [],
          "executed_branches": [],
          "missing_branches": []
        },
        "FlextMeltanoEvent": {
          "executed_lines": [219, 220, 221, 222, 223],
          "summary": {
            "covered_lines": 5,
            "num_statements": 5,
            "percent_covered": 100.0,
            "percent_covered_display": "100",
            "missing_lines": 0,
            "excluded_lines": 0,
            "num_branches": 4,
            "num_partial_branches": 0,
            "covered_branches": 4,
            "missing_branches": 0
          },
          "missing_lines": [],
          "excluded_lines": [],
          "executed_branches": [
            [219, 220],
            [219, 221],
            [221, 222],
            [221, 223]
          ],
          "missing_branches": []
        },
        "FlextMeltanoEvent.Config": {
          "executed_lines": [],
          "summary": {
            "covered_lines": 0,
            "num_statements": 0,
            "percent_covered": 100.0,
            "percent_covered_display": "100",
            "missing_lines": 0,
            "excluded_lines": 0,
            "num_branches": 0,
            "num_partial_branches": 0,
            "covered_branches": 0,
            "missing_branches": 0
          },
          "missing_lines": [],
          "excluded_lines": [],
          "executed_branches": [],
          "missing_branches": []
        },
        "FlextMeltanoBaseService": {
          "executed_lines": [235, 236, 237, 244, 246, 247, 248, 250, 251],
          "summary": {
            "covered_lines": 9,
            "num_statements": 11,
            "percent_covered": 84.61538461538461,
            "percent_covered_display": "85",
            "missing_lines": 2,
            "excluded_lines": 2,
            "num_branches": 2,
            "num_partial_branches": 0,
            "covered_branches": 2,
            "missing_branches": 0
          },
          "missing_lines": [252, 253],
          "excluded_lines": [257, 261],
          "executed_branches": [
            [247, 248],
            [247, 250]
          ],
          "missing_branches": []
        },
        "FlextMeltanoTapService": {
          "executed_lines": [
            273, 274, 275, 279, 280, 285, 295, 296, 300, 301, 302, 306, 307,
            308, 310, 311, 312, 313, 315, 316, 317, 318, 319
          ],
          "summary": {
            "covered_lines": 23,
            "num_statements": 24,
            "percent_covered": 93.75,
            "percent_covered_display": "94",
            "missing_lines": 1,
            "excluded_lines": 0,
            "num_branches": 8,
            "num_partial_branches": 1,
            "covered_branches": 7,
            "missing_branches": 1
          },
          "missing_lines": [281],
          "excluded_lines": [],
          "executed_branches": [
            [279, 280],
            [300, 301],
            [300, 302],
            [306, 307],
            [306, 315],
            [307, 308],
            [307, 310]
          ],
          "missing_branches": [[279, 281]]
        },
        "FlextMeltanoTargetService": {
          "executed_lines": [
            328, 329, 330, 334, 335, 340, 350, 351, 355, 356, 357
          ],
          "summary": {
            "covered_lines": 11,
            "num_statements": 12,
            "percent_covered": 87.5,
            "percent_covered_display": "88",
            "missing_lines": 1,
            "excluded_lines": 0,
            "num_branches": 4,
            "num_partial_branches": 1,
            "covered_branches": 3,
            "missing_branches": 1
          },
          "missing_lines": [336],
          "excluded_lines": [],
          "executed_branches": [
            [334, 335],
            [355, 356],
            [355, 357]
          ],
          "missing_branches": [[334, 336]]
        },
        "FlextMeltanoExtensionService": {
          "executed_lines": [369, 370, 374, 378, 391, 393, 394],
          "summary": {
            "covered_lines": 7,
            "num_statements": 8,
            "percent_covered": 80.0,
            "percent_covered_display": "80",
            "missing_lines": 1,
            "excluded_lines": 0,
            "num_branches": 2,
            "num_partial_branches": 1,
            "covered_branches": 1,
            "missing_branches": 1
          },
          "missing_lines": [392],
          "excluded_lines": [],
          "executed_branches": [[391, 393]],
          "missing_branches": [[391, 392]]
        },
        "FlextMeltanoDbtService": {
          "executed_lines": [
            406, 407, 410, 414, 415, 417, 421, 435, 436, 437, 439, 440, 443,
            444, 445, 446, 447, 450, 453, 456, 466, 467, 470, 471, 474, 475,
            476, 477, 478, 481, 484, 487, 493, 494, 495, 498, 499, 503, 507
          ],
          "summary": {
            "covered_lines": 39,
            "num_statements": 47,
            "percent_covered": 84.05797101449275,
            "percent_covered_display": "84",
            "missing_lines": 8,
            "excluded_lines": 0,
            "num_branches": 22,
            "num_partial_branches": 3,
            "covered_branches": 19,
            "missing_branches": 3
          },
          "missing_lines": [457, 458, 468, 488, 489, 500, 501, 502],
          "excluded_lines": [],
          "executed_branches": [
            [414, 415],
            [414, 417],
            [436, 437],
            [436, 439],
            [439, 440],
            [439, 443],
            [444, 445],
            [444, 446],
            [446, 447],
            [446, 450],
            [467, 470],
            [470, 471],
            [470, 474],
            [475, 476],
            [475, 477],
            [477, 478],
            [477, 481],
            [494, 495],
            [499, 503]
          ],
          "missing_branches": [
            [467, 468],
            [494, 498],
            [499, 500]
          ]
        },
        "": {
          "executed_lines": [
            1, 114, 116, 117, 118, 119, 120, 122, 123, 131, 132, 140, 142, 149,
            150, 152, 153, 156, 160, 163, 169, 173, 178, 179, 180, 190, 191,
            193, 194, 197, 198, 200, 204, 205, 209, 210, 212, 213, 215, 217,
            229, 230, 231, 233, 242, 255, 256, 259, 260, 267, 268, 269, 271,
            277, 283, 293, 298, 304, 322, 323, 324, 326, 332, 338, 348, 353,
            363, 364, 365, 367, 372, 376, 386, 400, 401, 402, 404, 412, 419,
            429, 460, 491, 505, 519, 523, 524, 525, 526, 527, 536, 540, 541,
            542, 543, 544, 553, 557, 558, 559, 560, 565, 570, 574, 575, 576,
            577, 582, 591, 592, 593, 597, 598, 599
          ],
          "summary": {
            "covered_lines": 99,
            "num_statements": 117,
            "percent_covered": 81.88976377952756,
            "percent_covered_display": "82",
            "missing_lines": 18,
            "excluded_lines": 4,
            "num_branches": 10,
            "num_partial_branches": 5,
            "covered_branches": 5,
            "missing_branches": 5
          },
          "missing_lines": [
            133, 135, 137, 143, 145, 146, 531, 532, 533, 548, 549, 550, 561,
            566, 567, 578, 583, 584
          ],
          "excluded_lines": [255, 256, 259, 260],
          "executed_branches": [
            [142, 149],
            [526, 527],
            [543, 544],
            [560, 565],
            [577, 582]
          ],
          "missing_branches": [
            [142, 143],
            [526, 531],
            [543, 548],
            [560, 561],
            [577, 578]
          ]
        }
      }
    },
    "src/flext_meltano/cli.py": {
      "executed_lines": [
        1, 136, 138, 139, 141, 143, 149, 150, 152, 154, 156, 162, 164, 172, 174,
        175, 176, 177, 178, 179, 180, 182, 190, 197, 199, 206, 208, 215, 217,
        224, 226, 227, 230, 231, 232, 233, 234, 235, 237, 244, 246, 252, 257,
        259, 263, 268, 270, 271, 273, 274, 278, 279, 280, 281, 282, 284, 286,
        294, 295, 296, 301, 303, 304, 306, 308, 309, 310, 311, 312, 314, 315,
        316, 318, 320, 321, 323, 329, 330, 333, 337, 338, 339, 342, 343, 344,
        347
      ],
      "summary": {
        "covered_lines": 84,
        "num_statements": 86,
        "percent_covered": 97.36842105263158,
        "percent_covered_display": "97",
        "missing_lines": 2,
        "excluded_lines": 0,
        "num_branches": 28,
        "num_partial_branches": 1,
        "covered_branches": 27,
        "missing_branches": 1
      },
      "missing_lines": [275, 302],
      "excluded_lines": [],
      "executed_branches": [
        [162, 164],
        [162, 172],
        [174, 175],
        [174, 176],
        [176, 177],
        [176, 178],
        [178, 179],
        [178, 180],
        [180, 182],
        [180, 190],
        [226, 227],
        [226, 230],
        [230, 231],
        [230, 232],
        [232, 233],
        [232, 234],
        [234, 235],
        [234, 237],
        [270, 271],
        [270, 273],
        [274, 278],
        [294, 295],
        [294, 296],
        [309, 310],
        [309, 316],
        [310, 311],
        [310, 314]
      ],
      "missing_branches": [[274, 275]],
      "functions": {
        "FlextMeltanoCli.__init__": {
          "executed_lines": [154],
          "summary": {
            "covered_lines": 1,
            "num_statements": 1,
            "percent_covered": 100.0,
            "percent_covered_display": "100",
            "missing_lines": 0,
            "excluded_lines": 0,
            "num_branches": 0,
            "num_partial_branches": 0,
            "covered_branches": 0,
            "missing_branches": 0
          },
          "missing_lines": [],
          "excluded_lines": [],
          "executed_branches": [],
          "missing_branches": []
        },
        "FlextMeltanoCli.execute": {
          "executed_lines": [
            162, 164, 172, 174, 175, 176, 177, 178, 179, 180, 182, 190
          ],
          "summary": {
            "covered_lines": 12,
            "num_statements": 12,
            "percent_covered": 100.0,
            "percent_covered_display": "100",
            "missing_lines": 0,
            "excluded_lines": 0,
            "num_branches": 10,
            "num_partial_branches": 0,
            "covered_branches": 10,
            "missing_branches": 0
          },
          "missing_lines": [],
          "excluded_lines": [],
          "executed_branches": [
            [162, 164],
            [162, 172],
            [174, 175],
            [174, 176],
            [176, 177],
            [176, 178],
            [178, 179],
            [178, 180],
            [180, 182],
            [180, 190]
          ],
          "missing_branches": []
        },
        "FlextMeltanoCli.health": {
          "executed_lines": [199],
          "summary": {
            "covered_lines": 1,
            "num_statements": 1,
            "percent_covered": 100.0,
            "percent_covered_display": "100",
            "missing_lines": 0,
            "excluded_lines": 0,
            "num_branches": 0,
            "num_partial_branches": 0,
            "covered_branches": 0,
            "missing_branches": 0
          },
          "missing_lines": [],
          "excluded_lines": [],
          "executed_branches": [],
          "missing_branches": []
        },
        "FlextMeltanoCli.version": {
          "executed_lines": [208],
          "summary": {
            "covered_lines": 1,
            "num_statements": 1,
            "percent_covered": 100.0,
            "percent_covered_display": "100",
            "missing_lines": 0,
            "excluded_lines": 0,
            "num_branches": 0,
            "num_partial_branches": 0,
            "covered_branches": 0,
            "missing_branches": 0
          },
          "missing_lines": [],
          "excluded_lines": [],
          "executed_branches": [],
          "missing_branches": []
        },
        "FlextMeltanoCli.help": {
          "executed_lines": [217],
          "summary": {
            "covered_lines": 1,
            "num_statements": 1,
            "percent_covered": 100.0,
            "percent_covered_display": "100",
            "missing_lines": 0,
            "excluded_lines": 0,
            "num_branches": 0,
            "num_partial_branches": 0,
            "covered_branches": 0,
            "missing_branches": 0
          },
          "missing_lines": [],
          "excluded_lines": [],
          "executed_branches": [],
          "missing_branches": []
        },
        "FlextMeltanoCli.run": {
          "executed_lines": [226, 227, 230, 231, 232, 233, 234, 235, 237],
          "summary": {
            "covered_lines": 9,
            "num_statements": 9,
            "percent_covered": 100.0,
            "percent_covered_display": "100",
            "missing_lines": 0,
            "excluded_lines": 0,
            "num_branches": 8,
            "num_partial_branches": 0,
            "covered_branches": 8,
            "missing_branches": 0
          },
          "missing_lines": [],
          "excluded_lines": [],
          "executed_branches": [
            [226, 227],
            [226, 230],
            [230, 231],
            [230, 232],
            [232, 233],
            [232, 234],
            [234, 235],
            [234, 237]
          ],
          "missing_branches": []
        },
        "FlextMeltanoCli.list_commands": {
          "executed_lines": [246],
          "summary": {
            "covered_lines": 1,
            "num_statements": 1,
            "percent_covered": 100.0,
            "percent_covered_display": "100",
            "missing_lines": 0,
            "excluded_lines": 0,
            "num_branches": 0,
            "num_partial_branches": 0,
            "covered_branches": 0,
            "missing_branches": 0
          },
          "missing_lines": [],
          "excluded_lines": [],
          "executed_branches": [],
          "missing_branches": []
        },
        "FlextMeltanoCli.flext_meltano_run_command": {
          "executed_lines": [
            257, 259, 263, 268, 270, 271, 273, 274, 278, 279, 284, 286, 294,
            295, 296, 301, 303, 304
          ],
          "summary": {
            "covered_lines": 18,
            "num_statements": 20,
            "percent_covered": 88.46153846153847,
            "percent_covered_display": "88",
            "missing_lines": 2,
            "excluded_lines": 0,
            "num_branches": 6,
            "num_partial_branches": 1,
            "covered_branches": 5,
            "missing_branches": 1
          },
          "missing_lines": [275, 302],
          "excluded_lines": [],
          "executed_branches": [
            [270, 271],
            [270, 273],
            [274, 278],
            [294, 295],
            [294, 296]
          ],
          "missing_branches": [[274, 275]]
        },
        "FlextMeltanoCli.flext_meltano_run_command.MockResult.__init__": {
          "executed_lines": [280, 281, 282],
          "summary": {
            "covered_lines": 3,
            "num_statements": 3,
            "percent_covered": 100.0,
            "percent_covered_display": "100",
            "missing_lines": 0,
            "excluded_lines": 0,
            "num_branches": 0,
            "num_partial_branches": 0,
            "covered_branches": 0,
            "missing_branches": 0
          },
          "missing_lines": [],
          "excluded_lines": [],
          "executed_branches": [],
          "missing_branches": []
        },
        "FlextMeltanoCli.flext_meltano_version": {
          "executed_lines": [308, 309, 310, 311, 312, 314, 315, 316],
          "summary": {
            "covered_lines": 8,
            "num_statements": 8,
            "percent_covered": 100.0,
            "percent_covered_display": "100",
            "missing_lines": 0,
            "excluded_lines": 0,
            "num_branches": 4,
            "num_partial_branches": 0,
            "covered_branches": 4,
            "missing_branches": 0
          },
          "missing_lines": [],
          "excluded_lines": [],
          "executed_branches": [
            [309, 310],
            [309, 316],
            [310, 311],
            [310, 314]
          ],
          "missing_branches": []
        },
        "FlextMeltanoCli.flext_meltano_install": {
          "executed_lines": [320, 321],
          "summary": {
            "covered_lines": 2,
            "num_statements": 2,
            "percent_covered": 100.0,
            "percent_covered_display": "100",
            "missing_lines": 0,
            "excluded_lines": 0,
            "num_branches": 0,
            "num_partial_branches": 0,
            "covered_branches": 0,
            "missing_branches": 0
          },
          "missing_lines": [],
          "excluded_lines": [],
          "executed_branches": [],
          "missing_branches": []
        },
        "FlextMeltanoCli.flext_meltano_invoke": {
          "executed_lines": [329, 330],
          "summary": {
            "covered_lines": 2,
            "num_statements": 2,
            "percent_covered": 100.0,
            "percent_covered_display": "100",
            "missing_lines": 0,
            "excluded_lines": 0,
            "num_branches": 0,
            "num_partial_branches": 0,
            "covered_branches": 0,
            "missing_branches": 0
          },
          "missing_lines": [],
          "excluded_lines": [],
          "executed_branches": [],
          "missing_branches": []
        },
        "flext_meltano_run_cli": {
          "executed_lines": [337, 338, 339, 342, 343, 344],
          "summary": {
            "covered_lines": 6,
            "num_statements": 6,
            "percent_covered": 100.0,
            "percent_covered_display": "100",
            "missing_lines": 0,
            "excluded_lines": 0,
            "num_branches": 0,
            "num_partial_branches": 0,
            "covered_branches": 0,
            "missing_branches": 0
          },
          "missing_lines": [],
          "excluded_lines": [],
          "executed_branches": [],
          "missing_branches": []
        },
        "": {
          "executed_lines": [
            1, 136, 138, 139, 141, 143, 149, 150, 152, 156, 197, 206, 215, 224,
            244, 252, 306, 318, 323, 333, 347
          ],
          "summary": {
            "covered_lines": 19,
            "num_statements": 19,
            "percent_covered": 100.0,
            "percent_covered_display": "100",
            "missing_lines": 0,
            "excluded_lines": 0,
            "num_branches": 0,
            "num_partial_branches": 0,
            "covered_branches": 0,
            "missing_branches": 0
          },
          "missing_lines": [],
          "excluded_lines": [],
          "executed_branches": [],
          "missing_branches": []
        }
      },
      "classes": {
        "FlextMeltanoCli": {
          "executed_lines": [
            154, 162, 164, 172, 174, 175, 176, 177, 178, 179, 180, 182, 190,
            199, 208, 217, 226, 227, 230, 231, 232, 233, 234, 235, 237, 246,
            257, 259, 263, 268, 270, 271, 273, 274, 278, 279, 284, 286, 294,
            295, 296, 301, 303, 304, 308, 309, 310, 311, 312, 314, 315, 316,
            320, 321, 329, 330
          ],
          "summary": {
            "covered_lines": 56,
            "num_statements": 58,
            "percent_covered": 96.51162790697674,
            "percent_covered_display": "97",
            "missing_lines": 2,
            "excluded_lines": 0,
            "num_branches": 28,
            "num_partial_branches": 1,
            "covered_branches": 27,
            "missing_branches": 1
          },
          "missing_lines": [275, 302],
          "excluded_lines": [],
          "executed_branches": [
            [162, 164],
            [162, 172],
            [174, 175],
            [174, 176],
            [176, 177],
            [176, 178],
            [178, 179],
            [178, 180],
            [180, 182],
            [180, 190],
            [226, 227],
            [226, 230],
            [230, 231],
            [230, 232],
            [232, 233],
            [232, 234],
            [234, 235],
            [234, 237],
            [270, 271],
            [270, 273],
            [274, 278],
            [294, 295],
            [294, 296],
            [309, 310],
            [309, 316],
            [310, 311],
            [310, 314]
          ],
          "missing_branches": [[274, 275]]
        },
        "FlextMeltanoCli.flext_meltano_run_command.MockResult": {
          "executed_lines": [280, 281, 282],
          "summary": {
            "covered_lines": 3,
            "num_statements": 3,
            "percent_covered": 100.0,
            "percent_covered_display": "100",
            "missing_lines": 0,
            "excluded_lines": 0,
            "num_branches": 0,
            "num_partial_branches": 0,
            "covered_branches": 0,
            "missing_branches": 0
          },
          "missing_lines": [],
          "excluded_lines": [],
          "executed_branches": [],
          "missing_branches": []
        },
        "": {
          "executed_lines": [
            1, 136, 138, 139, 141, 143, 149, 150, 152, 156, 197, 206, 215, 224,
            244, 252, 306, 318, 323, 333, 337, 338, 339, 342, 343, 344, 347
          ],
          "summary": {
            "covered_lines": 25,
            "num_statements": 25,
            "percent_covered": 100.0,
            "percent_covered_display": "100",
            "missing_lines": 0,
            "excluded_lines": 0,
            "num_branches": 0,
            "num_partial_branches": 0,
            "covered_branches": 0,
            "missing_branches": 0
          },
          "missing_lines": [],
          "excluded_lines": [],
          "executed_branches": [],
          "missing_branches": []
        }
      }
    },
    "src/flext_meltano/common.py": {
      "executed_lines": [1, 40, 42, 43, 46, 73, 100, 129],
      "summary": {
        "covered_lines": 7,
        "num_statements": 33,
        "percent_covered": 14.285714285714286,
        "percent_covered_display": "14",
        "missing_lines": 26,
        "excluded_lines": 0,
        "num_branches": 16,
        "num_partial_branches": 0,
        "covered_branches": 0,
        "missing_branches": 16
      },
      "missing_lines": [
        56, 57, 59, 62, 63, 66, 67, 68, 70, 83, 84, 86, 89, 90, 93, 94, 95, 97,
        116, 117, 119, 120, 123, 124, 125, 126
      ],
      "excluded_lines": [],
      "executed_branches": [],
      "missing_branches": [
        [56, 57],
        [56, 59],
        [62, 63],
        [62, 66],
        [67, 68],
        [67, 70],
        [83, 84],
        [83, 86],
        [89, 90],
        [89, 93],
        [94, 95],
        [94, 97],
        [116, 117],
        [116, 119],
        [119, 120],
        [119, 123]
      ],
      "functions": {
        "validate_directory_path": {
          "executed_lines": [],
          "summary": {
            "covered_lines": 0,
            "num_statements": 9,
            "percent_covered": 0.0,
            "percent_covered_display": "0",
            "missing_lines": 9,
            "excluded_lines": 0,
            "num_branches": 6,
            "num_partial_branches": 0,
            "covered_branches": 0,
            "missing_branches": 6
          },
          "missing_lines": [56, 57, 59, 62, 63, 66, 67, 68, 70],
          "excluded_lines": [],
          "executed_branches": [],
          "missing_branches": [
            [56, 57],
            [56, 59],
            [62, 63],
            [62, 66],
            [67, 68],
            [67, 70]
          ]
        },
        "validate_file_path": {
          "executed_lines": [],
          "summary": {
            "covered_lines": 0,
            "num_statements": 9,
            "percent_covered": 0.0,
            "percent_covered_display": "0",
            "missing_lines": 9,
            "excluded_lines": 0,
            "num_branches": 6,
            "num_partial_branches": 0,
            "covered_branches": 0,
            "missing_branches": 6
          },
          "missing_lines": [83, 84, 86, 89, 90, 93, 94, 95, 97],
          "excluded_lines": [],
          "executed_branches": [],
          "missing_branches": [
            [83, 84],
            [83, 86],
            [89, 90],
            [89, 93],
            [94, 95],
            [94, 97]
          ]
        },
        "validate_config_value": {
          "executed_lines": [],
          "summary": {
            "covered_lines": 0,
            "num_statements": 8,
            "percent_covered": 0.0,
            "percent_covered_display": "0",
            "missing_lines": 8,
            "excluded_lines": 0,
            "num_branches": 4,
            "num_partial_branches": 0,
            "covered_branches": 0,
            "missing_branches": 4
          },
          "missing_lines": [116, 117, 119, 120, 123, 124, 125, 126],
          "excluded_lines": [],
          "executed_branches": [],
          "missing_branches": [
            [116, 117],
            [116, 119],
            [119, 120],
            [119, 123]
          ]
        },
        "": {
          "executed_lines": [1, 40, 42, 43, 46, 73, 100, 129],
          "summary": {
            "covered_lines": 7,
            "num_statements": 7,
            "percent_covered": 100.0,
            "percent_covered_display": "100",
            "missing_lines": 0,
            "excluded_lines": 0,
            "num_branches": 0,
            "num_partial_branches": 0,
            "covered_branches": 0,
            "missing_branches": 0
          },
          "missing_lines": [],
          "excluded_lines": [],
          "executed_branches": [],
          "missing_branches": []
        }
      },
      "classes": {
        "": {
          "executed_lines": [1, 40, 42, 43, 46, 73, 100, 129],
          "summary": {
            "covered_lines": 7,
            "num_statements": 33,
            "percent_covered": 14.285714285714286,
            "percent_covered_display": "14",
            "missing_lines": 26,
            "excluded_lines": 0,
            "num_branches": 16,
            "num_partial_branches": 0,
            "covered_branches": 0,
            "missing_branches": 16
          },
          "missing_lines": [
            56, 57, 59, 62, 63, 66, 67, 68, 70, 83, 84, 86, 89, 90, 93, 94, 95,
            97, 116, 117, 119, 120, 123, 124, 125, 126
          ],
          "excluded_lines": [],
          "executed_branches": [],
          "missing_branches": [
            [56, 57],
            [56, 59],
            [62, 63],
            [62, 66],
            [67, 68],
            [67, 70],
            [83, 84],
            [83, 86],
            [89, 90],
            [89, 93],
            [94, 95],
            [94, 97],
            [116, 117],
            [116, 119],
            [119, 120],
            [119, 123]
          ]
        }
      }
    },
    "src/flext_meltano/common_schemas.py": {
      "executed_lines": [],
      "summary": {
        "covered_lines": 0,
        "num_statements": 41,
        "percent_covered": 0.0,
        "percent_covered_display": "0",
        "missing_lines": 41,
        "excluded_lines": 0,
        "num_branches": 14,
        "num_partial_branches": 0,
        "covered_branches": 0,
        "missing_branches": 14
      },
      "missing_lines": [
        297, 299, 301, 304, 308, 342, 357, 398, 420, 455, 484, 518, 519, 538,
        539, 540, 541, 542, 543, 544, 545, 546, 547, 549, 552, 555, 556, 558,
        559, 561, 565, 569, 576, 580, 587, 591, 598, 602, 609, 613, 621
      ],
      "excluded_lines": [],
      "executed_branches": [],
      "missing_branches": [
        [538, 539],
        [538, 540],
        [540, 541],
        [540, 542],
        [542, 543],
        [542, 544],
        [544, 545],
        [544, 546],
        [546, 547],
        [546, 549],
        [555, 556],
        [555, 558],
        [558, 559],
        [558, 561]
      ],
      "functions": {
        "CommonSingerSchemas.create_tap_schema": {
          "executed_lines": [],
          "summary": {
            "covered_lines": 0,
            "num_statements": 17,
            "percent_covered": 0.0,
            "percent_covered_display": "0",
            "missing_lines": 17,
            "excluded_lines": 0,
            "num_branches": 14,
            "num_partial_branches": 0,
            "covered_branches": 0,
            "missing_branches": 14
          },
          "missing_lines": [
            538, 539, 540, 541, 542, 543, 544, 545, 546, 547, 549, 552, 555,
            556, 558, 559, 561
          ],
          "excluded_lines": [],
          "executed_branches": [],
          "missing_branches": [
            [538, 539],
            [538, 540],
            [540, 541],
            [540, 542],
            [542, 543],
            [542, 544],
            [544, 545],
            [544, 546],
            [546, 547],
            [546, 549],
            [555, 556],
            [555, 558],
            [558, 559],
            [558, 561]
          ]
        },
        "create_oracle_tap_schema": {
          "executed_lines": [],
          "summary": {
            "covered_lines": 0,
            "num_statements": 1,
            "percent_covered": 0.0,
            "percent_covered_display": "0",
            "missing_lines": 1,
            "excluded_lines": 0,
            "num_branches": 0,
            "num_partial_branches": 0,
            "covered_branches": 0,
            "missing_branches": 0
          },
          "missing_lines": [569],
          "excluded_lines": [],
          "executed_branches": [],
          "missing_branches": []
        },
        "create_ldap_tap_schema": {
          "executed_lines": [],
          "summary": {
            "covered_lines": 0,
            "num_statements": 1,
            "percent_covered": 0.0,
            "percent_covered_display": "0",
            "missing_lines": 1,
            "excluded_lines": 0,
            "num_branches": 0,
            "num_partial_branches": 0,
            "covered_branches": 0,
            "missing_branches": 0
          },
          "missing_lines": [580],
          "excluded_lines": [],
          "executed_branches": [],
          "missing_branches": []
        },
        "create_file_tap_schema": {
          "executed_lines": [],
          "summary": {
            "covered_lines": 0,
            "num_statements": 1,
            "percent_covered": 0.0,
            "percent_covered_display": "0",
            "missing_lines": 1,
            "excluded_lines": 0,
            "num_branches": 0,
            "num_partial_branches": 0,
            "covered_branches": 0,
            "missing_branches": 0
          },
          "missing_lines": [591],
          "excluded_lines": [],
          "executed_branches": [],
          "missing_branches": []
        },
        "create_oauth2_api_tap_schema": {
          "executed_lines": [],
          "summary": {
            "covered_lines": 0,
            "num_statements": 1,
            "percent_covered": 0.0,
            "percent_covered_display": "0",
            "missing_lines": 1,
            "excluded_lines": 0,
            "num_branches": 0,
            "num_partial_branches": 0,
            "covered_branches": 0,
            "missing_branches": 0
          },
          "missing_lines": [602],
          "excluded_lines": [],
          "executed_branches": [],
          "missing_branches": []
        },
        "create_oracle_oic_tap_schema": {
          "executed_lines": [],
          "summary": {
            "covered_lines": 0,
            "num_statements": 1,
            "percent_covered": 0.0,
            "percent_covered_display": "0",
            "missing_lines": 1,
            "excluded_lines": 0,
            "num_branches": 0,
            "num_partial_branches": 0,
            "covered_branches": 0,
            "missing_branches": 0
          },
          "missing_lines": [613],
          "excluded_lines": [],
          "executed_branches": [],
          "missing_branches": []
        },
        "": {
          "executed_lines": [],
          "summary": {
            "covered_lines": 0,
            "num_statements": 19,
            "percent_covered": 0.0,
            "percent_covered_display": "0",
            "missing_lines": 19,
            "excluded_lines": 0,
            "num_branches": 0,
            "num_partial_branches": 0,
            "covered_branches": 0,
            "missing_branches": 0
          },
          "missing_lines": [
            297, 299, 301, 304, 308, 342, 357, 398, 420, 455, 484, 518, 519,
            565, 576, 587, 598, 609, 621
          ],
          "excluded_lines": [],
          "executed_branches": [],
          "missing_branches": []
        }
      },
      "classes": {
        "CommonSingerSchemas": {
          "executed_lines": [],
          "summary": {
            "covered_lines": 0,
            "num_statements": 17,
            "percent_covered": 0.0,
            "percent_covered_display": "0",
            "missing_lines": 17,
            "excluded_lines": 0,
            "num_branches": 14,
            "num_partial_branches": 0,
            "covered_branches": 0,
            "missing_branches": 14
          },
          "missing_lines": [
            538, 539, 540, 541, 542, 543, 544, 545, 546, 547, 549, 552, 555,
            556, 558, 559, 561
          ],
          "excluded_lines": [],
          "executed_branches": [],
          "missing_branches": [
            [538, 539],
            [538, 540],
            [540, 541],
            [540, 542],
            [542, 543],
            [542, 544],
            [544, 545],
            [544, 546],
            [546, 547],
            [546, 549],
            [555, 556],
            [555, 558],
            [558, 559],
            [558, 561]
          ]
        },
        "": {
          "executed_lines": [],
          "summary": {
            "covered_lines": 0,
            "num_statements": 24,
            "percent_covered": 0.0,
            "percent_covered_display": "0",
            "missing_lines": 24,
            "excluded_lines": 0,
            "num_branches": 0,
            "num_partial_branches": 0,
            "covered_branches": 0,
            "missing_branches": 0
          },
          "missing_lines": [
            297, 299, 301, 304, 308, 342, 357, 398, 420, 455, 484, 518, 519,
            565, 569, 576, 580, 587, 591, 598, 602, 609, 613, 621
          ],
          "excluded_lines": [],
          "executed_branches": [],
          "missing_branches": []
        }
      }
    },
    "src/flext_meltano/container.py": {
      "executed_lines": [
        1, 285, 287, 289, 296, 299, 305, 306, 307, 308, 310, 318, 319, 324, 329,
        347, 357, 378, 405, 420, 446, 492, 538, 586, 589, 608, 638
      ],
      "summary": {
        "covered_lines": 25,
        "num_statements": 128,
        "percent_covered": 15.69767441860465,
        "percent_covered_display": "16",
        "missing_lines": 103,
        "excluded_lines": 0,
        "num_branches": 44,
        "num_partial_branches": 2,
        "covered_branches": 2,
        "missing_branches": 42
      },
      "missing_lines": [
        297, 311, 315, 326, 327, 331, 333, 336, 339, 341, 342, 344, 345, 350,
        351, 360, 366, 372, 381, 387, 393, 399, 415, 416, 418, 435, 436, 441,
        443, 444, 459, 460, 461, 462, 463, 468, 469, 470, 471, 473, 474, 475,
        478, 479, 480, 483, 487, 489, 490, 505, 506, 507, 508, 509, 514, 515,
        516, 517, 519, 520, 521, 524, 525, 526, 529, 533, 535, 536, 551, 552,
        553, 554, 555, 560, 561, 562, 563, 565, 566, 567, 570, 571, 572, 575,
        579, 581, 582, 597, 598, 600, 601, 602, 603, 605, 620, 621, 623, 624,
        628, 629, 631, 633, 634
      ],
      "excluded_lines": [],
      "executed_branches": [
        [296, 299],
        [310, 318]
      ],
      "missing_branches": [
        [296, 297],
        [310, 311],
        [415, 416],
        [415, 418],
        [460, 461],
        [460, 473],
        [462, 463],
        [462, 468],
        [469, 470],
        [469, 471],
        [474, 475],
        [474, 478],
        [479, 480],
        [479, 483],
        [506, 507],
        [506, 519],
        [508, 509],
        [508, 514],
        [515, 516],
        [515, 517],
        [520, 521],
        [520, 524],
        [525, 526],
        [525, 529],
        [552, 553],
        [552, 565],
        [554, 555],
        [554, 560],
        [561, 562],
        [561, 563],
        [566, 567],
        [566, 570],
        [571, 572],
        [571, 575],
        [597, 598],
        [597, 605],
        [601, 602],
        [601, 605],
        [623, 624],
        [623, 631],
        [628, 629],
        [628, 631]
      ],
      "functions": {
        "FlextMeltanoContainer.__init__": {
          "executed_lines": [],
          "summary": {
            "covered_lines": 0,
            "num_statements": 2,
            "percent_covered": 0.0,
            "percent_covered_display": "0",
            "missing_lines": 2,
            "excluded_lines": 0,
            "num_branches": 0,
            "num_partial_branches": 0,
            "covered_branches": 0,
            "missing_branches": 0
          },
          "missing_lines": [326, 327],
          "excluded_lines": [],
          "executed_branches": [],
          "missing_branches": []
        },
        "FlextMeltanoContainer.initialize": {
          "executed_lines": [],
          "summary": {
            "covered_lines": 0,
            "num_statements": 8,
            "percent_covered": 0.0,
            "percent_covered_display": "0",
            "missing_lines": 8,
            "excluded_lines": 0,
            "num_branches": 0,
            "num_partial_branches": 0,
            "covered_branches": 0,
            "missing_branches": 0
          },
          "missing_lines": [331, 333, 336, 339, 341, 342, 344, 345],
          "excluded_lines": [],
          "executed_branches": [],
          "missing_branches": []
        },
        "FlextMeltanoContainer._register_core_services": {
          "executed_lines": [],
          "summary": {
            "covered_lines": 0,
            "num_statements": 2,
            "percent_covered": 0.0,
            "percent_covered_display": "0",
            "missing_lines": 2,
            "excluded_lines": 0,
            "num_branches": 0,
            "num_partial_branches": 0,
            "covered_branches": 0,
            "missing_branches": 0
          },
          "missing_lines": [350, 351],
          "excluded_lines": [],
          "executed_branches": [],
          "missing_branches": []
        },
        "FlextMeltanoContainer._register_singer_services": {
          "executed_lines": [],
          "summary": {
            "covered_lines": 0,
            "num_statements": 3,
            "percent_covered": 0.0,
            "percent_covered_display": "0",
            "missing_lines": 3,
            "excluded_lines": 0,
            "num_branches": 0,
            "num_partial_branches": 0,
            "covered_branches": 0,
            "missing_branches": 0
          },
          "missing_lines": [360, 366, 372],
          "excluded_lines": [],
          "executed_branches": [],
          "missing_branches": []
        },
        "FlextMeltanoContainer._register_operational_services": {
          "executed_lines": [],
          "summary": {
            "covered_lines": 0,
            "num_statements": 4,
            "percent_covered": 0.0,
            "percent_covered_display": "0",
            "missing_lines": 4,
            "excluded_lines": 0,
            "num_branches": 0,
            "num_partial_branches": 0,
            "covered_branches": 0,
            "missing_branches": 0
          },
          "missing_lines": [381, 387, 393, 399],
          "excluded_lines": [],
          "executed_branches": [],
          "missing_branches": []
        },
        "FlextMeltanoContainer.get_service": {
          "executed_lines": [],
          "summary": {
            "covered_lines": 0,
            "num_statements": 3,
            "percent_covered": 0.0,
            "percent_covered_display": "0",
            "missing_lines": 3,
            "excluded_lines": 0,
            "num_branches": 2,
            "num_partial_branches": 0,
            "covered_branches": 0,
            "missing_branches": 2
          },
          "missing_lines": [415, 416, 418],
          "excluded_lines": [],
          "executed_branches": [],
          "missing_branches": [
            [415, 416],
            [415, 418]
          ]
        },
        "FlextMeltanoContainer.register_service": {
          "executed_lines": [],
          "summary": {
            "covered_lines": 0,
            "num_statements": 5,
            "percent_covered": 0.0,
            "percent_covered_display": "0",
            "missing_lines": 5,
            "excluded_lines": 0,
            "num_branches": 0,
            "num_partial_branches": 0,
            "covered_branches": 0,
            "missing_branches": 0
          },
          "missing_lines": [435, 436, 441, 443, 444],
          "excluded_lines": [],
          "executed_branches": [],
          "missing_branches": []
        },
        "FlextMeltanoContainer.create_tap_service": {
          "executed_lines": [],
          "summary": {
            "covered_lines": 0,
            "num_statements": 19,
            "percent_covered": 0.0,
            "percent_covered_display": "0",
            "missing_lines": 19,
            "excluded_lines": 0,
            "num_branches": 10,
            "num_partial_branches": 0,
            "covered_branches": 0,
            "missing_branches": 10
          },
          "missing_lines": [
            459, 460, 461, 462, 463, 468, 469, 470, 471, 473, 474, 475, 478,
            479, 480, 483, 487, 489, 490
          ],
          "excluded_lines": [],
          "executed_branches": [],
          "missing_branches": [
            [460, 461],
            [460, 473],
            [462, 463],
            [462, 468],
            [469, 470],
            [469, 471],
            [474, 475],
            [474, 478],
            [479, 480],
            [479, 483]
          ]
        },
        "FlextMeltanoContainer.create_target_service": {
          "executed_lines": [],
          "summary": {
            "covered_lines": 0,
            "num_statements": 19,
            "percent_covered": 0.0,
            "percent_covered_display": "0",
            "missing_lines": 19,
            "excluded_lines": 0,
            "num_branches": 10,
            "num_partial_branches": 0,
            "covered_branches": 0,
            "missing_branches": 10
          },
          "missing_lines": [
            505, 506, 507, 508, 509, 514, 515, 516, 517, 519, 520, 521, 524,
            525, 526, 529, 533, 535, 536
          ],
          "excluded_lines": [],
          "executed_branches": [],
          "missing_branches": [
            [506, 507],
            [506, 519],
            [508, 509],
            [508, 514],
            [515, 516],
            [515, 517],
            [520, 521],
            [520, 524],
            [525, 526],
            [525, 529]
          ]
        },
        "FlextMeltanoContainer.create_executor": {
          "executed_lines": [],
          "summary": {
            "covered_lines": 0,
            "num_statements": 19,
            "percent_covered": 0.0,
            "percent_covered_display": "0",
            "missing_lines": 19,
            "excluded_lines": 0,
            "num_branches": 10,
            "num_partial_branches": 0,
            "covered_branches": 0,
            "missing_branches": 10
          },
          "missing_lines": [
            551, 552, 553, 554, 555, 560, 561, 562, 563, 565, 566, 567, 570,
            571, 572, 575, 579, 581, 582
          ],
          "excluded_lines": [],
          "executed_branches": [],
          "missing_branches": [
            [552, 553],
            [552, 565],
            [554, 555],
            [554, 560],
            [561, 562],
            [561, 563],
            [566, 567],
            [566, 570],
            [571, 572],
            [571, 575]
          ]
        },
        "get_meltano_container": {
          "executed_lines": [],
          "summary": {
            "covered_lines": 0,
            "num_statements": 7,
            "percent_covered": 0.0,
            "percent_covered_display": "0",
            "missing_lines": 7,
            "excluded_lines": 0,
            "num_branches": 4,
            "num_partial_branches": 0,
            "covered_branches": 0,
            "missing_branches": 4
          },
          "missing_lines": [597, 598, 600, 601, 602, 603, 605],
          "excluded_lines": [],
          "executed_branches": [],
          "missing_branches": [
            [597, 598],
            [597, 605],
            [601, 602],
            [601, 605]
          ]
        },
        "configure_meltano_container": {
          "executed_lines": [],
          "summary": {
            "covered_lines": 0,
            "num_statements": 9,
            "percent_covered": 0.0,
            "percent_covered_display": "0",
            "missing_lines": 9,
            "excluded_lines": 0,
            "num_branches": 4,
            "num_partial_branches": 0,
            "covered_branches": 0,
            "missing_branches": 4
          },
          "missing_lines": [620, 621, 623, 624, 628, 629, 631, 633, 634],
          "excluded_lines": [],
          "executed_branches": [],
          "missing_branches": [
            [623, 624],
            [623, 631],
            [628, 629],
            [628, 631]
          ]
        },
        "": {
          "executed_lines": [
            1, 285, 287, 289, 296, 299, 305, 306, 307, 308, 310, 318, 319, 324,
            329, 347, 357, 378, 405, 420, 446, 492, 538, 586, 589, 608, 638
          ],
          "summary": {
            "covered_lines": 25,
            "num_statements": 28,
            "percent_covered": 84.375,
            "percent_covered_display": "84",
            "missing_lines": 3,
            "excluded_lines": 0,
            "num_branches": 4,
            "num_partial_branches": 2,
            "covered_branches": 2,
            "missing_branches": 2
          },
          "missing_lines": [297, 311, 315],
          "excluded_lines": [],
          "executed_branches": [
            [296, 299],
            [310, 318]
          ],
          "missing_branches": [
            [296, 297],
            [310, 311]
          ]
        }
      },
      "classes": {
        "FlextMeltanoContainer": {
          "executed_lines": [],
          "summary": {
            "covered_lines": 0,
            "num_statements": 84,
            "percent_covered": 0.0,
            "percent_covered_display": "0",
            "missing_lines": 84,
            "excluded_lines": 0,
            "num_branches": 32,
            "num_partial_branches": 0,
            "covered_branches": 0,
            "missing_branches": 32
          },
          "missing_lines": [
            326, 327, 331, 333, 336, 339, 341, 342, 344, 345, 350, 351, 360,
            366, 372, 381, 387, 393, 399, 415, 416, 418, 435, 436, 441, 443,
            444, 459, 460, 461, 462, 463, 468, 469, 470, 471, 473, 474, 475,
            478, 479, 480, 483, 487, 489, 490, 505, 506, 507, 508, 509, 514,
[...]
            [376, 377],
            [376, 379],
            [383, 387],
            [392, 393]
          ],
          "missing_branches": [
            [359, 365],
            [383, 384],
            [392, 397]
          ]
        },
        "FlextMeltanoValidationService.test_tap_connection": {
          "executed_lines": [418, 419, 425, 427, 432, 433, 436],
          "summary": {
            "covered_lines": 7,
            "num_statements": 9,
            "percent_covered": 76.92307692307692,
            "percent_covered_display": "77",
            "missing_lines": 2,
            "excluded_lines": 0,
            "num_branches": 4,
            "num_partial_branches": 1,
            "covered_branches": 3,
            "missing_branches": 1
          },
          "missing_lines": [438, 439],
          "excluded_lines": [],
          "executed_branches": [
            [418, 419],
            [432, 433],
            [432, 436]
          ],
          "missing_branches": [[418, 425]]
        },
        "FlextMeltanoValidationService._test_connection_subprocess": {
          "executed_lines": [
            448, 450, 451, 452, 457, 459, 466, 467, 471, 472, 473, 479, 480,
            488, 489, 491, 499
          ],
          "summary": {
            "covered_lines": 17,
            "num_statements": 23,
            "percent_covered": 74.07407407407408,
            "percent_covered_display": "74",
            "missing_lines": 6,
            "excluded_lines": 0,
            "num_branches": 4,
            "num_partial_branches": 1,
            "covered_branches": 3,
            "missing_branches": 1
          },
          "missing_lines": [474, 475, 476, 477, 501, 502],
          "excluded_lines": [],
          "executed_branches": [
            [451, 452],
            [451, 457],
            [488, 489]
          ],
          "missing_branches": [[488, 491]]
        },
        "FlextMeltanoValidationService._test_connection_direct": {
          "executed_lines": [511, 512, 513, 514, 521, 523, 524, 537, 546],
          "summary": {
            "covered_lines": 9,
            "num_statements": 21,
            "percent_covered": 35.483870967741936,
            "percent_covered_display": "35",
            "missing_lines": 12,
            "excluded_lines": 0,
            "num_branches": 10,
            "num_partial_branches": 2,
            "covered_branches": 2,
            "missing_branches": 8
          },
          "missing_lines": [
            522, 527, 528, 529, 530, 531, 532, 533, 534, 535, 548, 549
          ],
          "excluded_lines": [],
          "executed_branches": [
            [521, 523],
            [523, 524]
          ],
          "missing_branches": [
            [521, 522],
            [523, 527],
            [530, 531],
            [530, 532],
            [532, 533],
            [532, 534],
            [534, 535],
            [534, 537]
          ]
        },
        "FlextMeltanoValidationService._validate_config_type": {
          "executed_lines": [],
          "summary": {
            "covered_lines": 0,
            "num_statements": 14,
            "percent_covered": 0.0,
            "percent_covered_display": "0",
            "missing_lines": 14,
            "excluded_lines": 0,
            "num_branches": 2,
            "num_partial_branches": 0,
            "covered_branches": 0,
            "missing_branches": 2
          },
          "missing_lines": [
            561, 562, 563, 566, 567, 568, 570, 571, 572, 574, 575, 579, 586, 590
          ],
          "excluded_lines": [],
          "executed_branches": [],
          "missing_branches": [
            [574, 575],
            [574, 579]
          ]
        },
        "FlextMeltanoValidationService.validate_tap_config": {
          "executed_lines": [
            603, 604, 609, 610, 611, 612, 619, 620, 621, 622, 623, 624, 625,
            626, 630, 639
          ],
          "summary": {
            "covered_lines": 16,
            "num_statements": 19,
            "percent_covered": 82.75862068965517,
            "percent_covered_display": "83",
            "missing_lines": 3,
            "excluded_lines": 0,
            "num_branches": 10,
            "num_partial_branches": 2,
            "covered_branches": 8,
            "missing_branches": 2
          },
          "missing_lines": [628, 641, 642],
          "excluded_lines": [],
          "executed_branches": [
            [603, 604],
            [619, 620],
            [619, 621],
            [621, 622],
            [621, 623],
            [623, 624],
            [623, 625],
            [625, 626]
          ],
          "missing_branches": [
            [603, 609],
            [625, 628]
          ]
        },
        "FlextMeltanoValidationService._validate_empty_config": {
          "executed_lines": [650, 651],
          "summary": {
            "covered_lines": 2,
            "num_statements": 2,
            "percent_covered": 100.0,
            "percent_covered_display": "100",
            "missing_lines": 0,
            "excluded_lines": 0,
            "num_branches": 0,
            "num_partial_branches": 0,
            "covered_branches": 0,
            "missing_branches": 0
          },
          "missing_lines": [],
          "excluded_lines": [],
          "executed_branches": [],
          "missing_branches": []
        },
        "FlextMeltanoValidationService._validate_file_config": {
          "executed_lines": [660, 661, 662, 664, 665, 666, 667],
          "summary": {
            "covered_lines": 7,
            "num_statements": 9,
            "percent_covered": 70.58823529411765,
            "percent_covered_display": "71",
            "missing_lines": 2,
            "excluded_lines": 0,
            "num_branches": 8,
            "num_partial_branches": 3,
            "covered_branches": 5,
            "missing_branches": 3
          },
          "missing_lines": [663, 668],
          "excluded_lines": [],
          "executed_branches": [
            [662, 664],
            [664, 665],
            [666, -653],
            [666, 667],
            [667, 666]
          ],
          "missing_branches": [
            [662, 663],
            [664, -653],
            [667, 668]
          ]
        },
        "FlextMeltanoValidationService._validate_database_config": {
          "executed_lines": [678, 679, 680, 681, 682, 685, 686],
          "summary": {
            "covered_lines": 7,
            "num_statements": 7,
            "percent_covered": 100.0,
            "percent_covered_display": "100",
            "missing_lines": 0,
            "excluded_lines": 0,
            "num_branches": 4,
            "num_partial_branches": 0,
            "covered_branches": 4,
            "missing_branches": 0
          },
          "missing_lines": [],
          "excluded_lines": [],
          "executed_branches": [
            [681, 682],
            [681, 685],
            [685, -670],
            [685, 686]
          ],
          "missing_branches": []
        },
        "FlextMeltanoValidationService._validate_api_config": {
          "executed_lines": [698, 701, 702, 703, 704, 706, 710],
          "summary": {
            "covered_lines": 7,
            "num_statements": 9,
            "percent_covered": 69.23076923076923,
            "percent_covered_display": "69",
            "missing_lines": 2,
            "excluded_lines": 0,
            "num_branches": 4,
            "num_partial_branches": 2,
            "covered_branches": 2,
            "missing_branches": 2
          },
          "missing_lines": [707, 711],
          "excluded_lines": [],
          "executed_branches": [
            [706, 710],
            [710, -690]
          ],
          "missing_branches": [
            [706, 707],
            [710, 711]
          ]
        },
        "FlextMeltanoValidationService._validate_custom_config": {
          "executed_lines": [],
          "summary": {
            "covered_lines": 0,
            "num_statements": 3,
            "percent_covered": 0.0,
            "percent_covered_display": "0",
            "missing_lines": 3,
            "excluded_lines": 0,
            "num_branches": 2,
            "num_partial_branches": 0,
            "covered_branches": 0,
            "missing_branches": 2
          },
          "missing_lines": [722, 723, 724],
          "excluded_lines": [],
          "executed_branches": [],
          "missing_branches": [
            [723, -715],
            [723, 724]
          ]
        },
        "flext_meltano_validate_project": {
          "executed_lines": [742, 749, 752, 755, 756, 757, 758, 760, 772],
          "summary": {
            "covered_lines": 9,
            "num_statements": 11,
            "percent_covered": 73.33333333333333,
            "percent_covered_display": "73",
            "missing_lines": 2,
            "excluded_lines": 0,
            "num_branches": 4,
            "num_partial_branches": 2,
            "covered_branches": 2,
            "missing_branches": 2
          },
          "missing_lines": [759, 773],
          "excluded_lines": [],
          "executed_branches": [
            [756, 757],
            [758, 760]
          ],
          "missing_branches": [
            [756, 773],
            [758, 759]
          ]
        },
        "flext_meltano_test_tap_connection": {
          "executed_lines": [792, 799, 802, 805, 806, 807, 808, 810, 819, 821],
          "summary": {
            "covered_lines": 10,
            "num_statements": 13,
            "percent_covered": 68.42105263157895,
            "percent_covered_display": "68",
            "missing_lines": 3,
            "excluded_lines": 0,
            "num_branches": 6,
            "num_partial_branches": 3,
            "covered_branches": 3,
            "missing_branches": 3
          },
          "missing_lines": [809, 820, 822],
          "excluded_lines": [],
          "executed_branches": [
            [806, 807],
            [808, 810],
            [819, 821]
          ],
          "missing_branches": [
            [806, 822],
            [808, 809],
            [819, 820]
          ]
        },
        "flext_meltano_validate_tap_config": {
          "executed_lines": [839, 846, 847, 850, 851, 852, 853, 855, 861],
          "summary": {
            "covered_lines": 9,
            "num_statements": 11,
            "percent_covered": 73.33333333333333,
            "percent_covered_display": "73",
            "missing_lines": 2,
            "excluded_lines": 0,
            "num_branches": 4,
            "num_partial_branches": 2,
            "covered_branches": 2,
            "missing_branches": 2
          },
          "missing_lines": [854, 862],
          "excluded_lines": [],
          "executed_branches": [
            [851, 852],
            [853, 855]
          ],
          "missing_branches": [
            [851, 862],
            [853, 854]
          ]
        },
        "create_validation_service": {
          "executed_lines": [872, 873, 874, 875, 880],
          "summary": {
            "covered_lines": 5,
            "num_statements": 8,
            "percent_covered": 60.0,
            "percent_covered_display": "60",
            "missing_lines": 3,
            "excluded_lines": 0,
            "num_branches": 2,
            "num_partial_branches": 1,
            "covered_branches": 1,
            "missing_branches": 1
          },
          "missing_lines": [876, 881, 882],
          "excluded_lines": [],
          "executed_branches": [[875, 880]],
          "missing_branches": [[875, 876]]
        },
        "": {
          "executed_lines": [
            1, 253, 255, 256, 257, 258, 259, 260, 263, 265, 266, 274, 277, 278,
            283, 284, 286, 287, 288, 289, 290, 291, 293, 294, 296, 299, 300,
            302, 303, 304, 305, 306, 307, 308, 310, 311, 313, 316, 317, 318,
            320, 326, 339, 344, 354, 411, 441, 504, 551, 596, 644, 653, 670,
            690, 715, 730, 776, 825, 868, 886
          ],
          "summary": {
            "covered_lines": 54,
            "num_statements": 57,
            "percent_covered": 94.73684210526316,
            "percent_covered_display": "95",
            "missing_lines": 3,
            "excluded_lines": 0,
            "num_branches": 0,
            "num_partial_branches": 0,
            "covered_branches": 0,
            "missing_branches": 0
          },
          "missing_lines": [267, 269, 271],
          "excluded_lines": [],
          "executed_branches": [],
          "missing_branches": []
        }
      },
      "classes": {
        "FlextMeltanoValidationContext": {
          "executed_lines": [],
          "summary": {
            "covered_lines": 0,
            "num_statements": 0,
            "percent_covered": 100.0,
            "percent_covered_display": "100",
            "missing_lines": 0,
            "excluded_lines": 0,
            "num_branches": 0,
            "num_partial_branches": 0,
            "covered_branches": 0,
            "missing_branches": 0
          },
          "missing_lines": [],
          "excluded_lines": [],
          "executed_branches": [],
          "missing_branches": []
        },
        "FlextMeltanoValidationContext.Config": {
          "executed_lines": [],
          "summary": {
            "covered_lines": 0,
            "num_statements": 0,
            "percent_covered": 100.0,
            "percent_covered_display": "100",
            "missing_lines": 0,
            "excluded_lines": 0,
            "num_branches": 0,
            "num_partial_branches": 0,
            "covered_branches": 0,
            "missing_branches": 0
          },
          "missing_lines": [],
          "excluded_lines": [],
          "executed_branches": [],
          "missing_branches": []
        },
        "FlextMeltanoValidationResult": {
          "executed_lines": [],
          "summary": {
            "covered_lines": 0,
            "num_statements": 0,
            "percent_covered": 100.0,
            "percent_covered_display": "100",
            "missing_lines": 0,
            "excluded_lines": 0,
            "num_branches": 0,
            "num_partial_branches": 0,
            "covered_branches": 0,
            "missing_branches": 0
          },
          "missing_lines": [],
          "excluded_lines": [],
          "executed_branches": [],
          "missing_branches": []
        },
        "FlextMeltanoValidationResult.Config": {
          "executed_lines": [],
          "summary": {
            "covered_lines": 0,
            "num_statements": 0,
            "percent_covered": 100.0,
            "percent_covered_display": "100",
            "missing_lines": 0,
            "excluded_lines": 0,
            "num_branches": 0,
            "num_partial_branches": 0,
            "covered_branches": 0,
            "missing_branches": 0
          },
          "missing_lines": [],
          "excluded_lines": [],
          "executed_branches": [],
          "missing_branches": []
        },
        "FlextMeltanoValidationService": {
          "executed_lines": [
            322, 323, 324, 341, 342, 346, 359, 360, 365, 366, 367, 368, 375,
            376, 377, 379, 382, 383, 387, 390, 391, 392, 393, 397, 406, 418,
            419, 425, 427, 432, 433, 436, 448, 450, 451, 452, 457, 459, 466,
            467, 471, 472, 473, 479, 480, 488, 489, 491, 499, 511, 512, 513,
            514, 521, 523, 524, 537, 546, 603, 604, 609, 610, 611, 612, 619,
            620, 621, 622, 623, 624, 625, 626, 630, 639, 650, 651, 660, 661,
            662, 664, 665, 666, 667, 678, 679, 680, 681, 682, 685, 686, 698,
            701, 702, 703, 704, 706, 710
          ],
          "summary": {
            "covered_lines": 97,
            "num_statements": 151,
            "percent_covered": 61.72248803827751,
            "percent_covered_display": "62",
            "missing_lines": 54,
            "excluded_lines": 0,
            "num_branches": 58,
            "num_partial_branches": 14,
            "covered_branches": 32,
            "missing_branches": 26
          },
          "missing_lines": [
            328, 330, 331, 335, 336, 337, 384, 385, 408, 409, 438, 439, 474,
            475, 476, 477, 501, 502, 522, 527, 528, 529, 530, 531, 532, 533,
            534, 535, 548, 549, 561, 562, 563, 566, 567, 568, 570, 571, 572,
            574, 575, 579, 586, 590, 628, 641, 642, 663, 668, 707, 711, 722,
            723, 724
          ],
          "excluded_lines": [],
          "executed_branches": [
            [359, 360],
            [376, 377],
            [376, 379],
            [383, 387],
            [392, 393],
            [418, 419],
            [432, 433],
            [432, 436],
            [451, 452],
            [451, 457],
            [488, 489],
            [521, 523],
            [523, 524],
            [603, 604],
            [619, 620],
            [619, 621],
            [621, 622],
            [621, 623],
            [623, 624],
            [623, 625],
            [625, 626],
            [662, 664],
            [664, 665],
            [666, -653],
            [666, 667],
            [667, 666],
            [681, 682],
            [681, 685],
            [685, -670],
            [685, 686],
            [706, 710],
            [710, -690]
          ],
          "missing_branches": [
            [330, 331],
            [330, 335],
            [359, 365],
            [383, 384],
            [392, 397],
            [418, 425],
            [488, 491],
            [521, 522],
            [523, 527],
            [530, 531],
            [530, 532],
            [532, 533],
            [532, 534],
            [534, 535],
            [534, 537],
            [574, 575],
            [574, 579],
            [603, 609],
            [625, 628],
            [662, 663],
            [664, -653],
            [667, 668],
            [706, 707],
            [710, 711],
            [723, -715],
            [723, 724]
          ]
        },
        "": {
          "executed_lines": [
            1, 253, 255, 256, 257, 258, 259, 260, 263, 265, 266, 274, 277, 278,
            283, 284, 286, 287, 288, 289, 290, 291, 293, 294, 296, 299, 300,
            302, 303, 304, 305, 306, 307, 308, 310, 311, 313, 316, 317, 318,
            320, 326, 339, 344, 354, 411, 441, 504, 551, 596, 644, 653, 670,
            690, 715, 730, 742, 749, 752, 755, 756, 757, 758, 760, 772, 776,
            792, 799, 802, 805, 806, 807, 808, 810, 819, 821, 825, 839, 846,
            847, 850, 851, 852, 853, 855, 861, 868, 872, 873, 874, 875, 880, 886
          ],
          "summary": {
            "covered_lines": 87,
            "num_statements": 100,
            "percent_covered": 81.89655172413794,
            "percent_covered_display": "82",
            "missing_lines": 13,
            "excluded_lines": 0,
            "num_branches": 16,
            "num_partial_branches": 8,
            "covered_branches": 8,
            "missing_branches": 8
          },
          "missing_lines": [
            267, 269, 271, 759, 773, 809, 820, 822, 854, 862, 876, 881, 882
          ],
          "excluded_lines": [],
          "executed_branches": [
            [756, 757],
            [758, 760],
            [806, 807],
            [808, 810],
            [819, 821],
            [851, 852],
            [853, 855],
            [875, 880]
          ],
          "missing_branches": [
            [756, 773],
            [758, 759],
            [806, 822],
            [808, 809],
            [819, 820],
            [851, 862],
            [853, 854],
            [875, 876]
          ]
        }
      }
    }
  },
  "totals": {
    "covered_lines": 1259,
    "num_statements": 2139,
    "percent_covered": 55.88990825688074,
    "percent_covered_display": "56",
    "missing_lines": 880,
    "excluded_lines": 47,
    "num_branches": 586,
    "num_partial_branches": 70,
    "covered_branches": 264,
    "missing_branches": 322
  }
}
