<?xml version="1.0" encoding="utf-8"?><testsuites name="pytest tests"><testsuite name="pytest" errors="1" failures="0" skipped="0" tests="1" time="1.089" timestamp="2025-07-02T09:10:20.098378-03:00" hostname="tungs"><testcase classname="" name="tests.test_orchestrator" time="0.000"><error message="collection failure">ImportError while importing test module '/home/marlonsc/flext/flext-meltano/tests/test_orchestrator.py'.
Hint: make sure your test modules/packages have valid Python names.
Traceback:
../.venv/lib/python3.13/site-packages/_pytest/python.py:498: in importtestmodule
    mod = import_path(
../.venv/lib/python3.13/site-packages/_pytest/pathlib.py:587: in import_path
    importlib.import_module(module_name)
/usr/lib/python3.13/importlib/__init__.py:88: in import_module
    return _bootstrap._gcd_import(name[level:], package, level)
           ^^^^^^^^^^^^^^^^^^^^^^^^^^^^^^^^^^^^^^^^^^^^^^^^^^^^
&lt;frozen importlib._bootstrap&gt;:1387: in _gcd_import
    ???
&lt;frozen importlib._bootstrap&gt;:1360: in _find_and_load
    ???
&lt;frozen importlib._bootstrap&gt;:1331: in _find_and_load_unlocked
    ???
&lt;frozen importlib._bootstrap&gt;:935: in _load_unlocked
    ???
../.venv/lib/python3.13/site-packages/_pytest/assertion/rewrite.py:186: in exec_module
    exec(co, module.__dict__)
tests/test_orchestrator.py:8: in &lt;module&gt;
    from flext_meltano.models import MeltanoJob, MeltanoSchedule
src/flext_meltano/__init__.py:46: in &lt;module&gt;
    from flext_meltano.unified_anti_corruption_layer import (
src/flext_meltano/unified_anti_corruption_layer.py:42: in &lt;module&gt;
    from flext_core.domain.entities import Pipeline, PipelineExecution, Plugin, PluginType
E   ImportError: cannot import name 'PluginType' from 'flext_core.domain.entities' (/home/marlonsc/flext/flext-core/src/flext_core/domain/entities.py)</error></testcase></testsuite></testsuites>