<?xml version="1.0" encoding="utf-8"?><testsuites name="pytest tests"><testsuite name="pytest" errors="2" failures="0" skipped="0" tests="2" time="1.378" timestamp="2025-07-09T10:34:33.107841-03:00" hostname="tungs"><testcase classname="" name="tests.test_orchestrator" time="0.000"><error message="collection failure">ImportError while importing test module '/home/marlonsc/flext/flext-meltano/tests/test_orchestrator.py'.
Hint: make sure your test modules/packages have valid Python names.
Traceback:
../.venv/lib/python3.13/site-packages/_pytest/python.py:498: in importtestmodule
    mod = import_path(
../.venv/lib/python3.13/site-packages/_pytest/pathlib.py:587: in import_path
    importlib.import_module(module_name)
/usr/lib/python3.13/importlib/__init__.py:88: in import_module
    return _bootstrap._gcd_import(name[level:], package, level)
           ^^^^^^^^^^^^^^^^^^^^^^^^^^^^^^^^^^^^^^^^^^^^^^^^^^^^
&lt;frozen importlib._bootstrap&gt;:1387: in _gcd_import
    ???
&lt;frozen importlib._bootstrap&gt;:1360: in _find_and_load
    ???
&lt;frozen importlib._bootstrap&gt;:1331: in _find_and_load_unlocked
    ???
&lt;frozen importlib._bootstrap&gt;:935: in _load_unlocked
    ???
../.venv/lib/python3.13/site-packages/_pytest/assertion/rewrite.py:186: in exec_module
    exec(co, module.__dict__)
tests/test_orchestrator.py:8: in &lt;module&gt;
    from flext_meltano.models import MeltanoJob, MeltanoSchedule
src/flext_meltano/__init__.py:40: in &lt;module&gt;
    from flext_meltano.orchestrator import FlextMeltanoOrchestrator
src/flext_meltano/orchestrator.py:17: in &lt;module&gt;
    from flext_core.domain.pydantic_base import DomainBaseModel
E   ModuleNotFoundError: No module named 'flext_core.domain.pydantic_base'</error></testcase><testcase classname="" name="tests.test_project_manager" time="0.000"><error message="collection failure">ImportError while importing test module '/home/marlonsc/flext/flext-meltano/tests/test_project_manager.py'.
Hint: make sure your test modules/packages have valid Python names.
Traceback:
../.venv/lib/python3.13/site-packages/_pytest/python.py:498: in importtestmodule
    mod = import_path(
../.venv/lib/python3.13/site-packages/_pytest/pathlib.py:587: in import_path
    importlib.import_module(module_name)
/usr/lib/python3.13/importlib/__init__.py:88: in import_module
    return _bootstrap._gcd_import(name[level:], package, level)
           ^^^^^^^^^^^^^^^^^^^^^^^^^^^^^^^^^^^^^^^^^^^^^^^^^^^^
&lt;frozen importlib._bootstrap&gt;:1387: in _gcd_import
    ???
&lt;frozen importlib._bootstrap&gt;:1360: in _find_and_load
    ???
&lt;frozen importlib._bootstrap&gt;:1331: in _find_and_load_unlocked
    ???
&lt;frozen importlib._bootstrap&gt;:935: in _load_unlocked
    ???
../.venv/lib/python3.13/site-packages/_pytest/assertion/rewrite.py:186: in exec_module
    exec(co, module.__dict__)
tests/test_project_manager.py:11: in &lt;module&gt;
    from flext_meltano.project_manager import (
src/flext_meltano/__init__.py:40: in &lt;module&gt;
    from flext_meltano.orchestrator import FlextMeltanoOrchestrator
src/flext_meltano/orchestrator.py:17: in &lt;module&gt;
    from flext_core.domain.pydantic_base import DomainBaseModel
E   ModuleNotFoundError: No module named 'flext_core.domain.pydantic_base'</error></testcase></testsuite></testsuites>